Rscript forecast_2_estimate_carbon.r
[?2004l── [1mAttaching core tidyverse packages[22m ────────────────────────────────────────────────────────────────────────────────────────────────────────────────────────────────────────────────────── tidyverse 2.0.0 ──
[32m✔[39m [34mdplyr    [39m 1.1.4     [32m✔[39m [34mreadr    [39m 2.1.5
[32m✔[39m [34mforcats  [39m 1.0.0     [32m✔[39m [34mstringr  [39m 1.5.1
[32m✔[39m [34mggplot2  [39m 3.5.1     [32m✔[39m [34mtibble   [39m 3.2.1
[32m✔[39m [34mlubridate[39m 1.9.3     [32m✔[39m [34mtidyr    [39m 1.3.1
[32m✔[39m [34mpurrr    [39m 1.0.2     
── [1mConflicts[22m ──────────────────────────────────────────────────────────────────────────────────────────────────────────────────────────────────────────────────────────────────────── tidyverse_conflicts() ──
[31m✖[39m [34mdplyr[39m::[32mfilter()[39m masks [34mstats[39m::filter()
[31m✖[39m [34mdplyr[39m::[32mlag()[39m    masks [34mstats[39m::lag()
[36mℹ[39m Use the conflicted package ([3m[34m<http://conflicted.r-lib.org/>[39m[23m) to force all conflicts to become errors
[?25h
Attaching package: ‘magrittr’

The following object is masked from ‘package:purrr’:

    set_names

The following object is masked from ‘package:tidyr’:

    extract

[?25h[?25h[?25hLinking to GEOS 3.12.1, GDAL 3.10.1, PROJ 9.4.0; sf_use_s2() is TRUE
[?25h
Attaching package: ‘arrow’

The following object is masked from ‘package:magrittr’:

    is_in

The following object is masked from ‘package:lubridate’:

    duration

The following object is masked from ‘package:utils’:

    timestamp

[?25h[?25h
Attaching package: ‘data.table’

The following objects are masked from ‘package:lubridate’:

    hour, isoweek, mday, minute, month, quarter, second, wday, week,
    yday, year

The following objects are masked from ‘package:dplyr’:

    between, first, last

The following object is masked from ‘package:purrr’:

    transpose

[?25h[?25h[?25h[?25h[?25h[?25h[?25h[?25h[?25h[?25h[?25h[?25h[?25h[?25h[?25h[?25h[?25h[?25h[?25h[?25h[?25h[?25h[?25h[?25h[?25h[?25h[?25h1 : 0.2822988 secs 
2 : 0.1416032 secs 
3 : 0.1988299 secs 
4 : 0.1613195 secs 
5 : 0.2699511 secs 
6 : 0.1403501 secs 
7 : 0.1389797 secs 
8 : 0.1905456 secs 
9 : 0.2698553 secs 
10 : 0.1386859 secs 
11 : 0.1400104 secs 
12 : 0.1918862 secs 
13 : 0.2703781 secs 
14 : 0.1398394 secs 
15 : 0.1722767 secs 
16 : 0.159158 secs 
17 : 0.2696393 secs 
18 : 0.1391232 secs 
19 : 0.1404066 secs 
20 : 0.1937387 secs 
21 : 0.270539 secs 
22 : 0.140816 secs 
23 : 0.1616597 secs 
24 : 0.1812451 secs 
25 : 0.4623516 secs 
26 : 0.1517785 secs 
27 : 0.143553 secs 
28 : 0.1719482 secs 
29 : 0.2818463 secs 
30 : 0.2031517 secs 
31 : 0.1463776 secs 
32 : 0.1622536 secs 
33 : 0.2751467 secs 
34 : 0.1441965 secs 
35 : 0.1677308 secs 
36 : 0.1554742 secs 
37 : 0.283951 secs 
38 : 0.2490132 secs 
39 : 0.1456337 secs 
40 : 0.1664717 secs 
41 : 0.2725232 secs 
42 : 0.1454701 secs 
43 : 0.1759274 secs 
44 : 0.1609986 secs 
45 : 0.2868853 secs 
46 : 0.201643 secs 
47 : 0.1372652 secs 
48 : 0.1680977 secs 
49 : 0.2764769 secs 
50 : 0.1805985 secs 
51 : 0.1579132 secs 
52 : 0.1628649 secs 
53 : 0.2808664 secs 
54 : 0.1814258 secs 
55 : 0.1600516 secs 
56 : 0.1617262 secs 
57 : 0.2719717 secs 
58 : 0.1466711 secs 
59 : 0.1733041 secs 
60 : 0.1573734 secs 
61 : 0.2676482 secs 
62 : 0.1402223 secs 
63 : 0.1810973 secs 
64 : 0.1585617 secs 
65 : 0.270458 secs 
66 : 0.1398044 secs 
67 : 0.1796646 secs 
68 : 0.1609914 secs 
69 : 0.2687578 secs 
70 : 0.1412134 secs 
71 : 0.1828785 secs 
72 : 0.1577477 secs 
73 : 0.2738755 secs 
74 : 0.1915543 secs 
75 : 0.1408231 secs 
76 : 0.1937704 secs 
77 : 0.27513 secs 
78 : 0.1829665 secs 
79 : 0.1500204 secs 
80 : 0.1615422 secs 
81 : 0.2736895 secs 
82 : 0.1799443 secs 
83 : 0.1607542 secs 
84 : 0.1622701 secs 
85 : 0.2746127 secs 
86 : 0.1806273 secs 
87 : 0.1557524 secs 
88 : 0.1578243 secs 
89 : 0.2733872 secs 
90 : 0.1398075 secs 
91 : 0.1774194 secs 
92 : 0.1576524 secs 
93 : 0.2768424 secs 
94 : 0.1949911 secs 
95 : 0.1414893 secs 
96 : 0.1585186 secs 
97 : 0.2876892 secs 
98 : 0.189225 secs 
99 : 0.1396949 secs 
100 : 0.1581228 secs 
Project 1 / 20 - 818 - project carbon loss : 13.75812 secs 
1 : 2.666394 secs 
2 : 2.703205 secs 
3 : 2.699849 secs 
4 : 2.78464 secs 
5 : 2.615983 secs 
6 : 2.770463 secs 
7 : 2.694117 secs 
8 : 2.787888 secs 
9 : 2.663501 secs 
10 : 2.749315 secs 
11 : 2.734643 secs 
12 : 2.738357 secs 
13 : 2.800173 secs 
14 : 2.750504 secs 
15 : 2.686679 secs 
16 : 2.833784 secs 
17 : 2.759045 secs 
18 : 2.705456 secs 
19 : 2.641841 secs 
20 : 2.678375 secs 
21 : 2.680336 secs 
22 : 2.749186 secs 
23 : 2.736526 secs 
24 : 2.698978 secs 
25 : 2.945215 secs 
26 : 2.811319 secs 
27 : 2.865649 secs 
28 : 2.730474 secs 
29 : 2.634117 secs 
30 : 2.647581 secs 
31 : 2.673054 secs 
32 : 2.758871 secs 
33 : 2.827296 secs 
34 : 2.786609 secs 
35 : 2.65519 secs 
36 : 2.690123 secs 
37 : 2.854016 secs 
38 : 2.911952 secs 
39 : 2.655157 secs 
40 : 2.725102 secs 
41 : 2.906356 secs 
42 : 2.753659 secs 
43 : 2.711138 secs 
44 : 2.834098 secs 
45 : 2.864225 secs 
46 : 2.872872 secs 
47 : 2.73456 secs 
48 : 2.729781 secs 
49 : 2.725523 secs 
50 : 2.836904 secs 
51 : 2.741029 secs 
52 : 2.743686 secs 
53 : 2.847871 secs 
54 : 2.739156 secs 
55 : 2.681861 secs 
56 : 2.713203 secs 
57 : 2.848305 secs 
58 : 2.763104 secs 
59 : 2.665837 secs 
60 : 2.696264 secs 
61 : 2.935342 secs 
62 : 2.69359 secs 
63 : 2.663404 secs 
64 : 2.679216 secs 
65 : 2.679618 secs 
66 : 2.682988 secs 
67 : 2.784616 secs 
68 : 2.673399 secs 
69 : 2.864515 secs 
70 : 2.691655 secs 
71 : 2.704591 secs 
72 : 2.720936 secs 
73 : 2.86385 secs 
74 : 2.770871 secs 
75 : 2.70682 secs 
76 : 2.700575 secs 
77 : 2.816997 secs 
78 : 2.742734 secs 
79 : 2.63976 secs 
80 : 2.653249 secs 
81 : 2.68351 secs 
82 : 2.686743 secs 
83 : 2.774815 secs 
84 : 2.697631 secs 
85 : 2.913816 secs 
86 : 2.680252 secs 
87 : 2.679737 secs 
88 : 2.640274 secs 
89 : 2.825904 secs 
90 : 2.608685 secs 
91 : 2.598688 secs 
92 : 2.621672 secs 
93 : 2.81881 secs 
94 : 2.73216 secs 
95 : 2.675943 secs 
96 : 2.696344 secs 
97 : 3.012307 secs 
98 : 2.670815 secs 
99 : 2.690322 secs 
100 : 2.730102 secs 
Project 1 / 20 - 818 - regional carbon loss : 83.67521 secs 
1 : 2.141834 secs 
2 : 2.114264 secs 
3 : 2.268499 secs 
4 : 2.153607 secs 
5 : 2.113528 secs 
6 : 2.130807 secs 
7 : 2.143103 secs 
8 : 2.26375 secs 
9 : 2.147391 secs 
10 : 2.131405 secs 
11 : 2.14727 secs 
12 : 2.166182 secs 
13 : 2.149877 secs 
14 : 2.11984 secs 
15 : 2.147571 secs 
16 : 2.131153 secs 
17 : 2.161464 secs 
18 : 2.059118 secs 
19 : 2.133659 secs 
20 : 2.136542 secs 
21 : 2.171962 secs 
22 : 2.075218 secs 
23 : 2.130755 secs 
24 : 2.146926 secs 
25 : 2.483402 secs 
26 : 2.188912 secs 
27 : 2.15289 secs 
28 : 2.225412 secs 
29 : 2.179276 secs 
30 : 2.098322 secs 
31 : 2.116655 secs 
32 : 2.148247 secs 
33 : 2.194117 secs 
34 : 2.132673 secs 
35 : 2.192267 secs 
36 : 2.400184 secs 
37 : 2.479194 secs 
38 : 2.079941 secs 
39 : 2.19344 secs 
40 : 2.159647 secs 
41 : 2.289368 secs 
42 : 2.175472 secs 
43 : 2.192006 secs 
44 : 2.354962 secs 
45 : 2.436584 secs 
46 : 2.121318 secs 
47 : 2.197399 secs 
48 : 2.181566 secs 
49 : 2.343873 secs 
50 : 2.148989 secs 
51 : 2.315164 secs 
52 : 2.386902 secs 
53 : 2.350915 secs 
54 : 2.261654 secs 
55 : 2.710541 secs 
56 : 2.246754 secs 
57 : 2.281421 secs 
58 : 2.104776 secs 
59 : 2.200461 secs 
60 : 2.129815 secs 
61 : 2.462589 secs 
62 : 2.297813 secs 
63 : 2.284492 secs 
64 : 2.242604 secs 
65 : 2.263598 secs 
66 : 2.215553 secs 
67 : 2.2322 secs 
68 : 2.118768 secs 
69 : 2.343551 secs 
70 : 2.154691 secs 
71 : 2.161012 secs 
72 : 2.118361 secs 
73 : 2.360586 secs 
74 : 2.170722 secs 
75 : 2.122528 secs 
76 : 2.098394 secs 
77 : 2.232903 secs 
78 : 2.170948 secs 
79 : 2.097681 secs 
80 : 2.137785 secs 
81 : 2.31491 secs 
82 : 2.137725 secs 
83 : 2.14599 secs 
84 : 2.111334 secs 
85 : 2.373665 secs 
86 : 2.134953 secs 
87 : 2.078967 secs 
88 : 2.154762 secs 
89 : 2.373334 secs 
90 : 2.125434 secs 
91 : 2.131574 secs 
92 : 2.121853 secs 
93 : 2.343739 secs 
94 : 2.120629 secs 
95 : 2.093398 secs 
96 : 2.089524 secs 
97 : 2.67496 secs 
98 : 2.090809 secs 
99 : 2.113514 secs 
100 : 2.179185 secs 
Project 2 / 20 - 944 - project carbon loss : 21.198 secs 
1 : 3.317135 secs 
2 : 3.259023 secs 
3 : 3.280545 secs 
4 : 3.450179 secs 
5 : 3.233589 secs 
6 : 3.260731 secs 
7 : 3.264776 secs 
8 : 3.309144 secs 
9 : 3.315903 secs 
10 : 3.335059 secs 
11 : 3.3941 secs 
12 : 3.319378 secs 
13 : 3.294577 secs 
14 : 3.368329 secs 
15 : 3.315795 secs 
16 : 3.345277 secs 
17 : 3.433135 secs 
18 : 3.214732 secs 
19 : 3.204901 secs 
20 : 3.277242 secs 
21 : 3.291917 secs 
22 : 3.300935 secs 
23 : 3.37174 secs 
24 : 3.289814 secs 
25 : 3.618761 secs 
26 : 3.478817 secs 
27 : 3.384957 secs 
28 : 3.326392 secs 
29 : 3.267624 secs 
30 : 3.249478 secs 
31 : 3.284008 secs 
32 : 3.374832 secs 
33 : 3.554688 secs 
34 : 3.298778 secs 
35 : 3.346316 secs 
36 : 3.336097 secs 
37 : 3.281804 secs 
38 : 3.302382 secs 
39 : 3.436277 secs 
40 : 3.309838 secs 
41 : 3.499296 secs 
42 : 3.30842 secs 
43 : 3.312739 secs 
44 : 3.321761 secs 
45 : 3.471867 secs 
46 : 3.393533 secs 
47 : 3.330963 secs 
48 : 3.380937 secs 
49 : 3.484811 secs 
50 : 3.35982 secs 
51 : 3.34396 secs 
52 : 3.320738 secs 
53 : 3.479365 secs 
54 : 3.277028 secs 
55 : 3.297239 secs 
56 : 3.366264 secs 
57 : 3.315801 secs 
58 : 3.31019 secs 
59 : 3.444346 secs 
60 : 3.30162 secs 
61 : 3.550718 secs 
62 : 3.276455 secs 
63 : 3.33638 secs 
64 : 3.303208 secs 
65 : 3.445882 secs 
66 : 3.346132 secs 
67 : 3.425356 secs 
68 : 3.396391 secs 
69 : 3.521281 secs 
70 : 3.291831 secs 
71 : 3.291882 secs 
72 : 3.289871 secs 
73 : 3.470198 secs 
74 : 3.296718 secs 
75 : 3.326767 secs 
76 : 3.30549 secs 
77 : 3.507619 secs 
78 : 3.276457 secs 
79 : 3.259303 secs 
80 : 3.254474 secs 
81 : 3.44109 secs 
82 : 3.341297 secs 
83 : 3.302127 secs 
84 : 3.438055 secs 
85 : 3.383988 secs 
86 : 3.25488 secs 
87 : 3.323632 secs 
88 : 3.245765 secs 
89 : 3.526801 secs 
90 : 3.382678 secs 
91 : 3.593326 secs 
92 : 3.363902 secs 
93 : 3.514376 secs 
94 : 3.296401 secs 
95 : 3.326692 secs 
96 : 3.323033 secs 
97 : 3.542601 secs 
98 : 3.360454 secs 
99 : 3.302598 secs 
100 : 3.329206 secs 
Project 2 / 20 - 944 - regional carbon loss : 89.34417 secs 
1 : 2.061474 secs 
2 : 2.11768 secs 
3 : 2.117148 secs 
4 : 2.159261 secs 
5 : 2.12757 secs 
6 : 2.104836 secs 
7 : 2.26789 secs 
8 : 2.101293 secs 
9 : 2.136075 secs 
10 : 2.160806 secs 
11 : 2.157182 secs 
12 : 2.206475 secs 
13 : 2.208018 secs 
14 : 2.209092 secs 
15 : 2.10263 secs 
16 : 2.065082 secs 
17 : 2.126734 secs 
18 : 2.126813 secs 
19 : 2.116742 secs 
20 : 2.161108 secs 
21 : 2.164839 secs 
22 : 2.082708 secs 
23 : 2.152427 secs 
24 : 2.156622 secs 
25 : 2.117855 secs 
26 : 2.102142 secs 
27 : 2.121117 secs 
28 : 2.09647 secs 
29 : 2.172321 secs 
30 : 2.090023 secs 
31 : 2.13376 secs 
32 : 2.122117 secs 
33 : 2.246901 secs 
34 : 2.130322 secs 
35 : 2.119791 secs 
36 : 2.131243 secs 
37 : 2.251559 secs 
38 : 2.129609 secs 
39 : 2.192296 secs 
40 : 2.053326 secs 
41 : 2.475709 secs 
42 : 2.119324 secs 
43 : 2.111083 secs 
44 : 2.090848 secs 
45 : 2.318211 secs 
46 : 2.15314 secs 
47 : 2.213588 secs 
48 : 2.392191 secs 
49 : 2.327345 secs 
50 : 2.17155 secs 
51 : 2.157048 secs 
52 : 2.172268 secs 
53 : 2.371201 secs 
54 : 2.147937 secs 
55 : 2.114447 secs 
56 : 2.129243 secs 
57 : 2.373895 secs 
58 : 2.173458 secs 
59 : 2.204967 secs 
60 : 2.264473 secs 
61 : 2.326253 secs 
62 : 2.129308 secs 
63 : 2.1565 secs 
64 : 2.071752 secs 
65 : 2.339827 secs 
66 : 2.091625 secs 
67 : 2.106389 secs 
68 : 2.095874 secs 
69 : 2.345257 secs 
70 : 2.098369 secs 
71 : 2.097433 secs 
72 : 2.038065 secs 
73 : 2.729953 secs 
74 : 2.111793 secs 
75 : 2.066649 secs 
76 : 2.081086 secs 
77 : 2.315366 secs 
78 : 2.190571 secs 
79 : 2.162591 secs 
80 : 2.227698 secs 
81 : 2.238393 secs 
82 : 2.15977 secs 
83 : 2.038452 secs 
84 : 2.115404 secs 
85 : 2.176479 secs 
86 : 2.058391 secs 
87 : 2.082529 secs 
88 : 2.12553 secs 
89 : 2.834274 secs 
90 : 2.221625 secs 
91 : 2.278835 secs 
92 : 2.220238 secs 
93 : 2.32337 secs 
94 : 2.114378 secs 
95 : 2.127578 secs 
96 : 2.050522 secs 
97 : 2.37847 secs 
98 : 2.078199 secs 
99 : 2.04323 secs 
100 : 2.0424 secs 
Project 3 / 20 - 963 - project carbon loss : 21.73516 secs 
1 : 3.109055 secs 
2 : 3.114506 secs 
3 : 3.132 secs 
4 : 3.193207 secs 
5 : 3.101361 secs 
6 : 3.185659 secs 
7 : 3.173027 secs 
8 : 3.128008 secs 
9 : 3.137014 secs 
10 : 3.158923 secs 
11 : 3.219514 secs 
12 : 3.187016 secs 
13 : 3.118038 secs 
14 : 3.122235 secs 
15 : 3.15081 secs 
16 : 3.145807 secs 
17 : 3.332172 secs 
18 : 3.141685 secs 
19 : 3.133258 secs 
20 : 3.133701 secs 
21 : 3.183587 secs 
22 : 3.215518 secs 
23 : 3.154499 secs 
24 : 3.235059 secs 
25 : 3.261955 secs 
26 : 3.172129 secs 
27 : 3.210684 secs 
28 : 3.163089 secs 
29 : 3.299291 secs 
30 : 3.175933 secs 
31 : 3.256227 secs 
32 : 3.192544 secs 
33 : 3.117797 secs 
34 : 3.257882 secs 
35 : 3.147385 secs 
36 : 3.155733 secs 
37 : 3.280265 secs 
38 : 3.204175 secs 
39 : 3.136192 secs 
40 : 3.153176 secs 
41 : 3.132777 secs 
42 : 3.146141 secs 
43 : 3.179912 secs 
44 : 3.199705 secs 
45 : 3.228992 secs 
46 : 3.156594 secs 
47 : 3.1637 secs 
48 : 3.14009 secs 
49 : 3.26405 secs 
50 : 3.254921 secs 
51 : 3.142237 secs 
52 : 3.187818 secs 
53 : 3.168127 secs 
54 : 3.141589 secs 
55 : 3.111171 secs 
56 : 3.129003 secs 
57 : 3.232217 secs 
58 : 3.23599 secs 
59 : 3.107621 secs 
60 : 3.126847 secs 
61 : 3.214362 secs 
62 : 3.198623 secs 
63 : 3.118323 secs 
64 : 3.115086 secs 
65 : 3.255476 secs 
66 : 3.176828 secs 
67 : 3.193432 secs 
68 : 3.253708 secs 
69 : 3.096946 secs 
70 : 3.153365 secs 
71 : 3.153765 secs 
72 : 3.231228 secs 
73 : 3.234259 secs 
74 : 3.107716 secs 
75 : 3.119394 secs 
76 : 3.115395 secs 
77 : 3.36531 secs 
78 : 3.116814 secs 
79 : 3.152074 secs 
80 : 3.200521 secs 
81 : 3.248826 secs 
82 : 3.148549 secs 
83 : 3.159847 secs 
84 : 3.210366 secs 
85 : 3.063025 secs 
86 : 3.092703 secs 
87 : 3.082184 secs 
88 : 3.169628 secs 
89 : 3.48149 secs 
90 : 3.454106 secs 
91 : 3.31792 secs 
92 : 3.170134 secs 
93 : 3.347353 secs 
94 : 3.130469 secs 
95 : 3.156759 secs 
96 : 3.177259 secs 
97 : 3.318932 secs 
98 : 3.24064 secs 
99 : 3.206614 secs 
100 : 3.278005 secs 
Project 3 / 20 - 963 - regional carbon loss : 82.73768 secs 
1 : 2.033707 secs 
2 : 1.823844 secs 
3 : 1.904613 secs 
4 : 1.893999 secs 
5 : 2.024858 secs 
6 : 1.85066 secs 
7 : 1.850724 secs 
8 : 1.898937 secs 
9 : 1.913254 secs 
10 : 1.904628 secs 
11 : 1.915381 secs 
12 : 1.944681 secs 
13 : 1.879159 secs 
14 : 1.907795 secs 
15 : 1.959689 secs 
16 : 1.896669 secs 
17 : 1.888445 secs 
18 : 1.851377 secs 
19 : 1.889889 secs 
20 : 1.886662 secs 
21 : 1.889647 secs 
22 : 1.846496 secs 
23 : 1.875022 secs 
24 : 1.916902 secs 
25 : 2.007889 secs 
26 : 1.886765 secs 
27 : 1.875461 secs 
28 : 1.870104 secs 
29 : 1.925727 secs 
30 : 1.943956 secs 
31 : 1.877619 secs 
32 : 1.876216 secs 
33 : 1.886357 secs 
34 : 1.89473 secs 
35 : 1.888903 secs 
36 : 1.880585 secs 
37 : 2.006686 secs 
38 : 1.857706 secs 
39 : 1.860563 secs 
40 : 1.850431 secs 
41 : 2.030298 secs 
42 : 1.931398 secs 
43 : 1.959851 secs 
44 : 2.067891 secs 
45 : 2.022586 secs 
46 : 1.876642 secs 
47 : 1.886506 secs 
48 : 1.871659 secs 
49 : 1.957726 secs 
50 : 1.893716 secs 
51 : 1.890154 secs 
52 : 1.911662 secs 
53 : 2.045983 secs 
54 : 1.881167 secs 
55 : 1.889192 secs 
56 : 1.864451 secs 
57 : 1.928694 secs 
58 : 1.887923 secs 
59 : 1.930369 secs 
60 : 1.916762 secs 
61 : 1.905193 secs 
62 : 1.920817 secs 
63 : 1.896975 secs 
64 : 1.866272 secs 
65 : 1.955055 secs 
66 : 1.897702 secs 
67 : 1.90834 secs 
68 : 1.84701 secs 
69 : 1.907323 secs 
70 : 1.875215 secs 
71 : 1.90448 secs 
72 : 1.887532 secs 
73 : 1.905442 secs 
74 : 1.946558 secs 
75 : 1.881059 secs 
76 : 1.869133 secs 
77 : 2.049319 secs 
78 : 1.858163 secs 
79 : 1.936746 secs 
80 : 1.934156 secs 
81 : 1.943671 secs 
82 : 1.881172 secs 
83 : 2.030244 secs 
84 : 1.853802 secs 
85 : 1.942783 secs 
86 : 1.871776 secs 
87 : 1.899392 secs 
88 : 1.854533 secs 
89 : 2.114402 secs 
90 : 1.918807 secs 
91 : 2.050813 secs 
92 : 2.042393 secs 
93 : 1.940048 secs 
94 : 1.874887 secs 
95 : 1.865254 secs 
96 : 1.880842 secs 
97 : 2.071442 secs 
98 : 1.86218 secs 
99 : 1.844857 secs 
100 : 1.867273 secs 
Project 4 / 20 - 1047 - project carbon loss : 20.11298 secs 
1 : 3.412998 secs 
2 : 3.45166 secs 
3 : 3.419143 secs 
4 : 3.528271 secs 
5 : 3.416624 secs 
6 : 3.40065 secs 
7 : 3.417859 secs 
8 : 3.577925 secs 
9 : 3.391447 secs 
10 : 3.390604 secs 
11 : 3.429959 secs 
12 : 3.457064 secs 
13 : 3.399736 secs 
14 : 3.380247 secs 
15 : 3.435817 secs 
16 : 3.41462 secs 
17 : 3.384862 secs 
18 : 3.421557 secs 
19 : 3.555143 secs 
20 : 3.392726 secs 
21 : 3.532031 secs 
22 : 3.52227 secs 
23 : 3.532192 secs 
24 : 3.437696 secs 
25 : 3.604367 secs 
26 : 3.493327 secs 
27 : 3.485186 secs 
28 : 3.494898 secs 
29 : 3.480488 secs 
30 : 3.440604 secs 
31 : 3.439764 secs 
32 : 3.513634 secs 
33 : 3.598788 secs 
34 : 3.389128 secs 
35 : 3.394352 secs 
36 : 3.41976 secs 
37 : 3.414461 secs 
38 : 3.416121 secs 
39 : 3.466892 secs 
40 : 3.549346 secs 
41 : 3.487155 secs 
42 : 3.43389 secs 
43 : 3.4316 secs 
44 : 3.460543 secs 
45 : 3.641581 secs 
46 : 3.38963 secs 
47 : 3.418915 secs 
48 : 3.406348 secs 
49 : 3.52865 secs 
50 : 3.439513 secs 
51 : 3.532449 secs 
52 : 3.433382 secs 
53 : 3.543716 secs 
54 : 3.304014 secs 
55 : 3.358083 secs 
56 : 3.341677 secs 
57 : 3.647356 secs 
58 : 3.43206 secs 
59 : 3.440151 secs 
60 : 3.427512 secs 
61 : 3.555482 secs 
62 : 3.353592 secs 
63 : 3.382906 secs 
64 : 3.407508 secs 
65 : 3.594192 secs 
66 : 3.438184 secs 
67 : 3.580159 secs 
68 : 3.462567 secs 
69 : 3.538195 secs 
70 : 3.413216 secs 
71 : 3.499302 secs 
72 : 3.39754 secs 
73 : 3.494056 secs 
74 : 3.403201 secs 
75 : 3.40665 secs 
76 : 3.433538 secs 
77 : 3.518634 secs 
78 : 3.385309 secs 
79 : 3.379472 secs 
80 : 3.399245 secs 
81 : 3.486778 secs 
82 : 3.38715 secs 
83 : 3.402148 secs 
84 : 3.418456 secs 
85 : 3.529045 secs 
86 : 3.385938 secs 
87 : 3.38878 secs 
88 : 3.371647 secs 
89 : 3.401903 secs 
90 : 3.381699 secs 
91 : 3.460832 secs 
92 : 3.532767 secs 
93 : 3.529178 secs 
94 : 3.504701 secs 
95 : 3.397478 secs 
96 : 3.428737 secs 
97 : 3.539253 secs 
98 : 3.444615 secs 
99 : 3.497801 secs 
100 : 3.411229 secs 
Project 4 / 20 - 1047 - regional carbon loss : 85.36971 secs 
1 : 0.4734602 secs 
2 : 0.4401305 secs 
3 : 0.43907 secs 
4 : 0.4912603 secs 
5 : 0.4921806 secs 
6 : 0.4428174 secs 
7 : 0.4490988 secs 
8 : 0.4468386 secs 
9 : 0.4736857 secs 
10 : 0.4562662 secs 
11 : 0.4494004 secs 
12 : 0.4548926 secs 
13 : 0.4847059 secs 
14 : 0.4487064 secs 
15 : 0.4545748 secs 
16 : 0.4503019 secs 
17 : 0.4775867 secs 
18 : 0.4439054 secs 
19 : 0.4481823 secs 
20 : 0.457634 secs 
21 : 0.4869716 secs 
22 : 0.4509835 secs 
23 : 0.4592407 secs 
24 : 0.4456649 secs 
25 : 0.5026567 secs 
26 : 0.471354 secs 
27 : 0.4742491 secs 
28 : 0.4871404 secs 
29 : 0.4718788 secs 
30 : 0.4481666 secs 
31 : 0.4496045 secs 
32 : 0.447258 secs 
33 : 0.486773 secs 
34 : 0.4462883 secs 
35 : 0.4520087 secs 
36 : 0.4526327 secs 
37 : 0.6231222 secs 
38 : 0.4914804 secs 
39 : 0.4871335 secs 
40 : 0.4784064 secs 
41 : 0.4945819 secs 
42 : 0.4452205 secs 
43 : 0.4484227 secs 
44 : 0.5821693 secs 
45 : 0.5019486 secs 
46 : 0.4588706 secs 
47 : 0.5031478 secs 
48 : 0.4565978 secs 
49 : 0.4807878 secs 
50 : 0.4414237 secs 
51 : 0.4536226 secs 
52 : 0.4445779 secs 
53 : 0.5348699 secs 
54 : 0.4446502 secs 
55 : 0.4509313 secs 
56 : 0.4507921 secs 
57 : 0.4908791 secs 
58 : 0.451 secs 
59 : 0.4599745 secs 
60 : 0.4493217 secs 
61 : 0.4890594 secs 
62 : 0.4438126 secs 
63 : 0.4496601 secs 
64 : 0.4526978 secs 
65 : 0.4931347 secs 
66 : 0.4505267 secs 
67 : 0.4743798 secs 
68 : 0.450182 secs 
69 : 0.4795868 secs 
70 : 0.442287 secs 
71 : 0.4476445 secs 
72 : 0.4391778 secs 
73 : 0.4841115 secs 
74 : 0.4535761 secs 
75 : 0.4496729 secs 
76 : 0.4586952 secs 
77 : 0.4798002 secs 
78 : 0.4504051 secs 
79 : 0.444921 secs 
80 : 0.449682 secs 
81 : 0.4889655 secs 
82 : 0.4582796 secs 
83 : 0.4507856 secs 
84 : 0.4637773 secs 
85 : 0.5062666 secs 
86 : 0.4453518 secs 
87 : 0.452559 secs 
88 : 0.4487293 secs 
89 : 0.5463767 secs 
90 : 0.4947858 secs 
91 : 0.4950144 secs 
92 : 0.4920535 secs 
93 : 0.491159 secs 
94 : 0.4455998 secs 
95 : 0.4491642 secs 
96 : 0.4515443 secs 
97 : 0.4857366 secs 
98 : 0.4430711 secs 
99 : 0.4530597 secs 
100 : 0.442106 secs 
Project 5 / 20 - 1112 - project carbon loss : 16.86901 secs 
1 : 2.998772 secs 
2 : 2.983992 secs 
3 : 2.983668 secs 
4 : 3.027275 secs 
5 : 2.982278 secs 
6 : 2.983327 secs 
7 : 3.085603 secs 
8 : 3.037639 secs 
9 : 3.09163 secs 
10 : 3.114428 secs 
11 : 3.074469 secs 
12 : 3.080588 secs 
13 : 3.072305 secs 
14 : 3.050775 secs 
15 : 3.050605 secs 
16 : 3.04036 secs 
17 : 3.075017 secs 
18 : 3.000485 secs 
19 : 3.012069 secs 
20 : 3.065572 secs 
21 : 3.130992 secs 
22 : 3.033117 secs 
23 : 3.065586 secs 
24 : 3.134266 secs 
25 : 3.257622 secs 
26 : 3.240752 secs 
27 : 3.128101 secs 
28 : 3.131401 secs 
29 : 3.114147 secs 
30 : 3.080903 secs 
31 : 3.087256 secs 
32 : 3.086319 secs 
33 : 3.121068 secs 
34 : 3.120679 secs 
35 : 3.004344 secs 
36 : 3.062873 secs 
37 : 3.053652 secs 
38 : 3.019758 secs 
39 : 3.048632 secs 
40 : 3.039982 secs 
41 : 3.115096 secs 
42 : 3.039981 secs 
43 : 3.034042 secs 
44 : 3.020781 secs 
45 : 3.101574 secs 
46 : 3.078336 secs 
47 : 3.010998 secs 
48 : 3.001159 secs 
49 : 3.027835 secs 
50 : 3.045514 secs 
51 : 3.066976 secs 
52 : 3.065399 secs 
53 : 3.042358 secs 
54 : 3.053824 secs 
55 : 2.980659 secs 
56 : 3.017411 secs 
57 : 3.17901 secs 
58 : 3.128746 secs 
59 : 3.045571 secs 
60 : 3.04686 secs 
61 : 2.962599 secs 
62 : 2.96518 secs 
63 : 2.992465 secs 
64 : 2.979249 secs 
65 : 3.120035 secs 
66 : 3.045843 secs 
67 : 3.033394 secs 
68 : 3.048958 secs 
69 : 3.142818 secs 
70 : 3.0431 secs 
71 : 3.046568 secs 
72 : 3.074987 secs 
73 : 3.152153 secs 
74 : 3.028277 secs 
75 : 3.068742 secs 
76 : 2.982739 secs 
77 : 3.06283 secs 
78 : 2.956491 secs 
79 : 3.0207 secs 
80 : 3.0819 secs 
81 : 3.115306 secs 
82 : 3.018387 secs 
83 : 3.006305 secs 
84 : 3.024141 secs 
85 : 3.124218 secs 
86 : 3.002011 secs 
87 : 2.97404 secs 
88 : 2.961899 secs 
89 : 2.942248 secs 
90 : 2.954348 secs 
91 : 3.008468 secs 
92 : 3.027327 secs 
93 : 3.145568 secs 
94 : 3.020273 secs 
95 : 3.043916 secs 
96 : 3.13363 secs 
97 : 3.139011 secs 
98 : 3.093969 secs 
99 : 3.088777 secs 
100 : 3.0786 secs 
Project 5 / 20 - 1112 - regional carbon loss : 76.44959 secs 
1 : 0.3681042 secs 
2 : 0.3387923 secs 
3 : 0.3485739 secs 
4 : 0.3420863 secs 
5 : 0.3750126 secs 
6 : 0.3538857 secs 
7 : 0.3456044 secs 
8 : 0.3460481 secs 
9 : 0.3687205 secs 
10 : 0.3448775 secs 
11 : 0.3419166 secs 
12 : 0.3390727 secs 
13 : 0.3433614 secs 
14 : 0.3404236 secs 
15 : 0.373019 secs 
16 : 0.3423676 secs 
17 : 0.3640137 secs 
18 : 0.3395295 secs 
19 : 0.3364561 secs 
20 : 0.3341169 secs 
21 : 0.3805099 secs 
22 : 0.3450794 secs 
23 : 0.3446531 secs 
24 : 0.3427722 secs 
25 : 0.4686422 secs 
26 : 0.3613636 secs 
27 : 0.366657 secs 
28 : 0.3549552 secs 
29 : 0.3740647 secs 
30 : 0.3367414 secs 
31 : 0.3394535 secs 
32 : 0.344106 secs 
33 : 0.3724766 secs 
34 : 0.3435729 secs 
35 : 0.341218 secs 
36 : 0.3407283 secs 
37 : 0.4466493 secs 
38 : 0.4746218 secs 
39 : 0.3842402 secs 
40 : 0.3848999 secs 
41 : 0.3832426 secs 
42 : 0.3493354 secs 
43 : 0.3386669 secs 
44 : 0.3388274 secs 
45 : 0.3816891 secs 
46 : 0.3501177 secs 
47 : 0.3489275 secs 
48 : 0.3456171 secs 
49 : 0.36782 secs 
50 : 0.3368409 secs 
51 : 0.3406928 secs 
52 : 0.3465765 secs 
53 : 0.3427227 secs 
54 : 0.342423 secs 
55 : 0.3426116 secs 
56 : 0.3434522 secs 
57 : 0.3688343 secs 
58 : 0.3374496 secs 
59 : 0.3402512 secs 
60 : 0.342648 secs 
61 : 0.3736358 secs 
62 : 0.3412721 secs 
63 : 0.3407497 secs 
64 : 0.4944069 secs 
65 : 0.3822656 secs 
66 : 0.3466477 secs 
67 : 0.3465526 secs 
68 : 0.3468578 secs 
69 : 0.3677075 secs 
70 : 0.3464482 secs 
71 : 0.3407586 secs 
72 : 0.338903 secs 
73 : 0.3769855 secs 
74 : 0.3351579 secs 
75 : 0.3346055 secs 
76 : 0.3349493 secs 
77 : 0.3789842 secs 
78 : 0.3394389 secs 
79 : 0.3397193 secs 
80 : 0.3332219 secs 
81 : 0.3753414 secs 
82 : 0.3398564 secs 
83 : 0.3413894 secs 
84 : 0.342736 secs 
85 : 0.3697407 secs 
86 : 0.3409553 secs 
87 : 0.3441007 secs 
88 : 0.3449702 secs 
89 : 0.3874891 secs 
90 : 0.3513525 secs 
91 : 0.3503642 secs 
92 : 0.348794 secs 
93 : 0.4072454 secs 
94 : 0.338809 secs 
95 : 0.3359458 secs 
96 : 0.3339789 secs 
97 : 0.3753428 secs 
98 : 0.3423953 secs 
99 : 0.3375316 secs 
100 : 0.3391275 secs 
Project 6 / 20 - 1113 - project carbon loss : 27.23019 secs 
1 : 3.082191 secs 
2 : 2.991071 secs 
3 : 3.020605 secs 
4 : 3.117734 secs 
5 : 3.00613 secs 
6 : 3.117335 secs 
7 : 3.042763 secs 
8 : 3.037139 secs 
9 : 3.005918 secs 
10 : 3.032207 secs 
11 : 3.051319 secs 
12 : 3.054288 secs 
13 : 3.000466 secs 
14 : 3.058029 secs 
15 : 3.058592 secs 
16 : 3.13003 secs 
17 : 3.032866 secs 
18 : 3.059594 secs 
19 : 3.034247 secs 
20 : 3.012594 secs 
21 : 3.164667 secs 
22 : 3.04752 secs 
23 : 3.052426 secs 
24 : 3.027048 secs 
25 : 3.241091 secs 
26 : 3.123533 secs 
27 : 3.245568 secs 
28 : 3.120866 secs 
29 : 3.010478 secs 
30 : 3.028246 secs 
31 : 3.006382 secs 
32 : 3.023375 secs 
33 : 3.186214 secs 
34 : 3.049671 secs 
35 : 3.033286 secs 
36 : 3.031015 secs 
37 : 3.033946 secs 
38 : 3.034581 secs 
39 : 2.994367 secs 
40 : 3.021571 secs 
41 : 3.222046 secs 
42 : 3.051605 secs 
43 : 3.066351 secs 
44 : 3.036857 secs 
45 : 3.08244 secs 
46 : 3.057015 secs 
47 : 3.073096 secs 
48 : 3.164817 secs 
49 : 3.14044 secs 
50 : 3.073554 secs 
51 : 3.067473 secs 
52 : 3.056923 secs 
53 : 3.070447 secs 
54 : 2.987949 secs 
55 : 3.051236 secs 
56 : 2.966831 secs 
57 : 3.000911 secs 
58 : 3.013126 secs 
59 : 3.016675 secs 
60 : 3.086922 secs 
61 : 3.084094 secs 
62 : 2.9887 secs 
63 : 2.969835 secs 
64 : 3.007837 secs 
65 : 3.223704 secs 
66 : 3.081512 secs 
67 : 3.087615 secs 
68 : 3.051556 secs 
69 : 3.135017 secs 
70 : 3.012002 secs 
71 : 3.024258 secs 
72 : 3.004212 secs 
73 : 3.077438 secs 
74 : 3.022094 secs 
75 : 2.98862 secs 
76 : 3.01792 secs 
77 : 3.105158 secs 
78 : 2.995127 secs 
79 : 3.007781 secs 
80 : 3.001166 secs 
81 : 3.224633 secs 
82 : 3.009757 secs 
83 : 3.019889 secs 
84 : 3.016793 secs 
85 : 3.249515 secs 
86 : 3.133725 secs 
87 : 3.123247 secs 
88 : 3.130629 secs 
89 : 3.098968 secs 
90 : 2.963332 secs 
91 : 2.953418 secs 
92 : 2.97252 secs 
93 : 3.179671 secs 
94 : 3.059198 secs 
95 : 3.068087 secs 
96 : 3.077192 secs 
97 : 3.104053 secs 
98 : 3.016672 secs 
99 : 3.036233 secs 
100 : 3.032547 secs 
Project 6 / 20 - 1113 - regional carbon loss : 75.22457 secs 
1 : 0.2513103 secs 
2 : 0.2458024 secs 
3 : 0.2333949 secs 
4 : 0.2212491 secs 
5 : 0.261405 secs 
6 : 0.2302785 secs 
7 : 0.2305911 secs 
8 : 0.2291114 secs 
9 : 0.3892889 secs 
10 : 0.227294 secs 
11 : 0.2245212 secs 
12 : 0.2194936 secs 
13 : 0.2626553 secs 
14 : 0.2321975 secs 
15 : 0.2357605 secs 
16 : 0.2337656 secs 
17 : 0.2542803 secs 
18 : 0.2431927 secs 
19 : 0.2314322 secs 
20 : 0.2341046 secs 
21 : 0.2733254 secs 
22 : 0.2359211 secs 
23 : 0.3709321 secs 
24 : 0.2331636 secs 
25 : 0.3013856 secs 
26 : 0.2482021 secs 
27 : 0.2461433 secs 
28 : 0.2491763 secs 
29 : 0.2653866 secs 
30 : 0.234638 secs 
31 : 0.229207 secs 
32 : 0.2306778 secs 
33 : 0.2368262 secs 
34 : 0.2472363 secs 
35 : 0.2326138 secs 
36 : 0.2338798 secs 
37 : 0.2695453 secs 
38 : 0.2376564 secs 
39 : 0.2347713 secs 
40 : 0.2358062 secs 
41 : 0.27279 secs 
42 : 0.2327194 secs 
43 : 0.2388747 secs 
44 : 0.2316613 secs 
45 : 0.2702484 secs 
46 : 0.2290039 secs 
47 : 0.2339339 secs 
48 : 0.2350419 secs 
49 : 0.2675369 secs 
50 : 0.2315454 secs 
51 : 0.231957 secs 
52 : 0.2338657 secs 
53 : 0.2647727 secs 
54 : 0.2269621 secs 
55 : 0.2304723 secs 
56 : 0.2370725 secs 
57 : 0.2624969 secs 
58 : 0.2299004 secs 
59 : 0.2286427 secs 
60 : 0.2325552 secs 
61 : 0.266283 secs 
62 : 0.231492 secs 
63 : 0.2323017 secs 
64 : 0.2291512 secs 
65 : 0.2715874 secs 
66 : 0.2340932 secs 
67 : 0.2626328 secs 
68 : 0.239321 secs 
69 : 0.2595377 secs 
70 : 0.233119 secs 
71 : 0.2339423 secs 
72 : 0.2344267 secs 
73 : 0.2675002 secs 
74 : 0.2332752 secs 
75 : 0.2336609 secs 
76 : 0.2340951 secs 
77 : 0.2668602 secs 
78 : 0.2318478 secs 
79 : 0.2313807 secs 
80 : 0.2317286 secs 
81 : 0.2885466 secs 
82 : 0.2356198 secs 
83 : 0.2329571 secs 
84 : 0.2320087 secs 
85 : 0.2671204 secs 
86 : 0.2315226 secs 
87 : 0.2383974 secs 
88 : 0.2309413 secs 
89 : 0.2725756 secs 
90 : 0.241308 secs 
91 : 0.2346404 secs 
92 : 0.2283585 secs 
93 : 0.2778535 secs 
94 : 0.2315667 secs 
95 : 0.2308853 secs 
96 : 0.2313299 secs 
97 : 0.2610242 secs 
98 : 0.2302339 secs 
99 : 0.2286065 secs 
100 : 0.2287166 secs 
Project 7 / 20 - 1133 - project carbon loss : 13.55518 secs 
1 : 3.019143 secs 
2 : 3.104577 secs 
3 : 3.000068 secs 
4 : 3.055214 secs 
5 : 3.006905 secs 
6 : 3.019725 secs 
7 : 3.042447 secs 
8 : 3.104071 secs 
9 : 2.989657 secs 
10 : 3.03323 secs 
11 : 3.095429 secs 
12 : 3.071851 secs 
13 : 2.998902 secs 
14 : 3.013819 secs 
15 : 3.042039 secs 
16 : 3.021794 secs 
17 : 2.947891 secs 
18 : 3.004713 secs 
19 : 3.026006 secs 
20 : 2.983369 secs 
21 : 3.131127 secs 
22 : 3.09425 secs 
23 : 3.003676 secs 
24 : 3.037284 secs 
25 : 3.310658 secs 
26 : 3.128826 secs 
27 : 3.129008 secs 
28 : 3.206287 secs 
29 : 3.105854 secs 
30 : 2.992822 secs 
31 : 2.999962 secs 
32 : 3.006215 secs 
33 : 2.992291 secs 
34 : 3.023563 secs 
35 : 3.045491 secs 
36 : 3.019065 secs 
37 : 3.177185 secs 
38 : 3.04505 secs 
39 : 3.078623 secs 
40 : 3.089351 secs 
41 : 3.121929 secs 
42 : 3.081469 secs 
43 : 2.972581 secs 
44 : 3.025453 secs 
45 : 3.09786 secs 
46 : 3.016443 secs 
47 : 3.04704 secs 
48 : 3.025555 secs 
49 : 3.217955 secs 
50 : 3.024633 secs 
51 : 3.015215 secs 
52 : 3.040018 secs 
53 : 2.939886 secs 
54 : 2.981946 secs 
55 : 2.995713 secs 
56 : 3.047022 secs 
57 : 3.113043 secs 
58 : 3.023988 secs 
59 : 2.987257 secs 
60 : 3.018289 secs 
61 : 3.099396 secs 
62 : 2.978626 secs 
63 : 2.993551 secs 
64 : 2.992525 secs 
65 : 3.193058 secs 
66 : 3.058483 secs 
67 : 3.072265 secs 
68 : 3.084372 secs 
69 : 3.058075 secs 
70 : 3.013783 secs 
71 : 3.044801 secs 
72 : 3.037459 secs 
73 : 3.105365 secs 
74 : 2.979041 secs 
75 : 2.993728 secs 
76 : 2.987373 secs 
77 : 3.126214 secs 
78 : 2.985439 secs 
79 : 2.982604 secs 
80 : 2.994581 secs 
81 : 3.135691 secs 
82 : 3.023458 secs 
83 : 3.030439 secs 
84 : 3.07209 secs 
85 : 2.934682 secs 
86 : 2.962794 secs 
87 : 2.964877 secs 
88 : 3.06026 secs 
89 : 3.106599 secs 
90 : 3.091976 secs 
91 : 2.968547 secs 
92 : 2.993177 secs 
93 : 3.159603 secs 
94 : 3.049122 secs 
95 : 3.080327 secs 
96 : 3.089658 secs 
97 : 3.180794 secs 
98 : 3.044724 secs 
99 : 3.104927 secs 
100 : 3.066672 secs 
Project 7 / 20 - 1133 - regional carbon loss : 73.93214 secs 
1 : 2.7209 secs 
2 : 2.783879 secs 
3 : 2.751938 secs 
4 : 2.823754 secs 
5 : 2.713812 secs 
6 : 2.729131 secs 
7 : 2.77119 secs 
8 : 2.85519 secs 
9 : 2.740136 secs 
10 : 2.743375 secs 
11 : 2.894227 secs 
12 : 2.768245 secs 
13 : 2.74843 secs 
14 : 2.749829 secs 
15 : 2.778533 secs 
16 : 2.911863 secs 
17 : 2.753357 secs 
18 : 2.772039 secs 
19 : 2.77628 secs 
20 : 2.971066 secs 
21 : 2.714402 secs 
22 : 2.747441 secs 
23 : 2.692808 secs 
24 : 2.723501 secs 
25 : 2.798491 secs 
26 : 2.749763 secs 
27 : 2.776453 secs 
28 : 2.78566 secs 
29 : 2.716475 secs 
30 : 2.729182 secs 
31 : 2.842314 secs 
32 : 2.767951 secs 
33 : 2.731376 secs 
34 : 2.796245 secs 
35 : 2.797659 secs 
36 : 2.773981 secs 
37 : 3.014446 secs 
38 : 2.754841 secs 
39 : 2.73611 secs 
40 : 2.742599 secs 
41 : 2.812873 secs 
42 : 2.779059 secs 
43 : 2.81395 secs 
44 : 2.765107 secs 
45 : 2.805252 secs 
46 : 2.754489 secs 
47 : 2.76618 secs 
48 : 2.73024 secs 
49 : 2.844862 secs 
50 : 2.794741 secs 
51 : 2.857921 secs 
52 : 2.760877 secs 
53 : 2.812168 secs 
54 : 2.777957 secs 
55 : 2.755956 secs 
56 : 2.684884 secs 
57 : 2.838363 secs 
58 : 2.999611 secs 
59 : 2.736676 secs 
60 : 2.716389 secs 
61 : 2.797055 secs 
62 : 2.798226 secs 
63 : 2.774406 secs 
64 : 2.734838 secs 
65 : 2.8733 secs 
66 : 3.075325 secs 
67 : 2.99085 secs 
68 : 2.925466 secs 
69 : 2.779547 secs 
70 : 2.762341 secs 
71 : 2.733693 secs 
72 : 2.702674 secs 
73 : 2.829403 secs 
74 : 2.81118 secs 
75 : 2.706634 secs 
76 : 2.703154 secs 
77 : 2.742519 secs 
78 : 2.754059 secs 
79 : 2.679007 secs 
80 : 2.780146 secs 
81 : 2.77028 secs 
82 : 2.739362 secs 
83 : 2.679033 secs 
84 : 2.660155 secs 
85 : 2.785222 secs 
86 : 2.695921 secs 
87 : 2.656039 secs 
88 : 2.630541 secs 
89 : 2.785967 secs 
90 : 2.77334 secs 
91 : 2.860476 secs 
92 : 2.796044 secs 
93 : 2.877706 secs 
94 : 2.664897 secs 
95 : 2.691978 secs 
96 : 2.688373 secs 
97 : 2.82716 secs 
98 : 2.720001 secs 
99 : 2.727636 secs 
100 : 2.734841 secs 
Project 8 / 20 - 1168 - project carbon loss : 23.35806 secs 
1 : 3.1422 secs 
2 : 3.167205 secs 
3 : 3.149931 secs 
4 : 3.295037 secs 
5 : 3.129543 secs 
6 : 3.125593 secs 
7 : 3.167467 secs 
8 : 3.168344 secs 
9 : 3.120386 secs 
10 : 3.1354 secs 
11 : 3.156023 secs 
12 : 3.1803 secs 
13 : 3.103024 secs 
14 : 3.161157 secs 
15 : 3.185287 secs 
16 : 3.187603 secs 
17 : 3.079815 secs 
18 : 3.131705 secs 
19 : 3.134034 secs 
20 : 3.160083 secs 
21 : 3.15518 secs 
22 : 3.203553 secs 
23 : 3.211219 secs 
24 : 3.212435 secs 
25 : 3.371709 secs 
26 : 3.248935 secs 
27 : 3.245985 secs 
28 : 3.34147 secs 
29 : 3.331142 secs 
30 : 3.18632 secs 
31 : 3.202712 secs 
32 : 3.22894 secs 
33 : 3.328039 secs 
34 : 3.384226 secs 
35 : 3.388737 secs 
36 : 3.39905 secs 
37 : 3.532091 secs 
38 : 3.402349 secs 
39 : 3.223045 secs 
40 : 3.379379 secs 
41 : 3.195759 secs 
42 : 3.185168 secs 
43 : 3.251382 secs 
44 : 3.221874 secs 
45 : 3.283024 secs 
46 : 3.190366 secs 
47 : 3.244306 secs 
48 : 3.24896 secs 
49 : 3.230485 secs 
50 : 3.246799 secs 
51 : 3.367397 secs 
52 : 3.409333 secs 
53 : 3.222674 secs 
54 : 3.161732 secs 
55 : 3.212694 secs 
56 : 3.13064 secs 
57 : 3.32581 secs 
58 : 3.398191 secs 
59 : 3.3339 secs 
60 : 3.355527 secs 
61 : 3.138476 secs 
62 : 3.161723 secs 
63 : 3.117433 secs 
64 : 3.12395 secs 
65 : 3.293814 secs 
66 : 3.363395 secs 
67 : 3.308885 secs 
68 : 3.171141 secs 
69 : 3.351045 secs 
70 : 3.248161 secs 
71 : 3.244191 secs 
72 : 3.20903 secs 
73 : 3.300905 secs 
74 : 3.21925 secs 
75 : 3.300299 secs 
76 : 3.287617 secs 
77 : 3.122025 secs 
78 : 3.108888 secs 
79 : 3.164356 secs 
80 : 3.151752 secs 
81 : 3.272866 secs 
82 : 3.160769 secs 
83 : 3.168649 secs 
84 : 3.168327 secs 
85 : 3.207715 secs 
86 : 3.092969 secs 
87 : 3.099457 secs 
88 : 3.098348 secs 
89 : 3.218743 secs 
90 : 3.08062 secs 
91 : 3.19072 secs 
92 : 3.118742 secs 
93 : 3.223844 secs 
94 : 3.168063 secs 
95 : 3.137052 secs 
96 : 3.147969 secs 
97 : 3.283856 secs 
98 : 3.174328 secs 
99 : 3.267063 secs 
100 : 3.186727 secs 
Project 8 / 20 - 1168 - regional carbon loss : 79.07584 secs 
1 : 0.5951073 secs 
2 : 0.5822806 secs 
3 : 0.5885375 secs 
4 : 0.5778949 secs 
5 : 0.612617 secs 
6 : 0.585196 secs 
7 : 0.600287 secs 
8 : 0.6133301 secs 
9 : 0.6853881 secs 
10 : 0.5772309 secs 
11 : 0.5681303 secs 
12 : 0.5636239 secs 
13 : 0.6147497 secs 
14 : 0.578505 secs 
15 : 0.5774055 secs 
16 : 0.5740728 secs 
17 : 0.598259 secs 
18 : 0.5772057 secs 
19 : 0.5735719 secs 
20 : 0.5782485 secs 
21 : 0.6177509 secs 
22 : 0.5706518 secs 
23 : 0.577904 secs 
24 : 0.5873759 secs 
25 : 0.6175749 secs 
26 : 0.6367188 secs 
27 : 0.619097 secs 
28 : 0.6035054 secs 
29 : 0.5988498 secs 
30 : 0.5674791 secs 
31 : 0.5597854 secs 
32 : 0.5794585 secs 
33 : 0.6179721 secs 
34 : 0.5781586 secs 
35 : 0.5757031 secs 
36 : 0.5682859 secs 
37 : 0.7362247 secs 
38 : 0.6474044 secs 
39 : 0.6090884 secs 
40 : 0.6028876 secs 
41 : 0.6114199 secs 
42 : 0.5987165 secs 
43 : 0.5784063 secs 
44 : 0.5789487 secs 
45 : 0.6089654 secs 
46 : 0.5761056 secs 
47 : 0.5794208 secs 
48 : 0.5806229 secs 
49 : 0.5963173 secs 
50 : 0.5810742 secs 
51 : 0.5864844 secs 
52 : 0.5728552 secs 
53 : 0.6357367 secs 
54 : 0.6219509 secs 
55 : 0.6119976 secs 
56 : 0.6040072 secs 
57 : 0.6241333 secs 
58 : 0.5815303 secs 
59 : 0.5892675 secs 
60 : 0.5758924 secs 
61 : 0.6155038 secs 
62 : 0.5744641 secs 
63 : 0.5821505 secs 
64 : 0.5718632 secs 
65 : 0.6222095 secs 
66 : 0.5959904 secs 
67 : 0.5883925 secs 
68 : 0.5754344 secs 
69 : 0.6366253 secs 
70 : 0.5790303 secs 
71 : 0.5738223 secs 
72 : 0.5927534 secs 
73 : 0.8024428 secs 
74 : 0.5963697 secs 
75 : 0.6041489 secs 
76 : 0.6100483 secs 
77 : 0.6293964 secs 
78 : 0.5846355 secs 
79 : 0.5858984 secs 
80 : 0.6031599 secs 
81 : 0.7900407 secs 
82 : 0.5784678 secs 
83 : 0.5675819 secs 
84 : 0.5675724 secs 
85 : 0.7771082 secs 
86 : 0.5685549 secs 
87 : 0.5737095 secs 
88 : 0.5647054 secs 
89 : 0.6291573 secs 
90 : 0.5946677 secs 
91 : 0.5823858 secs 
92 : 0.5745821 secs 
93 : 0.6097088 secs 
94 : 0.5960526 secs 
95 : 0.6036253 secs 
96 : 0.585027 secs 
97 : 0.6153231 secs 
98 : 0.5715272 secs 
99 : 0.5721211 secs 
100 : 0.5918756 secs 
Project 9 / 20 - 1201 - project carbon loss : 24.47325 secs 
1 : 2.767055 secs 
2 : 2.757139 secs 
3 : 2.751869 secs 
4 : 2.72407 secs 
5 : 2.685462 secs 
6 : 2.710366 secs 
7 : 2.725478 secs 
8 : 2.832051 secs 
9 : 2.727901 secs 
10 : 2.758578 secs 
11 : 2.742936 secs 
12 : 2.76667 secs 
13 : 2.847796 secs 
14 : 2.747363 secs 
15 : 2.791233 secs 
16 : 2.764447 secs 
17 : 2.688452 secs 
18 : 2.828203 secs 
19 : 2.748291 secs 
20 : 2.734515 secs 
21 : 2.765288 secs 
22 : 2.764348 secs 
23 : 2.754101 secs 
24 : 2.746781 secs 
25 : 2.903978 secs 
26 : 2.803028 secs 
27 : 2.744603 secs 
28 : 2.720484 secs 
29 : 2.86219 secs 
30 : 2.836559 secs 
31 : 2.725421 secs 
32 : 2.746592 secs 
33 : 2.762145 secs 
34 : 2.762662 secs 
35 : 2.738205 secs 
36 : 2.74897 secs 
37 : 2.979256 secs 
38 : 2.7526 secs 
39 : 2.765842 secs 
40 : 2.749871 secs 
41 : 2.741385 secs 
42 : 2.734728 secs 
43 : 2.72677 secs 
44 : 2.726941 secs 
45 : 2.857581 secs 
46 : 2.747405 secs 
47 : 2.737524 secs 
48 : 2.860238 secs 
49 : 2.8689 secs 
50 : 2.756572 secs 
51 : 2.769098 secs 
52 : 2.745267 secs 
53 : 2.770146 secs 
54 : 2.686359 secs 
55 : 2.712755 secs 
56 : 2.833036 secs 
57 : 2.851877 secs 
58 : 2.756847 secs 
59 : 2.773324 secs 
60 : 2.711958 secs 
61 : 2.931662 secs 
62 : 2.854972 secs 
63 : 2.983757 secs 
64 : 2.863855 secs 
65 : 2.883712 secs 
66 : 2.869599 secs 
67 : 2.764583 secs 
68 : 2.868961 secs 
69 : 2.909198 secs 
70 : 2.738673 secs 
71 : 2.740183 secs 
72 : 2.75794 secs 
73 : 2.917409 secs 
74 : 2.838787 secs 
75 : 2.774637 secs 
76 : 2.894007 secs 
77 : 2.795194 secs 
78 : 2.682849 secs 
79 : 2.677066 secs 
80 : 2.701807 secs 
81 : 2.889166 secs 
82 : 2.772983 secs 
83 : 2.778811 secs 
84 : 2.765842 secs 
85 : 2.778587 secs 
86 : 2.703417 secs 
87 : 2.674678 secs 
88 : 2.704134 secs 
89 : 2.793058 secs 
90 : 2.686947 secs 
91 : 2.684124 secs 
92 : 2.718233 secs 
93 : 2.903856 secs 
94 : 2.775248 secs 
95 : 2.836036 secs 
96 : 2.753259 secs 
97 : 2.876831 secs 
98 : 2.787163 secs 
99 : 2.722847 secs 
100 : 2.821127 secs 
Project 9 / 20 - 1201 - regional carbon loss : 72.36487 secs 
1 : 0.3154483 secs 
2 : 0.2762597 secs 
3 : 0.288739 secs 
4 : 0.2915938 secs 
5 : 0.354104 secs 
6 : 0.2888694 secs 
7 : 0.2844825 secs 
8 : 0.2846782 secs 
9 : 0.3261623 secs 
10 : 0.295222 secs 
11 : 0.2897666 secs 
12 : 0.2950268 secs 
13 : 0.3136108 secs 
14 : 0.2975855 secs 
15 : 0.2979159 secs 
16 : 0.3058908 secs 
17 : 0.3192544 secs 
18 : 0.2873704 secs 
19 : 0.2915332 secs 
20 : 0.284112 secs 
21 : 0.3258641 secs 
22 : 0.2898464 secs 
23 : 0.2876322 secs 
24 : 0.4131904 secs 
25 : 0.3263965 secs 
26 : 0.2947762 secs 
27 : 0.297492 secs 
28 : 0.2942953 secs 
29 : 0.3167369 secs 
30 : 0.2966735 secs 
31 : 0.2961478 secs 
32 : 0.2871449 secs 
33 : 0.3273077 secs 
34 : 0.2919695 secs 
35 : 0.287267 secs 
36 : 0.2911842 secs 
37 : 0.326225 secs 
38 : 0.2985697 secs 
39 : 0.3041232 secs 
40 : 0.3014107 secs 
41 : 0.314738 secs 
42 : 0.2876987 secs 
43 : 0.2873335 secs 
44 : 0.292237 secs 
45 : 0.3204551 secs 
46 : 0.2893097 secs 
47 : 0.2946031 secs 
48 : 0.2884443 secs 
49 : 0.3252423 secs 
50 : 0.2961318 secs 
51 : 0.291451 secs 
52 : 0.2941034 secs 
53 : 0.3202555 secs 
54 : 0.2881553 secs 
55 : 0.2865536 secs 
56 : 0.30739 secs 
57 : 0.3210022 secs 
58 : 0.2920909 secs 
59 : 0.297339 secs 
60 : 0.2946348 secs 
61 : 0.3224111 secs 
62 : 0.2842622 secs 
63 : 0.286329 secs 
64 : 0.2837095 secs 
65 : 0.3323994 secs 
66 : 0.2953787 secs 
67 : 0.294863 secs 
68 : 0.2891753 secs 
69 : 0.3237693 secs 
70 : 0.2937155 secs 
71 : 0.2938247 secs 
72 : 0.2868109 secs 
73 : 0.3421581 secs 
74 : 0.3046529 secs 
75 : 0.2917237 secs 
76 : 0.2865608 secs 
77 : 0.3324537 secs 
78 : 0.2980466 secs 
79 : 0.2997053 secs 
80 : 0.2977655 secs 
81 : 0.3198833 secs 
82 : 0.2953823 secs 
83 : 0.2960765 secs 
84 : 0.2965689 secs 
85 : 0.3200569 secs 
86 : 0.2890859 secs 
87 : 0.2915068 secs 
88 : 0.2925475 secs 
89 : 0.320581 secs 
90 : 0.2901542 secs 
91 : 0.2868755 secs 
92 : 0.2854824 secs 
93 : 0.3196476 secs 
94 : 0.2874205 secs 
95 : 0.2833095 secs 
96 : 0.2981458 secs 
97 : 0.3204787 secs 
98 : 0.2874646 secs 
99 : 0.282758 secs 
100 : 0.2866235 secs 
Project 10 / 20 - 1215 - project carbon loss : 13.00533 secs 
1 : 3.842739 secs 
2 : 3.888538 secs 
3 : 3.780108 secs 
4 : 3.931853 secs 
5 : 3.772472 secs 
6 : 3.803107 secs 
7 : 3.820842 secs 
8 : 3.893174 secs 
9 : 3.780748 secs 
10 : 3.871798 secs 
11 : 3.815418 secs 
12 : 3.821422 secs 
13 : 3.753757 secs 
14 : 3.768469 secs 
15 : 3.902965 secs 
16 : 3.826806 secs 
17 : 3.732931 secs 
18 : 3.761544 secs 
19 : 3.764079 secs 
20 : 3.922546 secs 
21 : 3.814799 secs 
22 : 3.843547 secs 
23 : 3.845399 secs 
24 : 3.793321 secs 
25 : 3.832808 secs 
26 : 3.858029 secs 
27 : 3.932736 secs 
28 : 3.794672 secs 
29 : 3.901172 secs 
30 : 3.885101 secs 
31 : 3.795351 secs 
32 : 3.805322 secs 
33 : 3.814964 secs 
34 : 3.852495 secs 
35 : 3.782643 secs 
36 : 3.874049 secs 
37 : 4.006692 secs 
38 : 3.889664 secs 
39 : 3.852775 secs 
40 : 3.895811 secs 
41 : 3.803144 secs 
42 : 3.761945 secs 
43 : 3.774328 secs 
44 : 3.814529 secs 
45 : 3.909979 secs 
46 : 3.842626 secs 
47 : 3.84616 secs 
48 : 3.904344 secs 
49 : 3.817269 secs 
50 : 3.853293 secs 
51 : 3.899192 secs 
52 : 3.911821 secs 
53 : 3.822084 secs 
54 : 3.729406 secs 
55 : 3.827177 secs 
56 : 3.895507 secs 
57 : 3.796684 secs 
58 : 3.857521 secs 
59 : 3.863976 secs 
60 : 3.851486 secs 
61 : 3.838379 secs 
62 : 3.842483 secs 
63 : 3.842131 secs 
64 : 3.830596 secs 
65 : 4.021986 secs 
66 : 3.924221 secs 
67 : 3.917699 secs 
68 : 3.855593 secs 
69 : 3.890287 secs 
70 : 3.822863 secs 
71 : 3.846794 secs 
72 : 3.842772 secs 
73 : 3.836358 secs 
74 : 3.863352 secs 
75 : 3.977334 secs 
76 : 3.988141 secs 
77 : 3.689013 secs 
78 : 3.695315 secs 
79 : 3.869229 secs 
80 : 3.768159 secs 
81 : 3.942086 secs 
82 : 3.808645 secs 
83 : 3.82892 secs 
84 : 3.791797 secs 
85 : 3.876157 secs 
86 : 3.724215 secs 
87 : 3.765031 secs 
88 : 3.74227 secs 
89 : 4.1283 secs 
90 : 3.96021 secs 
91 : 3.899451 secs 
92 : 3.797753 secs 
93 : 3.918463 secs 
94 : 3.809025 secs 
95 : 3.894705 secs 
96 : 3.803849 secs 
97 : 3.996909 secs 
98 : 3.823358 secs 
99 : 3.870596 secs 
100 : 3.884095 secs 
Project 10 / 20 - 1215 - regional carbon loss : 91.53337 secs 
1 : 0.2999878 secs 
2 : 0.29194 secs 
3 : 0.2778919 secs 
4 : 0.2769842 secs 
5 : 0.286485 secs 
6 : 0.2834952 secs 
7 : 0.280766 secs 
8 : 0.2843091 secs 
9 : 0.316051 secs 
10 : 0.28811 secs 
11 : 0.2790575 secs 
12 : 0.2842307 secs 
13 : 0.3092453 secs 
14 : 0.2756422 secs 
15 : 0.2811272 secs 
16 : 0.2772861 secs 
17 : 0.2996318 secs 
18 : 0.273973 secs 
19 : 0.2776649 secs 
20 : 0.2721884 secs 
21 : 0.3129804 secs 
22 : 0.2804382 secs 
23 : 0.2837236 secs 
24 : 0.2792113 secs 
25 : 0.3136861 secs 
26 : 0.2859151 secs 
27 : 0.2765822 secs 
28 : 0.2915542 secs 
29 : 0.3067198 secs 
30 : 0.2821968 secs 
31 : 0.2755923 secs 
32 : 0.280895 secs 
33 : 0.3109348 secs 
34 : 0.281316 secs 
35 : 0.2821465 secs 
36 : 0.2822397 secs 
37 : 0.3184829 secs 
38 : 0.3295059 secs 
39 : 0.2926674 secs 
40 : 0.2931581 secs 
41 : 0.3117063 secs 
42 : 0.2839508 secs 
43 : 0.2781577 secs 
44 : 0.2767444 secs 
45 : 0.3123426 secs 
46 : 0.2764251 secs 
47 : 0.2788339 secs 
48 : 0.2748804 secs 
49 : 0.3117499 secs 
50 : 0.2869124 secs 
51 : 0.2797339 secs 
52 : 0.2813518 secs 
53 : 0.3146586 secs 
54 : 0.2750823 secs 
55 : 0.2737548 secs 
56 : 0.275672 secs 
57 : 0.3141723 secs 
58 : 0.2845755 secs 
59 : 0.2808502 secs 
60 : 0.2827036 secs 
61 : 0.3045321 secs 
62 : 0.2848961 secs 
63 : 0.2774832 secs 
64 : 0.2764039 secs 
65 : 0.3154755 secs 
66 : 0.2804587 secs 
67 : 0.2838182 secs 
68 : 0.2792075 secs 
69 : 0.302825 secs 
70 : 0.2853074 secs 
71 : 0.28495 secs 
72 : 0.2783022 secs 
73 : 0.3534055 secs 
74 : 0.3346508 secs 
75 : 0.3078895 secs 
76 : 0.310488 secs 
77 : 0.3188441 secs 
78 : 0.2824173 secs 
79 : 0.2782311 secs 
80 : 0.2820241 secs 
81 : 0.3092225 secs 
82 : 0.278255 secs 
83 : 0.2779145 secs 
84 : 0.2763298 secs 
85 : 0.3086381 secs 
86 : 0.2739034 secs 
87 : 0.274395 secs 
88 : 0.2758458 secs 
89 : 0.3212676 secs 
90 : 0.2845411 secs 
91 : 0.2826512 secs 
92 : 0.2770209 secs 
93 : 0.3105953 secs 
94 : 0.2819796 secs 
95 : 0.2926679 secs 
96 : 0.2815583 secs 
97 : 0.3117599 secs 
98 : 0.2756622 secs 
99 : 0.2773542 secs 
100 : 0.2777369 secs 
Project 11 / 20 - 1311 - project carbon loss : 13.47733 secs 
1 : 3.441169 secs 
2 : 3.393198 secs 
3 : 3.391039 secs 
4 : 3.453809 secs 
5 : 3.361148 secs 
6 : 3.375157 secs 
7 : 3.421097 secs 
8 : 3.522583 secs 
9 : 3.383651 secs 
10 : 3.451267 secs 
11 : 3.492891 secs 
12 : 3.497058 secs 
13 : 3.453127 secs 
14 : 3.41845 secs 
15 : 3.545488 secs 
16 : 3.714479 secs 
17 : 3.359886 secs 
18 : 3.399558 secs 
19 : 3.431038 secs 
20 : 3.427942 secs 
21 : 3.554558 secs 
22 : 3.51011 secs 
23 : 3.485647 secs 
24 : 3.486552 secs 
25 : 3.429679 secs 
26 : 3.557709 secs 
27 : 3.495954 secs 
28 : 3.465919 secs 
29 : 3.526479 secs 
30 : 3.446963 secs 
31 : 3.43456 secs 
32 : 3.484972 secs 
33 : 3.499271 secs 
34 : 3.493221 secs 
35 : 3.406893 secs 
36 : 3.424222 secs 
37 : 3.670367 secs 
38 : 3.450437 secs 
39 : 3.486384 secs 
40 : 3.466185 secs 
41 : 3.443527 secs 
42 : 3.394632 secs 
43 : 3.428609 secs 
44 : 3.42015 secs 
45 : 3.547377 secs 
46 : 3.453424 secs 
47 : 3.438843 secs 
48 : 3.420762 secs 
49 : 3.43087 secs 
50 : 3.527695 secs 
51 : 3.427853 secs 
52 : 3.459163 secs 
53 : 3.414968 secs 
54 : 3.329157 secs 
55 : 3.343752 secs 
56 : 3.45144 secs 
57 : 3.551365 secs 
58 : 3.497451 secs 
59 : 3.413323 secs 
60 : 3.426556 secs 
61 : 3.357256 secs 
62 : 3.403403 secs 
63 : 3.38134 secs 
64 : 3.407143 secs 
65 : 3.577148 secs 
66 : 3.394303 secs 
67 : 3.495566 secs 
68 : 3.402014 secs 
69 : 3.513011 secs 
70 : 3.41259 secs 
71 : 3.428345 secs 
72 : 3.366312 secs 
73 : 3.585968 secs 
74 : 3.446339 secs 
75 : 3.484974 secs 
76 : 3.524415 secs 
77 : 3.327351 secs 
78 : 3.351449 secs 
79 : 3.383313 secs 
80 : 3.495758 secs 
81 : 3.565046 secs 
82 : 3.431254 secs 
83 : 3.424707 secs 
84 : 3.45843 secs 
85 : 3.463821 secs 
86 : 3.315943 secs 
87 : 3.359497 secs 
88 : 3.394615 secs 
89 : 3.480562 secs 
90 : 3.344063 secs 
91 : 3.395579 secs 
92 : 3.402559 secs 
93 : 3.558296 secs 
94 : 3.479685 secs 
95 : 3.501873 secs 
96 : 3.529181 secs 
97 : 3.555941 secs 
98 : 3.445402 secs 
99 : 3.487123 secs 
100 : 3.463052 secs 
Project 11 / 20 - 1311 - regional carbon loss : 80.62603 secs 
1 : 0.3819084 secs 
2 : 0.3341291 secs 
3 : 0.325361 secs 
4 : 0.3324742 secs 
5 : 0.4007385 secs 
6 : 0.3237314 secs 
7 : 0.3297858 secs 
8 : 0.3267889 secs 
9 : 0.3571212 secs 
10 : 0.3321404 secs 
11 : 0.3347206 secs 
12 : 0.3344703 secs 
13 : 0.4307592 secs 
14 : 0.3749068 secs 
15 : 0.3683534 secs 
16 : 0.3608732 secs 
17 : 0.3633456 secs 
18 : 0.3330204 secs 
19 : 0.3328004 secs 
20 : 0.3335376 secs 
21 : 0.3677099 secs 
22 : 0.3272777 secs 
23 : 0.3252995 secs 
24 : 0.3488066 secs 
25 : 0.3674264 secs 
26 : 0.3390443 secs 
27 : 0.3303354 secs 
28 : 0.3340223 secs 
29 : 0.3575962 secs 
30 : 0.3301327 secs 
31 : 0.3217165 secs 
32 : 0.3177316 secs 
33 : 0.3650002 secs 
34 : 0.3356657 secs 
35 : 0.3317537 secs 
36 : 0.327311 secs 
37 : 0.4152355 secs 
38 : 0.3462203 secs 
39 : 0.3452098 secs 
40 : 0.350503 secs 
41 : 0.3551116 secs 
42 : 0.3261187 secs 
43 : 0.3289747 secs 
44 : 0.3227162 secs 
45 : 0.3612144 secs 
46 : 0.3318057 secs 
47 : 0.3388212 secs 
48 : 0.3351576 secs 
49 : 0.3661108 secs 
50 : 0.3301139 secs 
51 : 0.3327136 secs 
52 : 0.3330183 secs 
53 : 0.3606768 secs 
54 : 0.3267987 secs 
55 : 0.3220057 secs 
56 : 0.3216679 secs 
57 : 0.3698025 secs 
58 : 0.339566 secs 
59 : 0.3371811 secs 
60 : 0.3405688 secs 
61 : 0.3583264 secs 
62 : 0.326195 secs 
63 : 0.3260307 secs 
64 : 0.3168964 secs 
65 : 0.3775544 secs 
66 : 0.331861 secs 
67 : 0.3328335 secs 
68 : 0.3308265 secs 
69 : 0.3590038 secs 
70 : 0.3314519 secs 
71 : 0.3287563 secs 
72 : 0.3257406 secs 
73 : 0.4356894 secs 
74 : 0.3930674 secs 
75 : 0.3880692 secs 
76 : 0.381892 secs 
77 : 0.3648155 secs 
78 : 0.331521 secs 
79 : 0.3354616 secs 
80 : 0.3251522 secs 
81 : 0.3527811 secs 
82 : 0.3318729 secs 
83 : 0.3257277 secs 
84 : 0.3300428 secs 
85 : 0.373018 secs 
86 : 0.3393688 secs 
87 : 0.3332858 secs 
88 : 0.333858 secs 
89 : 0.3589094 secs 
90 : 0.3231544 secs 
91 : 0.3281963 secs 
92 : 0.3225698 secs 
93 : 0.351845 secs 
94 : 0.3306773 secs 
95 : 0.3240638 secs 
96 : 0.3257916 secs 
97 : 0.3687119 secs 
98 : 0.3296683 secs 
99 : 0.329416 secs 
100 : 0.3356118 secs 
Project 12 / 20 - 1384 - project carbon loss : 17.30326 secs 
1 : 2.980694 secs 
2 : 2.868217 secs 
3 : 2.888981 secs 
4 : 2.89314 secs 
5 : 2.847686 secs 
6 : 2.862179 secs 
7 : 2.914967 secs 
8 : 2.927556 secs 
9 : 2.879422 secs 
10 : 2.936801 secs 
11 : 2.94457 secs 
12 : 2.930173 secs 
13 : 3.138735 secs 
14 : 3.044818 secs 
15 : 2.999424 secs 
16 : 2.959293 secs 
17 : 2.850578 secs 
18 : 2.902792 secs 
19 : 2.851389 secs 
20 : 2.865949 secs 
21 : 3.055691 secs 
22 : 2.925258 secs 
23 : 2.903592 secs 
24 : 2.891311 secs 
25 : 2.99868 secs 
26 : 2.917344 secs 
27 : 2.904783 secs 
28 : 2.898561 secs 
29 : 3.125338 secs 
30 : 2.862388 secs 
31 : 2.858586 secs 
32 : 2.90812 secs 
33 : 3.079722 secs 
34 : 2.932986 secs 
35 : 2.929098 secs 
36 : 2.899466 secs 
37 : 3.13918 secs 
38 : 2.979983 secs 
39 : 3.040044 secs 
40 : 2.946993 secs 
41 : 2.986072 secs 
42 : 2.955129 secs 
43 : 2.884905 secs 
44 : 2.911853 secs 
45 : 3.044953 secs 
46 : 2.914933 secs 
47 : 2.925322 secs 
48 : 2.910452 secs 
49 : 3.035006 secs 
50 : 2.936111 secs 
51 : 2.921552 secs 
52 : 2.939978 secs 
53 : 2.924201 secs 
54 : 2.838386 secs 
55 : 2.842484 secs 
56 : 2.861892 secs 
57 : 2.972292 secs 
58 : 2.845406 secs 
59 : 2.897763 secs 
60 : 2.883769 secs 
61 : 2.966395 secs 
62 : 2.856616 secs 
63 : 2.925978 secs 
64 : 2.8326 secs 
65 : 2.990362 secs 
66 : 2.909325 secs 
67 : 2.91339 secs 
68 : 2.930086 secs 
69 : 2.937703 secs 
70 : 2.872947 secs 
71 : 2.870983 secs 
72 : 2.894274 secs 
73 : 3.250391 secs 
74 : 2.867244 secs 
75 : 2.926676 secs 
76 : 2.978839 secs 
77 : 2.95293 secs 
78 : 2.82997 secs 
79 : 2.833264 secs 
80 : 2.799063 secs 
81 : 2.999095 secs 
82 : 2.950784 secs 
83 : 2.880405 secs 
84 : 2.875715 secs 
85 : 2.963916 secs 
86 : 2.888843 secs 
87 : 2.79183 secs 
88 : 2.826576 secs 
89 : 2.897021 secs 
90 : 2.903209 secs 
91 : 3.023442 secs 
92 : 2.868175 secs 
93 : 2.992688 secs 
94 : 2.913398 secs 
95 : 2.865242 secs 
96 : 2.894721 secs 
97 : 3.00126 secs 
98 : 2.881457 secs 
99 : 2.844961 secs 
100 : 2.889762 secs 
Project 12 / 20 - 1384 - regional carbon loss : 71.92461 secs 
1 : 1.40626 secs 
2 : 1.34958 secs 
3 : 1.365612 secs 
4 : 1.409108 secs 
5 : 1.404034 secs 
6 : 1.484654 secs 
7 : 1.36549 secs 
8 : 1.38411 secs 
9 : 1.418922 secs 
10 : 1.379316 secs 
11 : 1.393379 secs 
12 : 1.418844 secs 
13 : 1.467953 secs 
14 : 1.380206 secs 
15 : 1.398707 secs 
16 : 1.407142 secs 
17 : 1.374489 secs 
18 : 1.360204 secs 
19 : 1.447535 secs 
20 : 1.455781 secs 
21 : 1.418531 secs 
22 : 1.378746 secs 
23 : 1.390224 secs 
24 : 1.42084 secs 
25 : 1.397753 secs 
26 : 1.387614 secs 
27 : 1.413175 secs 
28 : 1.421761 secs 
29 : 1.414953 secs 
30 : 1.397045 secs 
31 : 1.397642 secs 
32 : 1.374017 secs 
33 : 1.547987 secs 
34 : 1.399356 secs 
35 : 1.401576 secs 
36 : 1.373027 secs 
37 : 1.573646 secs 
38 : 1.437766 secs 
39 : 1.35474 secs 
40 : 1.347778 secs 
41 : 1.440233 secs 
42 : 1.397557 secs 
43 : 1.402534 secs 
44 : 1.391404 secs 
45 : 1.422886 secs 
46 : 1.397124 secs 
47 : 1.392114 secs 
48 : 1.367261 secs 
49 : 1.427267 secs 
50 : 1.369135 secs 
51 : 1.386701 secs 
52 : 1.381966 secs 
53 : 1.43293 secs 
54 : 1.402681 secs 
55 : 1.527649 secs 
56 : 1.356696 secs 
57 : 1.421381 secs 
58 : 1.384708 secs 
59 : 1.371608 secs 
60 : 1.376951 secs 
61 : 1.402778 secs 
62 : 1.393119 secs 
63 : 1.373613 secs 
64 : 1.36417 secs 
65 : 1.41252 secs 
66 : 1.376515 secs 
67 : 1.516431 secs 
68 : 1.370629 secs 
69 : 1.400365 secs 
70 : 1.37806 secs 
71 : 1.361394 secs 
72 : 1.357609 secs 
73 : 1.689307 secs 
74 : 1.374478 secs 
75 : 1.395647 secs 
76 : 1.376589 secs 
77 : 1.394106 secs 
78 : 1.393583 secs 
79 : 1.371936 secs 
80 : 1.371055 secs 
81 : 1.405071 secs 
82 : 1.380429 secs 
83 : 1.376359 secs 
84 : 1.368224 secs 
85 : 1.391406 secs 
86 : 1.343457 secs 
87 : 1.353813 secs 
88 : 1.336751 secs 
89 : 1.428082 secs 
90 : 1.346111 secs 
91 : 1.371464 secs 
92 : 1.344531 secs 
93 : 1.400998 secs 
94 : 1.525611 secs 
95 : 1.337411 secs 
96 : 1.343691 secs 
97 : 1.368993 secs 
98 : 1.360712 secs 
99 : 1.359457 secs 
100 : 1.350401 secs 
Project 13 / 20 - 1390 - project carbon loss : 18.11059 secs 
1 : 2.620417 secs 
2 : 2.717996 secs 
3 : 2.604531 secs 
4 : 2.610893 secs 
5 : 2.581473 secs 
6 : 2.598176 secs 
7 : 2.612878 secs 
8 : 2.70727 secs 
9 : 2.712779 secs 
10 : 2.621182 secs 
11 : 2.650047 secs 
12 : 2.617671 secs 
13 : 2.664893 secs 
14 : 2.705358 secs 
15 : 2.806535 secs 
16 : 2.697376 secs 
17 : 2.607539 secs 
18 : 2.725827 secs 
19 : 2.621037 secs 
20 : 2.583442 secs 
21 : 2.704728 secs 
22 : 2.733232 secs 
23 : 2.679328 secs 
24 : 2.778796 secs 
25 : 2.684317 secs 
26 : 2.68891 secs 
27 : 2.676629 secs 
28 : 2.674448 secs 
29 : 2.782248 secs 
30 : 2.678654 secs 
31 : 2.670775 secs 
32 : 2.65634 secs 
33 : 2.643815 secs 
34 : 2.633979 secs 
35 : 2.672663 secs 
36 : 2.603951 secs 
37 : 2.69689 secs 
38 : 2.605176 secs 
39 : 2.642777 secs 
40 : 2.599827 secs 
41 : 2.724242 secs 
42 : 2.653061 secs 
43 : 2.63731 secs 
44 : 2.704061 secs 
45 : 2.718377 secs 
46 : 2.780628 secs 
47 : 2.616466 secs 
48 : 2.705498 secs 
49 : 2.762399 secs 
50 : 2.725968 secs 
51 : 2.741497 secs 
52 : 2.716025 secs 
53 : 2.561566 secs 
54 : 2.599509 secs 
55 : 2.603544 secs 
56 : 2.606788 secs 
57 : 2.76269 secs 
58 : 2.67331 secs 
59 : 2.689606 secs 
60 : 2.641084 secs 
61 : 2.576488 secs 
62 : 2.612725 secs 
63 : 2.605857 secs 
64 : 2.611228 secs 
65 : 2.687943 secs 
66 : 2.65663 secs 
67 : 2.664963 secs 
68 : 2.709729 secs 
69 : 2.679572 secs 
70 : 2.656013 secs 
71 : 2.690113 secs 
72 : 2.641833 secs 
73 : 2.758681 secs 
74 : 2.689977 secs 
75 : 2.691221 secs 
76 : 2.709848 secs 
77 : 2.679567 secs 
78 : 2.714002 secs 
79 : 2.558969 secs 
80 : 2.566926 secs 
81 : 2.725162 secs 
82 : 2.721132 secs 
83 : 2.651 secs 
84 : 2.692 secs 
85 : 2.558264 secs 
86 : 2.617498 secs 
87 : 2.584353 secs 
88 : 2.58342 secs 
89 : 2.602779 secs 
90 : 2.607513 secs 
91 : 2.609741 secs 
92 : 2.667307 secs 
93 : 2.609291 secs 
94 : 2.626714 secs 
95 : 2.649283 secs 
96 : 2.64808 secs 
97 : 2.701062 secs 
98 : 2.72733 secs 
99 : 2.697659 secs 
100 : 2.709683 secs 
Project 13 / 20 - 1390 - regional carbon loss : 50.30295 secs 
1 : 0.9939322 secs 
2 : 0.9755433 secs 
3 : 0.9699399 secs 
4 : 1.006102 secs 
5 : 1.016544 secs 
6 : 0.9857781 secs 
7 : 0.9935 secs 
8 : 0.9980505 secs 
9 : 1.009718 secs 
10 : 0.9775069 secs 
11 : 0.9833364 secs 
12 : 0.9802806 secs 
13 : 1.018908 secs 
14 : 1.13083 secs 
15 : 1.040599 secs 
16 : 0.9784033 secs 
17 : 0.9934945 secs 
18 : 0.9768412 secs 
19 : 0.9766421 secs 
20 : 0.9851363 secs 
21 : 1.004631 secs 
22 : 0.9747794 secs 
23 : 0.9785521 secs 
24 : 0.9677944 secs 
25 : 1.083272 secs 
26 : 0.9783564 secs 
27 : 0.964021 secs 
28 : 0.9796598 secs 
29 : 1.010713 secs 
30 : 0.9867201 secs 
31 : 0.9794154 secs 
32 : 1.008571 secs 
33 : 1.018241 secs 
34 : 0.9786093 secs 
35 : 0.9786305 secs 
36 : 0.9877386 secs 
37 : 1.100777 secs 
38 : 1.075506 secs 
39 : 1.017227 secs 
40 : 1.000335 secs 
41 : 0.9984574 secs 
42 : 0.9779284 secs 
43 : 0.9635143 secs 
44 : 0.970166 secs 
45 : 1.013118 secs 
46 : 0.9789848 secs 
47 : 0.9795334 secs 
48 : 0.9880133 secs 
49 : 1.025304 secs 
50 : 1.008339 secs 
51 : 1.000767 secs 
52 : 1.001186 secs 
53 : 1.011861 secs 
54 : 0.979773 secs 
55 : 0.9826615 secs 
56 : 0.9909227 secs 
57 : 1.022021 secs 
58 : 1.001824 secs 
59 : 0.9993403 secs 
60 : 0.9895995 secs 
61 : 0.9933834 secs 
62 : 0.9779356 secs 
63 : 0.9787848 secs 
64 : 0.9853523 secs 
65 : 1.028566 secs 
66 : 1.00537 secs 
67 : 0.9999413 secs 
68 : 1.014591 secs 
69 : 1.023707 secs 
70 : 0.9963179 secs 
71 : 0.9838846 secs 
72 : 0.9882622 secs 
73 : 1.405968 secs 
74 : 1.077336 secs 
75 : 1.005843 secs 
76 : 1.274122 secs 
77 : 0.9990864 secs 
78 : 0.9732037 secs 
79 : 0.961725 secs 
80 : 0.9681776 secs 
81 : 1.023389 secs 
82 : 0.9925966 secs 
83 : 0.9831862 secs 
84 : 0.9930332 secs 
85 : 1.017065 secs 
86 : 0.9755809 secs 
87 : 0.9865379 secs 
88 : 1.003664 secs 
89 : 1.028627 secs 
90 : 0.9759166 secs 
91 : 0.9707084 secs 
92 : 0.9737308 secs 
93 : 1.008749 secs 
94 : 0.9884071 secs 
95 : 0.9924223 secs 
96 : 1.006327 secs 
97 : 1.022141 secs 
98 : 1.001347 secs 
99 : 1.165809 secs 
100 : 0.9806325 secs 
Project 14 / 20 - 1395 - project carbon loss : 16.57449 secs 
1 : 2.656133 secs 
2 : 2.632357 secs 
3 : 2.651935 secs 
4 : 2.751053 secs 
5 : 2.601166 secs 
6 : 2.608838 secs 
7 : 2.707757 secs 
8 : 2.634932 secs 
9 : 2.745626 secs 
10 : 2.619347 secs 
11 : 2.656382 secs 
12 : 2.662516 secs 
13 : 2.715578 secs 
14 : 2.617618 secs 
15 : 2.644298 secs 
16 : 2.651678 secs 
17 : 2.604817 secs 
18 : 2.587353 secs 
19 : 2.609122 secs 
20 : 2.579595 secs 
21 : 2.64002 secs 
22 : 2.628034 secs 
23 : 2.61869 secs 
24 : 2.638421 secs 
25 : 2.708441 secs 
26 : 2.643021 secs 
27 : 2.628268 secs 
28 : 2.71648 secs 
29 : 2.642886 secs 
30 : 2.732807 secs 
31 : 2.624041 secs 
32 : 2.641195 secs 
33 : 2.765345 secs 
34 : 2.650216 secs 
35 : 2.735689 secs 
36 : 2.665033 secs 
37 : 2.674403 secs 
38 : 2.74381 secs 
39 : 2.61092 secs 
40 : 2.599489 secs 
41 : 2.61468 secs 
42 : 2.646899 secs 
43 : 2.648322 secs 
44 : 2.6879 secs 
45 : 2.689587 secs 
46 : 2.694595 secs 
47 : 2.732765 secs 
48 : 2.719873 secs 
49 : 2.65805 secs 
50 : 2.710398 secs 
51 : 2.676028 secs 
52 : 2.767559 secs 
53 : 2.62051 secs 
54 : 2.60505 secs 
55 : 2.659281 secs 
56 : 2.597471 secs 
57 : 2.709135 secs 
58 : 2.713809 secs 
59 : 2.693346 secs 
60 : 2.746857 secs 
61 : 2.746249 secs 
62 : 2.591467 secs 
63 : 2.590188 secs 
64 : 2.606292 secs 
65 : 2.696843 secs 
66 : 2.727403 secs 
67 : 2.72059 secs 
68 : 2.793149 secs 
69 : 2.827468 secs 
70 : 2.606283 secs 
71 : 2.624769 secs 
72 : 2.654785 secs 
73 : 2.773351 secs 
74 : 2.747513 secs 
75 : 2.710711 secs 
76 : 2.747439 secs 
77 : 2.581145 secs 
78 : 2.557772 secs 
79 : 2.56028 secs 
80 : 2.581774 secs 
81 : 2.765684 secs 
82 : 2.639848 secs 
83 : 2.645834 secs 
84 : 2.615683 secs 
85 : 2.609925 secs 
86 : 2.771807 secs 
87 : 2.574198 secs 
88 : 2.617846 secs 
89 : 2.619628 secs 
90 : 2.640201 secs 
91 : 2.657675 secs 
92 : 2.641923 secs 
93 : 2.659431 secs 
94 : 2.670602 secs 
95 : 2.68362 secs 
96 : 2.72582 secs 
97 : 2.666883 secs 
98 : 2.677064 secs 
99 : 2.67342 secs 
100 : 2.705988 secs 
Project 14 / 20 - 1395 - regional carbon loss : 50.43215 secs 
1 : 0.7711353 secs 
2 : 0.7450294 secs 
3 : 0.7485511 secs 
4 : 0.7520678 secs 
5 : 0.7927222 secs 
6 : 0.7669122 secs 
7 : 0.7502236 secs 
8 : 0.7676296 secs 
9 : 0.7874987 secs 
10 : 0.7528431 secs 
11 : 0.7716835 secs 
12 : 0.7740974 secs 
13 : 0.7824655 secs 
14 : 0.7573121 secs 
15 : 0.7663817 secs 
16 : 0.7655725 secs 
17 : 0.7929227 secs 
18 : 0.8515823 secs 
19 : 0.7524216 secs 
20 : 0.7485318 secs 
21 : 0.7936716 secs 
22 : 0.7972341 secs 
23 : 0.7619784 secs 
24 : 0.7636194 secs 
25 : 0.8034749 secs 
26 : 0.7586648 secs 
27 : 0.7638967 secs 
28 : 0.7583902 secs 
29 : 0.7951813 secs 
30 : 0.7679198 secs 
31 : 0.7517147 secs 
32 : 0.7487798 secs 
33 : 0.7906528 secs 
34 : 0.7612088 secs 
35 : 0.7449574 secs 
36 : 0.7446866 secs 
37 : 0.8020523 secs 
38 : 0.7531698 secs 
39 : 0.7528911 secs 
40 : 0.7458286 secs 
41 : 0.7873082 secs 
42 : 0.7438674 secs 
43 : 0.7463279 secs 
44 : 0.7473309 secs 
45 : 0.7903845 secs 
46 : 0.7549 secs 
47 : 0.7561078 secs 
48 : 0.76531 secs 
49 : 0.7816958 secs 
50 : 0.7554042 secs 
51 : 0.7566326 secs 
52 : 0.7572803 secs 
53 : 0.7727273 secs 
54 : 0.7492793 secs 
55 : 0.758724 secs 
56 : 0.7598679 secs 
57 : 0.7777209 secs 
58 : 0.751199 secs 
59 : 0.7562163 secs 
60 : 0.7525859 secs 
61 : 0.7784216 secs 
62 : 0.7624717 secs 
63 : 0.7500949 secs 
64 : 0.7535844 secs 
65 : 0.7819445 secs 
66 : 0.7657149 secs 
67 : 0.749038 secs 
68 : 0.7463565 secs 
69 : 0.799386 secs 
70 : 0.7548563 secs 
71 : 0.7602916 secs 
72 : 0.7589827 secs 
73 : 0.8069651 secs 
74 : 0.7762518 secs 
75 : 0.784059 secs 
76 : 0.7702248 secs 
77 : 0.7889621 secs 
78 : 0.787358 secs 
79 : 0.7508795 secs 
80 : 0.7494855 secs 
81 : 0.7815456 secs 
82 : 0.7642219 secs 
83 : 0.7539515 secs 
84 : 0.7455935 secs 
85 : 0.7814445 secs 
86 : 0.7501113 secs 
87 : 0.750715 secs 
88 : 0.7432206 secs 
89 : 0.955256 secs 
90 : 0.7391021 secs 
91 : 0.7386158 secs 
92 : 0.7388999 secs 
93 : 0.8011622 secs 
94 : 0.7622418 secs 
95 : 0.7653191 secs 
96 : 0.75968 secs 
97 : 0.7847221 secs 
98 : 0.7459645 secs 
99 : 0.74879 secs 
100 : 0.7500942 secs 
Project 15 / 20 - 1396 - project carbon loss : 19.51973 secs 
1 : 2.485789 secs 
2 : 2.460465 secs 
3 : 2.497845 secs 
4 : 2.526775 secs 
5 : 2.478264 secs 
6 : 2.450372 secs 
7 : 2.539384 secs 
8 : 2.551059 secs 
9 : 2.512442 secs 
10 : 2.610198 secs 
11 : 2.521421 secs 
12 : 2.537704 secs 
13 : 2.460662 secs 
14 : 2.511993 secs 
15 : 2.512621 secs 
16 : 2.502231 secs 
17 : 2.54452 secs 
18 : 2.48201 secs 
19 : 2.524822 secs 
20 : 2.507024 secs 
21 : 2.609648 secs 
22 : 2.536071 secs 
23 : 2.513446 secs 
24 : 2.513309 secs 
25 : 2.65733 secs 
26 : 2.557715 secs 
27 : 2.539863 secs 
28 : 2.543064 secs 
29 : 2.550603 secs 
30 : 2.528134 secs 
31 : 2.498649 secs 
32 : 2.476357 secs 
33 : 2.566993 secs 
34 : 2.537164 secs 
35 : 2.52768 secs 
36 : 2.540248 secs 
37 : 2.585411 secs 
38 : 2.516091 secs 
39 : 2.536927 secs 
40 : 2.548033 secs 
41 : 2.522415 secs 
42 : 2.540596 secs 
43 : 2.497376 secs 
44 : 2.513411 secs 
45 : 2.543031 secs 
46 : 2.632494 secs 
47 : 2.504403 secs 
48 : 2.521129 secs 
49 : 2.624435 secs 
50 : 2.538312 secs 
51 : 2.524446 secs 
52 : 2.542048 secs 
53 : 2.598129 secs 
54 : 2.490905 secs 
55 : 2.489962 secs 
56 : 2.50445 secs 
57 : 2.638937 secs 
58 : 2.512213 secs 
59 : 2.515692 secs 
60 : 2.486708 secs 
61 : 2.617164 secs 
62 : 2.545177 secs 
63 : 2.4536 secs 
64 : 2.467696 secs 
65 : 2.604532 secs 
66 : 2.495394 secs 
67 : 2.504559 secs 
68 : 2.517377 secs 
69 : 2.554829 secs 
70 : 2.519861 secs 
71 : 2.528067 secs 
72 : 2.530687 secs 
73 : 2.670729 secs 
74 : 2.579538 secs 
75 : 2.569264 secs 
76 : 2.56582 secs 
77 : 2.597507 secs 
78 : 2.475971 secs 
79 : 2.466424 secs 
80 : 2.491169 secs 
81 : 2.589334 secs 
82 : 2.51027 secs 
83 : 2.527075 secs 
84 : 2.556778 secs 
85 : 2.600055 secs 
86 : 2.455562 secs 
87 : 2.468511 secs 
88 : 2.454222 secs 
89 : 2.474862 secs 
90 : 2.463126 secs 
91 : 2.491762 secs 
92 : 2.46852 secs 
93 : 2.631062 secs 
94 : 2.496146 secs 
95 : 2.516328 secs 
96 : 2.506338 secs 
97 : 2.595544 secs 
98 : 2.569971 secs 
99 : 2.550226 secs 
100 : 2.572385 secs 
Project 15 / 20 - 1396 - regional carbon loss : 51.39059 secs 
1 : 0.2133851 secs 
2 : 0.1765304 secs 
3 : 0.1989136 secs 
4 : 0.1788826 secs 
5 : 0.2136753 secs 
6 : 0.1841424 secs 
7 : 0.1742966 secs 
8 : 0.184459 secs 
9 : 0.2187173 secs 
10 : 0.1815197 secs 
11 : 0.1815557 secs 
12 : 0.1825366 secs 
13 : 0.2112293 secs 
14 : 0.1740532 secs 
15 : 0.1825807 secs 
16 : 0.1858637 secs 
17 : 0.2259412 secs 
18 : 0.1826711 secs 
19 : 0.1814439 secs 
20 : 0.1828341 secs 
21 : 0.2228723 secs 
22 : 0.1829221 secs 
23 : 0.183213 secs 
24 : 0.1841533 secs 
25 : 0.2088666 secs 
26 : 0.1889327 secs 
27 : 0.1850247 secs 
28 : 0.1831827 secs 
29 : 0.2140343 secs 
30 : 0.1806438 secs 
31 : 0.180573 secs 
32 : 0.2199528 secs 
33 : 0.2124147 secs 
34 : 0.187983 secs 
35 : 0.1797698 secs 
36 : 0.1917632 secs 
37 : 0.2574611 secs 
38 : 0.2099233 secs 
39 : 0.2045369 secs 
40 : 0.1907854 secs 
41 : 0.2160523 secs 
42 : 0.1814628 secs 
43 : 0.1809478 secs 
44 : 0.1740115 secs 
45 : 0.2174532 secs 
46 : 0.186456 secs 
47 : 0.1759088 secs 
48 : 0.1874628 secs 
49 : 0.2376146 secs 
50 : 0.1866045 secs 
51 : 0.1857717 secs 
52 : 0.1856866 secs 
53 : 0.2128403 secs 
54 : 0.1825724 secs 
55 : 0.1740451 secs 
56 : 0.1837859 secs 
57 : 0.2095764 secs 
58 : 0.1836603 secs 
59 : 0.1841645 secs 
60 : 0.1826727 secs 
61 : 0.2155237 secs 
62 : 0.1804814 secs 
63 : 0.1735017 secs 
64 : 0.1834819 secs 
65 : 0.204715 secs 
66 : 0.1904871 secs 
67 : 0.1846395 secs 
68 : 0.1849246 secs 
69 : 0.2208855 secs 
70 : 0.1868124 secs 
71 : 0.2135215 secs 
72 : 0.1894975 secs 
73 : 0.2412596 secs 
74 : 0.1864557 secs 
75 : 0.1855028 secs 
76 : 0.1932967 secs 
77 : 0.2173893 secs 
78 : 0.1873593 secs 
79 : 0.1804752 secs 
80 : 0.1885619 secs 
81 : 0.221843 secs 
82 : 0.1817982 secs 
83 : 0.1801538 secs 
84 : 0.1803725 secs 
85 : 0.2127469 secs 
86 : 0.1825669 secs 
87 : 0.1811233 secs 
88 : 0.179481 secs 
89 : 0.2213705 secs 
90 : 0.1868882 secs 
91 : 0.1831169 secs 
92 : 0.1836591 secs 
93 : 0.2144079 secs 
94 : 0.183727 secs 
95 : 0.178616 secs 
96 : 0.1910555 secs 
97 : 0.2194109 secs 
98 : 0.1869967 secs 
99 : 0.1920331 secs 
100 : 0.187665 secs 
Project 16 / 20 - 1399 - project carbon loss : 13.14173 secs 
1 : 2.700717 secs 
2 : 2.774233 secs 
3 : 2.644829 secs 
4 : 2.661887 secs 
5 : 2.686512 secs 
6 : 2.768081 secs 
7 : 2.627506 secs 
8 : 2.656501 secs 
9 : 2.683294 secs 
10 : 2.681765 secs 
11 : 2.656408 secs 
12 : 2.671565 secs 
13 : 2.745836 secs 
14 : 2.634228 secs 
15 : 2.734073 secs 
16 : 2.648849 secs 
17 : 2.633284 secs 
18 : 2.625664 secs 
19 : 2.625506 secs 
20 : 2.621314 secs 
21 : 2.771747 secs 
22 : 2.665326 secs 
23 : 2.640629 secs 
24 : 2.738317 secs 
25 : 2.621155 secs 
26 : 2.661596 secs 
27 : 2.736784 secs 
28 : 2.634404 secs 
29 : 2.771063 secs 
30 : 2.621038 secs 
31 : 2.627726 secs 
32 : 2.617342 secs 
33 : 2.630018 secs 
34 : 2.682626 secs 
35 : 2.628294 secs 
36 : 2.655434 secs 
37 : 2.848828 secs 
38 : 2.807693 secs 
39 : 2.669189 secs 
40 : 2.612129 secs 
41 : 2.746302 secs 
42 : 2.615998 secs 
43 : 2.656476 secs 
44 : 2.63774 secs 
45 : 2.676167 secs 
46 : 2.681176 secs 
47 : 2.669848 secs 
48 : 2.689237 secs 
49 : 2.655751 secs 
50 : 2.647053 secs 
51 : 2.691796 secs 
52 : 2.632807 secs 
53 : 2.766137 secs 
54 : 2.700656 secs 
55 : 2.600839 secs 
56 : 2.609011 secs 
57 : 2.906472 secs 
58 : 2.663311 secs 
59 : 2.631761 secs 
60 : 2.656744 secs 
61 : 2.618406 secs 
62 : 2.606126 secs 
63 : 2.598176 secs 
64 : 2.627298 secs 
65 : 2.753842 secs 
66 : 2.583391 secs 
67 : 2.611779 secs 
68 : 2.630855 secs 
69 : 2.696817 secs 
70 : 2.695671 secs 
71 : 2.683374 secs 
72 : 2.784179 secs 
73 : 2.712063 secs 
74 : 2.599298 secs 
75 : 2.605953 secs 
76 : 2.605319 secs 
77 : 2.566317 secs 
78 : 2.659707 secs 
79 : 2.565373 secs 
80 : 2.568992 secs 
81 : 2.727957 secs 
82 : 2.611649 secs 
83 : 2.591912 secs 
84 : 2.60183 secs 
85 : 2.698393 secs 
86 : 2.589648 secs 
87 : 2.575373 secs 
88 : 2.574766 secs 
89 : 2.594193 secs 
90 : 2.64025 secs 
91 : 2.625977 secs 
92 : 2.649692 secs 
93 : 2.758626 secs 
94 : 2.613187 secs 
95 : 2.709139 secs 
96 : 2.625391 secs 
97 : 2.802455 secs 
98 : 2.606567 secs 
99 : 2.623687 secs 
100 : 2.60146 secs 
Project 16 / 20 - 1399 - regional carbon loss : 52.51103 secs 
1 : 1.648448 secs 
2 : 1.606151 secs 
3 : 1.666352 secs 
4 : 1.638252 secs 
5 : 1.668913 secs 
6 : 1.637766 secs 
7 : 1.71387 secs 
8 : 1.694619 secs 
9 : 1.655991 secs 
10 : 1.641832 secs 
11 : 1.770476 secs 
12 : 1.639678 secs 
13 : 1.696563 secs 
14 : 1.661306 secs 
15 : 1.670279 secs 
16 : 1.670135 secs 
17 : 1.64872 secs 
18 : 1.671047 secs 
19 : 1.651237 secs 
20 : 1.653078 secs 
21 : 1.665002 secs 
22 : 1.631042 secs 
23 : 1.658599 secs 
24 : 1.638304 secs 
25 : 1.687071 secs 
26 : 1.65451 secs 
27 : 1.671365 secs 
28 : 1.679019 secs 
29 : 1.67061 secs 
30 : 1.676111 secs 
31 : 1.644453 secs 
32 : 1.650551 secs 
33 : 1.671369 secs 
34 : 1.647553 secs 
35 : 1.690372 secs 
36 : 1.687071 secs 
37 : 1.716302 secs 
38 : 1.635364 secs 
39 : 1.63327 secs 
40 : 1.62813 secs 
41 : 1.785907 secs 
42 : 1.63496 secs 
43 : 1.625907 secs 
44 : 1.636099 secs 
45 : 1.698838 secs 
46 : 1.674091 secs 
47 : 1.681884 secs 
48 : 1.665811 secs 
49 : 1.7122 secs 
50 : 1.698173 secs 
51 : 1.664881 secs 
52 : 1.650944 secs 
53 : 1.68358 secs 
54 : 1.643932 secs 
55 : 1.648083 secs 
56 : 1.629837 secs 
57 : 1.658651 secs 
58 : 1.661943 secs 
59 : 1.648694 secs 
60 : 1.655029 secs 
61 : 1.672561 secs 
62 : 1.641856 secs 
63 : 1.646476 secs 
64 : 1.644114 secs 
65 : 1.679288 secs 
66 : 1.655515 secs 
67 : 1.651315 secs 
68 : 1.651035 secs 
69 : 1.675067 secs 
70 : 1.634133 secs 
71 : 1.634638 secs 
72 : 1.632576 secs 
73 : 1.832589 secs 
74 : 1.667006 secs 
75 : 1.656704 secs 
76 : 1.644048 secs 
77 : 1.66949 secs 
78 : 1.615143 secs 
79 : 1.606461 secs 
80 : 1.619629 secs 
81 : 1.679773 secs 
82 : 1.638328 secs 
83 : 1.740111 secs 
84 : 1.601908 secs 
85 : 1.700047 secs 
86 : 1.639783 secs 
87 : 1.621201 secs 
88 : 1.616093 secs 
89 : 1.685711 secs 
90 : 1.640221 secs 
91 : 1.731075 secs 
92 : 1.590239 secs 
93 : 1.663632 secs 
94 : 1.642357 secs 
95 : 1.626502 secs 
96 : 1.620571 secs 
97 : 1.699159 secs 
98 : 1.655127 secs 
99 : 1.636504 secs 
100 : 1.639984 secs 
Project 17 / 20 - 1477 - project carbon loss : 25.23633 secs 
1 : 3.138292 secs 
2 : 3.013441 secs 
3 : 3.046435 secs 
4 : 3.066236 secs 
5 : 3.020319 secs 
6 : 3.095564 secs 
7 : 3.038825 secs 
8 : 3.081838 secs 
9 : 2.98927 secs 
10 : 2.996945 secs 
11 : 3.032536 secs 
12 : 3.03936 secs 
13 : 2.996241 secs 
14 : 3.012463 secs 
15 : 3.046282 secs 
16 : 3.134221 secs 
17 : 2.953189 secs 
18 : 3.00571 secs 
19 : 2.996569 secs 
20 : 3.093209 secs 
21 : 3.035959 secs 
22 : 3.027944 secs 
23 : 3.060206 secs 
24 : 3.016943 secs 
25 : 3.18717 secs 
26 : 3.174932 secs 
27 : 3.017132 secs 
28 : 3.06183 secs 
29 : 3.137834 secs 
30 : 3.094572 secs 
31 : 3.009237 secs 
32 : 3.011658 secs 
33 : 3.111289 secs 
34 : 3.020082 secs 
35 : 3.052519 secs 
36 : 3.069727 secs 
37 : 3.159572 secs 
38 : 3.09145 secs 
39 : 3.261343 secs 
40 : 3.097029 secs 
41 : 3.005597 secs 
42 : 3.006812 secs 
43 : 3.041987 secs 
44 : 3.00445 secs 
45 : 2.995926 secs 
46 : 3.043583 secs 
47 : 3.053677 secs 
48 : 3.075699 secs 
49 : 3.143992 secs 
50 : 3.007096 secs 
51 : 3.065973 secs 
52 : 3.026942 secs 
53 : 3.076649 secs 
54 : 3.040371 secs 
55 : 3.000275 secs 
56 : 3.034962 secs 
57 : 3.187421 secs 
58 : 3.03873 secs 
59 : 3.131233 secs 
60 : 3.030513 secs 
61 : 3.08237 secs 
62 : 3.018427 secs 
63 : 3.008913 secs 
64 : 2.9886 secs 
65 : 3.187746 secs 
66 : 3.089202 secs 
67 : 3.089319 secs 
68 : 3.10319 secs 
69 : 3.152545 secs 
70 : 3.067202 secs 
71 : 3.070592 secs 
72 : 3.068649 secs 
73 : 3.132447 secs 
74 : 3.030573 secs 
75 : 3.109118 secs 
76 : 3.039384 secs 
77 : 2.952975 secs 
78 : 2.957692 secs 
79 : 2.950398 secs 
80 : 3.01577 secs 
81 : 3.129459 secs 
82 : 3.042792 secs 
83 : 3.009942 secs 
84 : 3.049134 secs 
85 : 3.055642 secs 
86 : 3.039397 secs 
87 : 2.945475 secs 
88 : 2.957702 secs 
89 : 3.04801 secs 
90 : 2.97054 secs 
91 : 2.976882 secs 
92 : 2.981334 secs 
93 : 3.101849 secs 
94 : 3.034846 secs 
95 : 3.131037 secs 
96 : 3.020441 secs 
97 : 3.189432 secs 
98 : 3.00027 secs 
99 : 3.002587 secs 
100 : 2.98341 secs 
Project 17 / 20 - 1477 - regional carbon loss : 79.79415 secs 
1 : 1.499766 secs 
2 : 1.376627 secs 
3 : 1.345528 secs 
4 : 1.37717 secs 
5 : 1.412744 secs 
6 : 1.385037 secs 
7 : 1.387518 secs 
8 : 1.408528 secs 
9 : 1.416734 secs 
10 : 1.405951 secs 
11 : 1.398428 secs 
12 : 1.533677 secs 
13 : 1.378056 secs 
14 : 1.335745 secs 
15 : 1.400105 secs 
16 : 1.409287 secs 
17 : 1.402842 secs 
18 : 1.326416 secs 
19 : 1.390651 secs 
20 : 1.361873 secs 
21 : 1.532681 secs 
22 : 1.349789 secs 
23 : 1.377022 secs 
24 : 1.390575 secs 
25 : 1.437967 secs 
26 : 1.356492 secs 
27 : 1.379427 secs 
28 : 1.41975 secs 
29 : 1.389229 secs 
30 : 1.387115 secs 
31 : 1.37752 secs 
32 : 1.397747 secs 
33 : 1.451688 secs 
34 : 1.405862 secs 
35 : 1.441957 secs 
36 : 1.424628 secs 
37 : 1.566224 secs 
38 : 1.63803 secs 
39 : 1.341053 secs 
40 : 1.3584 secs 
41 : 1.401014 secs 
42 : 1.382544 secs 
43 : 1.394907 secs 
44 : 1.394901 secs 
45 : 1.403097 secs 
46 : 1.404714 secs 
47 : 1.418105 secs 
48 : 1.373945 secs 
49 : 1.467133 secs 
50 : 1.415065 secs 
51 : 1.406612 secs 
52 : 1.379836 secs 
53 : 1.427443 secs 
54 : 1.327451 secs 
55 : 1.493934 secs 
56 : 1.362202 secs 
57 : 1.406611 secs 
58 : 1.393021 secs 
59 : 1.400224 secs 
60 : 1.393617 secs 
61 : 1.420976 secs 
62 : 1.369462 secs 
63 : 1.360134 secs 
64 : 1.400035 secs 
65 : 1.415048 secs 
66 : 1.408193 secs 
67 : 1.384144 secs 
68 : 1.362774 secs 
69 : 1.397063 secs 
70 : 1.402781 secs 
71 : 1.381471 secs 
72 : 1.359969 secs 
73 : 1.557495 secs 
74 : 1.415797 secs 
75 : 1.384116 secs 
76 : 1.375522 secs 
77 : 1.425847 secs 
78 : 1.357782 secs 
79 : 1.362564 secs 
80 : 1.366919 secs 
81 : 1.427738 secs 
82 : 1.580001 secs 
83 : 1.370877 secs 
84 : 1.387509 secs 
85 : 1.41031 secs 
86 : 1.348029 secs 
87 : 1.400731 secs 
88 : 1.394337 secs 
89 : 1.406108 secs 
90 : 1.355283 secs 
91 : 1.504642 secs 
92 : 1.321097 secs 
93 : 1.429214 secs 
94 : 1.400246 secs 
95 : 1.384142 secs 
96 : 1.363038 secs 
97 : 1.415763 secs 
98 : 1.359934 secs 
99 : 1.369296 secs 
100 : 1.341686 secs 
Project 18 / 20 - 1541 - project carbon loss : 17.79701 secs 
1 : 2.886467 secs 
2 : 2.885279 secs 
3 : 2.93045 secs 
4 : 2.930701 secs 
5 : 2.842102 secs 
6 : 2.851445 secs 
7 : 2.931005 secs 
8 : 2.918222 secs 
9 : 2.878998 secs 
10 : 2.900366 secs 
11 : 2.889682 secs 
12 : 2.927654 secs 
13 : 2.847634 secs 
14 : 2.896727 secs 
15 : 2.905585 secs 
16 : 2.879276 secs 
17 : 2.873233 secs 
18 : 2.846921 secs 
19 : 2.897046 secs 
20 : 2.829738 secs 
21 : 2.911597 secs 
22 : 2.887041 secs 
23 : 2.866779 secs 
24 : 2.863091 secs 
25 : 2.951972 secs 
26 : 2.977919 secs 
27 : 2.866706 secs 
28 : 2.864518 secs 
29 : 2.915407 secs 
30 : 2.897332 secs 
31 : 2.887124 secs 
32 : 2.967394 secs 
33 : 3.055777 secs 
34 : 3.011808 secs 
35 : 2.957396 secs 
36 : 2.939671 secs 
37 : 2.898385 secs 
38 : 2.852015 secs 
39 : 2.855565 secs 
40 : 2.904996 secs 
41 : 2.847101 secs 
42 : 2.903797 secs 
43 : 2.901059 secs 
44 : 2.920309 secs 
45 : 2.844458 secs 
46 : 2.886183 secs 
47 : 2.877752 secs 
48 : 2.900383 secs 
49 : 2.968714 secs 
50 : 2.931448 secs 
51 : 2.925379 secs 
52 : 2.933372 secs 
53 : 2.977055 secs 
54 : 2.876517 secs 
55 : 2.843704 secs 
56 : 2.828444 secs 
57 : 2.998098 secs 
58 : 2.87662 secs 
59 : 2.891316 secs 
60 : 2.970093 secs 
61 : 2.894138 secs 
62 : 2.882551 secs 
63 : 2.899328 secs 
64 : 2.903001 secs 
65 : 3.020841 secs 
66 : 3.001538 secs 
67 : 2.917087 secs 
68 : 2.924779 secs 
69 : 2.95481 secs 
70 : 2.858252 secs 
71 : 2.859818 secs 
72 : 2.875741 secs 
73 : 2.995998 secs 
74 : 2.865426 secs 
75 : 3.032921 secs 
76 : 2.930726 secs 
77 : 2.898953 secs 
78 : 2.833236 secs 
79 : 2.820335 secs 
80 : 2.91682 secs 
81 : 2.985115 secs 
82 : 2.895157 secs 
83 : 2.887522 secs 
84 : 2.874404 secs 
85 : 2.951731 secs 
86 : 2.910298 secs 
87 : 2.835559 secs 
88 : 2.839316 secs 
89 : 2.897316 secs 
90 : 2.796549 secs 
91 : 2.790142 secs 
92 : 2.833886 secs 
93 : 3.007223 secs 
94 : 2.928862 secs 
95 : 2.90581 secs 
96 : 3.008864 secs 
97 : 2.927617 secs 
98 : 2.883131 secs 
99 : 2.898023 secs 
100 : 2.853985 secs 
Project 18 / 20 - 1541 - regional carbon loss : 72.80217 secs 
1 : 0.7784951 secs 
2 : 0.752142 secs 
3 : 0.7607467 secs 
4 : 0.747858 secs 
5 : 0.8001671 secs 
6 : 0.7574313 secs 
7 : 0.7489686 secs 
8 : 0.7498243 secs 
9 : 0.7916975 secs 
10 : 0.7405257 secs 
11 : 0.7479692 secs 
12 : 0.7490623 secs 
13 : 0.8123126 secs 
14 : 0.8020086 secs 
15 : 0.8046603 secs 
16 : 0.7831621 secs 
17 : 0.7702317 secs 
18 : 0.7414362 secs 
19 : 0.7431464 secs 
20 : 0.7372551 secs 
21 : 0.7768247 secs 
22 : 0.7579794 secs 
23 : 0.7402718 secs 
24 : 0.7509155 secs 
25 : 0.7703803 secs 
26 : 0.7317672 secs 
27 : 0.7325442 secs 
28 : 0.7304387 secs 
29 : 0.7744081 secs 
30 : 0.7242086 secs 
31 : 0.7301333 secs 
32 : 0.7321835 secs 
33 : 0.7770305 secs 
34 : 0.7400694 secs 
35 : 0.7330437 secs 
36 : 0.739836 secs 
37 : 0.919193 secs 
38 : 0.960005 secs 
39 : 0.7796633 secs 
40 : 0.7460022 secs 
41 : 0.7778924 secs 
42 : 0.7353826 secs 
43 : 0.7351313 secs 
44 : 0.7398856 secs 
45 : 0.7736886 secs 
46 : 0.7369344 secs 
47 : 0.7341051 secs 
48 : 0.7330089 secs 
49 : 0.7885995 secs 
50 : 0.7446146 secs 
51 : 0.739188 secs 
52 : 0.7395058 secs 
53 : 0.7659397 secs 
54 : 0.7356596 secs 
55 : 0.7447 secs 
56 : 0.7327373 secs 
57 : 0.7770195 secs 
58 : 0.7356267 secs 
59 : 0.7394221 secs 
60 : 0.7343423 secs 
61 : 0.7707067 secs 
62 : 0.7374642 secs 
63 : 0.73299 secs 
64 : 0.7403858 secs 
65 : 0.7750947 secs 
66 : 0.7490313 secs 
67 : 0.747237 secs 
68 : 0.7488346 secs 
69 : 0.7753348 secs 
70 : 0.7439697 secs 
71 : 0.741245 secs 
72 : 0.7282228 secs 
73 : 0.7935011 secs 
74 : 0.7307303 secs 
75 : 0.7309651 secs 
76 : 0.7424252 secs 
77 : 0.7557878 secs 
78 : 0.7248397 secs 
79 : 0.7265134 secs 
80 : 0.7227726 secs 
81 : 0.7715414 secs 
82 : 0.7314694 secs 
83 : 0.7415361 secs 
84 : 0.7292726 secs 
85 : 0.7815504 secs 
86 : 0.7309697 secs 
87 : 0.7366352 secs 
88 : 0.7720237 secs 
89 : 0.7695382 secs 
90 : 0.7327731 secs 
91 : 0.7284329 secs 
92 : 0.7325556 secs 
93 : 0.7606575 secs 
94 : 0.7365389 secs 
95 : 0.7306321 secs 
96 : 0.7254407 secs 
97 : 0.7670209 secs 
98 : 0.8921041 secs 
99 : 0.7334177 secs 
100 : 0.7324588 secs 
Project 19 / 20 - 1566 - project carbon loss : 15.18565 secs 
1 : 3.000245 secs 
2 : 2.908244 secs 
3 : 2.91172 secs 
4 : 2.893011 secs 
5 : 2.879953 secs 
6 : 2.891128 secs 
7 : 2.874725 secs 
8 : 2.965006 secs 
9 : 2.906451 secs 
10 : 3.027308 secs 
11 : 2.905943 secs 
12 : 2.931912 secs 
13 : 2.878293 secs 
14 : 2.888807 secs 
15 : 2.920448 secs 
16 : 2.940603 secs 
17 : 2.937952 secs 
18 : 2.823474 secs 
19 : 2.876327 secs 
20 : 2.840567 secs 
21 : 2.884774 secs 
22 : 3.002022 secs 
23 : 2.871891 secs 
24 : 2.900016 secs 
25 : 2.878455 secs 
26 : 2.88586 secs 
27 : 2.903879 secs 
28 : 2.880353 secs 
29 : 2.969186 secs 
30 : 2.869164 secs 
31 : 2.884598 secs 
32 : 2.88586 secs 
33 : 2.855029 secs 
34 : 2.901181 secs 
35 : 2.908456 secs 
36 : 2.955046 secs 
37 : 3.376031 secs 
38 : 3.176235 secs 
39 : 3.19086 secs 
40 : 3.311266 secs 
41 : 2.966995 secs 
42 : 2.892777 secs 
43 : 2.909002 secs 
44 : 2.93925 secs 
45 : 3.111809 secs 
46 : 2.895937 secs 
47 : 2.953311 secs 
48 : 2.975858 secs 
49 : 2.90742 secs 
50 : 3.002534 secs 
51 : 2.983507 secs 
52 : 2.981566 secs 
53 : 3.005738 secs 
54 : 2.905717 secs 
55 : 2.92389 secs 
56 : 2.932981 secs 
57 : 3.054448 secs 
58 : 3.003922 secs 
59 : 2.97539 secs 
60 : 2.966913 secs 
61 : 2.923202 secs 
62 : 2.902439 secs 
63 : 2.991047 secs 
64 : 2.838124 secs 
65 : 3.049727 secs 
66 : 3.04102 secs 
67 : 2.870108 secs 
68 : 2.906697 secs 
69 : 3.036829 secs 
70 : 2.92663 secs 
71 : 2.921793 secs 
72 : 2.935034 secs 
73 : 3.031746 secs 
74 : 2.939642 secs 
75 : 2.916826 secs 
76 : 2.89575 secs 
77 : 2.991687 secs 
78 : 2.874366 secs 
79 : 2.870653 secs 
80 : 2.88114 secs 
81 : 3.033753 secs 
82 : 2.922155 secs 
83 : 2.936997 secs 
84 : 2.927108 secs 
85 : 2.846116 secs 
86 : 2.863289 secs 
87 : 2.849338 secs 
88 : 2.903134 secs 
89 : 2.951056 secs 
90 : 2.8339 secs 
91 : 2.853737 secs 
92 : 2.880455 secs 
93 : 2.990463 secs 
94 : 2.857022 secs 
95 : 2.952238 secs 
96 : 2.906916 secs 
97 : 2.996794 secs 
98 : 2.911171 secs 
99 : 2.913121 secs 
100 : 2.909471 secs 
Project 19 / 20 - 1566 - regional carbon loss : 73.97369 secs 
1 : 1.438221 secs 
2 : 1.270384 secs 
3 : 1.269805 secs 
4 : 1.303445 secs 
5 : 1.328367 secs 
6 : 1.279498 secs 
7 : 1.296292 secs 
8 : 1.307467 secs 
9 : 1.317261 secs 
10 : 1.294211 secs 
11 : 1.329722 secs 
12 : 1.315491 secs 
13 : 1.29286 secs 
14 : 1.277076 secs 
15 : 1.297148 secs 
16 : 1.331082 secs 
17 : 1.295826 secs 
18 : 1.280401 secs 
19 : 1.269351 secs 
20 : 1.347777 secs 
21 : 1.314397 secs 
22 : 1.320163 secs 
23 : 1.307367 secs 
24 : 1.311534 secs 
25 : 1.299991 secs 
26 : 1.413722 secs 
27 : 1.285858 secs 
28 : 1.280177 secs 
29 : 1.307964 secs 
30 : 1.394641 secs 
31 : 1.282899 secs 
32 : 1.274395 secs 
33 : 1.366107 secs 
34 : 1.296879 secs 
35 : 1.313626 secs 
36 : 1.358 secs 
37 : 1.468227 secs 
38 : 1.314586 secs 
39 : 1.328318 secs 
40 : 1.557866 secs 
41 : 1.324273 secs 
42 : 1.317468 secs 
43 : 1.307738 secs 
44 : 1.299037 secs 
45 : 1.357119 secs 
46 : 1.304388 secs 
47 : 1.311434 secs 
48 : 1.286908 secs 
49 : 1.369112 secs 
50 : 1.298378 secs 
51 : 1.298745 secs 
52 : 1.294168 secs 
53 : 1.3673 secs 
54 : 1.285451 secs 
55 : 1.286455 secs 
56 : 1.281742 secs 
57 : 1.337981 secs 
58 : 1.306988 secs 
59 : 1.303705 secs 
60 : 1.295162 secs 
61 : 1.325018 secs 
62 : 1.306441 secs 
63 : 1.282334 secs 
64 : 1.277333 secs 
65 : 1.347774 secs 
66 : 1.292138 secs 
67 : 1.280426 secs 
68 : 1.28783 secs 
69 : 1.4895 secs 
70 : 1.301054 secs 
71 : 1.310799 secs 
72 : 1.302365 secs 
73 : 1.365337 secs 
74 : 1.333422 secs 
75 : 1.330405 secs 
76 : 1.300196 secs 
77 : 1.352071 secs 
78 : 1.431906 secs 
79 : 1.271746 secs 
80 : 1.284221 secs 
81 : 1.310882 secs 
82 : 1.275243 secs 
83 : 1.28541 secs 
84 : 1.274149 secs 
85 : 1.307106 secs 
86 : 1.255992 secs 
87 : 1.275407 secs 
88 : 1.252201 secs 
89 : 1.307371 secs 
90 : 1.29725 secs 
91 : 1.285379 secs 
92 : 1.256647 secs 
93 : 1.300986 secs 
94 : 1.306173 secs 
95 : 1.270416 secs 
96 : 1.274616 secs 
97 : 1.322412 secs 
98 : 1.282928 secs 
99 : 1.261709 secs 
100 : 1.258935 secs 
Project 20 / 20 - 2558 - project carbon loss : 17.42235 secs 
1 : 2.104546 secs 
2 : 2.094715 secs 
3 : 2.10165 secs 
4 : 2.073045 secs 
5 : 2.057213 secs 
6 : 2.198783 secs 
7 : 2.087925 secs 
8 : 2.187273 secs 
9 : 2.122505 secs 
10 : 2.142797 secs 
11 : 2.121747 secs 
12 : 2.213303 secs 
13 : 2.075412 secs 
14 : 2.074394 secs 
15 : 2.190147 secs 
16 : 2.083149 secs 
17 : 2.174881 secs 
18 : 2.074832 secs 
19 : 2.080401 secs 
20 : 2.057822 secs 
21 : 2.290215 secs 
22 : 2.140157 secs 
23 : 2.116073 secs 
24 : 2.113921 secs 
25 : 2.102072 secs 
26 : 2.111827 secs 
27 : 2.081837 secs 
28 : 2.106696 secs 
29 : 2.084651 secs 
30 : 2.086931 secs 
31 : 2.089143 secs 
32 : 2.092359 secs 
33 : 2.235449 secs 
34 : 2.099214 secs 
35 : 2.103773 secs 
36 : 2.129225 secs 
37 : 2.246281 secs 
38 : 2.111294 secs 
39 : 2.161117 secs 
40 : 2.142678 secs 
41 : 2.110487 secs 
42 : 2.122211 secs 
43 : 2.111345 secs 
44 : 2.103388 secs 
45 : 2.224189 secs 
46 : 2.103338 secs 
47 : 2.08938 secs 
48 : 2.096592 secs 
49 : 2.243843 secs 
50 : 2.131252 secs 
51 : 2.118964 secs 
52 : 2.197133 secs 
53 : 2.198212 secs 
54 : 2.177877 secs 
55 : 2.060644 secs 
56 : 2.066287 secs 
57 : 2.227143 secs 
58 : 2.119062 secs 
59 : 2.107859 secs 
60 : 2.111761 secs 
61 : 2.218779 secs 
62 : 2.100315 secs 
63 : 2.087827 secs 
64 : 2.11047 secs 
65 : 2.090016 secs 
66 : 2.112324 secs 
67 : 2.102866 secs 
68 : 2.097532 secs 
69 : 2.177102 secs 
70 : 2.072715 secs 
71 : 2.20344 secs 
72 : 2.077496 secs 
73 : 2.155088 secs 
74 : 2.136156 secs 
75 : 2.153158 secs 
76 : 2.116013 secs 
77 : 2.192794 secs 
78 : 2.093162 secs 
79 : 2.073911 secs 
80 : 2.067231 secs 
81 : 2.185012 secs 
82 : 2.080617 secs 
83 : 2.07948 secs 
84 : 2.184951 secs 
85 : 2.191895 secs 
86 : 2.060076 secs 
87 : 2.059114 secs 
88 : 2.076674 secs 
89 : 2.18707 secs 
90 : 2.10132 secs 
91 : 2.074892 secs 
92 : 2.103075 secs 
93 : 2.238744 secs 
94 : 2.111197 secs 
95 : 2.133947 secs 
96 : 2.126591 secs 
97 : 2.13532 secs 
98 : 2.106786 secs 
99 : 2.11654 secs 
100 : 2.113029 secs 
Project 20 / 20 - 2558 - regional carbon loss : 58.27414 secs 
There were 50 or more warnings (use warnings() to see the first 50)
[?25h[?25h[?25h[?25h[?25hWarning: all values of t are equal for year 2010 
Warning: all values of t are equal for year 2015 
Warning: all values of t are equal for year 2016 
Warning: all values of t are equal for year 2017 
Warning: all values of t are equal for year 2018 
Warning: all values of t are equal for year 2019 
Warning: all values of t are equal for year 2020 
Warning: all values of t are equal for year 2021 
Warning: all values of t are equal for year 2022 
Warning: all values of t are equal for year 2000 
Warning: all values of t are equal for year 2001 
Warning: all values of t are equal for year 2002 
Warning: all values of t are equal for year 2003 
Warning: all values of t are equal for year 2004 
Warning: all values of t are equal for year 2005 
Warning: all values of t are equal for year 2006 
Warning: all values of t are equal for year 2007 
Warning: all values of t are equal for year 2008 
Warning: all values of t are equal for year 2009 
[?25h[?25h[?25h[?25h[?25h[?25h[?25h[?25h[?25h[?25h[?2004h[01;32mepr26@sherwood[00m:[01;34m~/ex_ante_forecast[00m$ [K[01;32mepr26@sherwood[00m:[01;34m~/ex_ante_forecast[00m$ Rscript forecast_2_estimate_carbon.r[12Pscreen -r pts-5.sherwoodls[Kr pts-5.sherwoodls[Kr test[4Plsr pts-5.sherwoodls[Kr pts-5.sherwoodRscript forecast_2_estimate_carbon.r[KRscript forecast_2_estimate_carbon.r[12Pscreen -r pts-5.sherwoodRscript forecast_2_estimate_carbon.r[K[K[01;32mepr26@sherwood[00m:[01;34m~/ex_ante_forecast[00m$ 