sample.interval=20000
"eval" "match.arg" "utils::capture.output" "paste0" "capture_str" "doTryCatch" "tryCatchOne" "tryCatchList" "tryCatch" "try_capture_str" "FUN" "lapply" "inspect_env" "doTryCatch" "tryCatchOne" "tryCatchList" "tryCatch" "cb" 
"sub" "mysub" "is.factor" "sub" "mysub" "trimws" "scalar" "FUN" "lapply" "inspect_env" "doTryCatch" "tryCatchOne" "tryCatchList" "tryCatch" "cb" 
".local" "FUN" "FUN" "vapply" ".local" "FUN" "FUN" "vapply" ".local" "FUN" "FUN" "vapply" ".local" "asJSON" "asJSON" "jsonlite::toJSON" "jsonlite::write_json" "doTryCatch" "tryCatchOne" "tryCatchList" "tryCatch" "cb" 
"|" ".Call" "eval" "mask$eval_all_mutate" "mutate_col" "withCallingHandlers" "mutate_cols" "mutate.data.frame" "mutate" ".External2" "%>%" 
"|" ".Call" "eval" "mask$eval_all_mutate" "mutate_col" "withCallingHandlers" "mutate_cols" "mutate.data.frame" "mutate" ".External2" "%>%" 
"|" ".Call" "eval" "mask$eval_all_mutate" "mutate_col" "withCallingHandlers" "mutate_cols" "mutate.data.frame" "mutate" ".External2" "%>%" 
"|" ".Call" "eval" "mask$eval_all_mutate" "mutate_col" "withCallingHandlers" "mutate_cols" "mutate.data.frame" "mutate" ".External2" "%>%" 
"|" ".Call" "eval" "mask$eval_all_mutate" "mutate_col" "withCallingHandlers" "mutate_cols" "mutate.data.frame" "mutate" ".External2" "%>%" 
"|" ".Call" "eval" "mask$eval_all_mutate" "mutate_col" "withCallingHandlers" "mutate_cols" "mutate.data.frame" "mutate" ".External2" "%>%" 
"|" ".Call" "eval" "mask$eval_all_mutate" "mutate_col" "withCallingHandlers" "mutate_cols" "mutate.data.frame" "mutate" ".External2" "%>%" 
"|" ".Call" "eval" "mask$eval_all_mutate" "mutate_col" "withCallingHandlers" "mutate_cols" "mutate.data.frame" "mutate" ".External2" "%>%" 
"|" ".Call" "eval" "mask$eval_all_mutate" "mutate_col" "withCallingHandlers" "mutate_cols" "mutate.data.frame" "mutate" ".External2" "%>%" 
"|" ".Call" "eval" "mask$eval_all_mutate" "mutate_col" "withCallingHandlers" "mutate_cols" "mutate.data.frame" "mutate" ".External2" "%>%" 
"|" ".Call" "eval" "mask$eval_all_mutate" "mutate_col" "withCallingHandlers" "mutate_cols" "mutate.data.frame" "mutate" ".External2" "%>%" 
"|" ".Call" "eval" "mask$eval_all_mutate" "mutate_col" "withCallingHandlers" "mutate_cols" "mutate.data.frame" "mutate" ".External2" "%>%" 
"|" ".Call" "eval" "mask$eval_all_mutate" "mutate_col" "withCallingHandlers" "mutate_cols" "mutate.data.frame" "mutate" ".External2" "%>%" 
"|" ".Call" "eval" "mask$eval_all_mutate" "mutate_col" "withCallingHandlers" "mutate_cols" "mutate.data.frame" "mutate" ".External2" "%>%" 
"|" ".Call" "eval" "mask$eval_all_mutate" "mutate_col" "withCallingHandlers" "mutate_cols" "mutate.data.frame" "mutate" ".External2" "%>%" 
"|" ".Call" "eval" "mask$eval_all_mutate" "mutate_col" "withCallingHandlers" "mutate_cols" "mutate.data.frame" "mutate" ".External2" "%>%" 
"|" ".Call" "eval" "mask$eval_all_mutate" "mutate_col" "withCallingHandlers" "mutate_cols" "mutate.data.frame" "mutate" ".External2" "%>%" 
"|" ".Call" "eval" "mask$eval_all_mutate" "mutate_col" "withCallingHandlers" "mutate_cols" "mutate.data.frame" "mutate" ".External2" "%>%" 
"|" ".Call" "eval" "mask$eval_all_mutate" "mutate_col" "withCallingHandlers" "mutate_cols" "mutate.data.frame" "mutate" ".External2" "%>%" 
"|" ".Call" "eval" "mask$eval_all_mutate" "mutate_col" "withCallingHandlers" "mutate_cols" "mutate.data.frame" "mutate" ".External2" "%>%" 
"|" ".Call" "eval" "mask$eval_all_mutate" "mutate_col" "withCallingHandlers" "mutate_cols" "mutate.data.frame" "mutate" ".External2" "%>%" 
"|" ".Call" "eval" "mask$eval_all_mutate" "mutate_col" "withCallingHandlers" "mutate_cols" "mutate.data.frame" "mutate" ".External2" "%>%" 
"|" ".Call" "eval" "mask$eval_all_mutate" "mutate_col" "withCallingHandlers" "mutate_cols" "mutate.data.frame" "mutate" ".External2" "%>%" 
"|" ".Call" "eval" "mask$eval_all_mutate" "mutate_col" "withCallingHandlers" "mutate_cols" "mutate.data.frame" "mutate" ".External2" "%>%" 
"==" "ifelse" ".Call" "eval" "mask$eval_all_mutate" "mutate_col" "withCallingHandlers" "mutate_cols" "mutate.data.frame" "mutate" ".External2" "%>%" 
"==" "ifelse" ".Call" "eval" "mask$eval_all_mutate" "mutate_col" "withCallingHandlers" "mutate_cols" "mutate.data.frame" "mutate" ".External2" "%>%" 
"==" "ifelse" ".Call" "eval" "mask$eval_all_mutate" "mutate_col" "withCallingHandlers" "mutate_cols" "mutate.data.frame" "mutate" ".External2" "%>%" 
"==" "ifelse" ".Call" "eval" "mask$eval_all_mutate" "mutate_col" "withCallingHandlers" "mutate_cols" "mutate.data.frame" "mutate" ".External2" "%>%" 
"==" "ifelse" ".Call" "eval" "mask$eval_all_mutate" "mutate_col" "withCallingHandlers" "mutate_cols" "mutate.data.frame" "mutate" ".External2" "%>%" 
"==" "ifelse" ".Call" "eval" "mask$eval_all_mutate" "mutate_col" "withCallingHandlers" "mutate_cols" "mutate.data.frame" "mutate" ".External2" "%>%" 
"==" "ifelse" ".Call" "eval" "mask$eval_all_mutate" "mutate_col" "withCallingHandlers" "mutate_cols" "mutate.data.frame" "mutate" ".External2" "%>%" 
"==" "ifelse" ".Call" "eval" "mask$eval_all_mutate" "mutate_col" "withCallingHandlers" "mutate_cols" "mutate.data.frame" "mutate" ".External2" "%>%" 
"==" "ifelse" ".Call" "eval" "mask$eval_all_mutate" "mutate_col" "withCallingHandlers" "mutate_cols" "mutate.data.frame" "mutate" ".External2" "%>%" 
"==" "ifelse" ".Call" "eval" "mask$eval_all_mutate" "mutate_col" "withCallingHandlers" "mutate_cols" "mutate.data.frame" "mutate" ".External2" "%>%" 
"==" "ifelse" ".Call" "eval" "mask$eval_all_mutate" "mutate_col" "withCallingHandlers" "mutate_cols" "mutate.data.frame" "mutate" ".External2" "%>%" 
"%in%" "standardGeneric" "%in%" "ifelse" ".Call" "eval" "mask$eval_all_mutate" "mutate_col" "withCallingHandlers" "mutate_cols" "mutate.data.frame" "mutate" ".External2" "%>%" 
"%in%" "standardGeneric" "%in%" "ifelse" ".Call" "eval" "mask$eval_all_mutate" "mutate_col" "withCallingHandlers" "mutate_cols" "mutate.data.frame" "mutate" ".External2" "%>%" 
"%in%" "standardGeneric" "%in%" "ifelse" ".Call" "eval" "mask$eval_all_mutate" "mutate_col" "withCallingHandlers" "mutate_cols" "mutate.data.frame" "mutate" ".External2" "%>%" 
"%in%" "standardGeneric" "%in%" "ifelse" ".Call" "eval" "mask$eval_all_mutate" "mutate_col" "withCallingHandlers" "mutate_cols" "mutate.data.frame" "mutate" ".External2" "%>%" 
"%in%" "standardGeneric" "%in%" "ifelse" ".Call" "eval" "mask$eval_all_mutate" "mutate_col" "withCallingHandlers" "mutate_cols" "mutate.data.frame" "mutate" ".External2" "%>%" 
"%in%" "standardGeneric" "%in%" "ifelse" ".Call" "eval" "mask$eval_all_mutate" "mutate_col" "withCallingHandlers" "mutate_cols" "mutate.data.frame" "mutate" ".External2" "%>%" 
"%in%" "standardGeneric" "%in%" "ifelse" ".Call" "eval" "mask$eval_all_mutate" "mutate_col" "withCallingHandlers" "mutate_cols" "mutate.data.frame" "mutate" ".External2" "%>%" 
"%in%" "standardGeneric" "%in%" "ifelse" ".Call" "eval" "mask$eval_all_mutate" "mutate_col" "withCallingHandlers" "mutate_cols" "mutate.data.frame" "mutate" ".External2" "%>%" 
"%in%" "standardGeneric" "%in%" "ifelse" ".Call" "eval" "mask$eval_all_mutate" "mutate_col" "withCallingHandlers" "mutate_cols" "mutate.data.frame" "mutate" ".External2" "%>%" 
"%in%" "standardGeneric" "%in%" "ifelse" ".Call" "eval" "mask$eval_all_mutate" "mutate_col" "withCallingHandlers" "mutate_cols" "mutate.data.frame" "mutate" ".External2" "%>%" 
"%in%" "standardGeneric" "%in%" "ifelse" ".Call" "eval" "mask$eval_all_mutate" "mutate_col" "withCallingHandlers" "mutate_cols" "mutate.data.frame" "mutate" ".External2" "%>%" 
"%in%" "standardGeneric" "%in%" "ifelse" ".Call" "eval" "mask$eval_all_mutate" "mutate_col" "withCallingHandlers" "mutate_cols" "mutate.data.frame" "mutate" ".External2" "%>%" 
"%in%" "standardGeneric" "%in%" "ifelse" ".Call" "eval" "mask$eval_all_mutate" "mutate_col" "withCallingHandlers" "mutate_cols" "mutate.data.frame" "mutate" ".External2" "%>%" 
"%in%" "standardGeneric" "%in%" "ifelse" ".Call" "eval" "mask$eval_all_mutate" "mutate_col" "withCallingHandlers" "mutate_cols" "mutate.data.frame" "mutate" ".External2" "%>%" 
"%in%" "standardGeneric" "%in%" "ifelse" ".Call" "eval" "mask$eval_all_mutate" "mutate_col" "withCallingHandlers" "mutate_cols" "mutate.data.frame" "mutate" ".External2" "%>%" 
"%in%" "standardGeneric" "%in%" "ifelse" ".Call" "eval" "mask$eval_all_mutate" "mutate_col" "withCallingHandlers" "mutate_cols" "mutate.data.frame" "mutate" ".External2" "%>%" 
"%in%" "standardGeneric" "%in%" "ifelse" ".Call" "eval" "mask$eval_all_mutate" "mutate_col" "withCallingHandlers" "mutate_cols" "mutate.data.frame" "mutate" ".External2" "%>%" 
"%in%" "standardGeneric" "%in%" "ifelse" ".Call" "eval" "mask$eval_all_mutate" "mutate_col" "withCallingHandlers" "mutate_cols" "mutate.data.frame" "mutate" ".External2" "%>%" 
"%in%" "standardGeneric" "%in%" "ifelse" ".Call" "eval" "mask$eval_all_mutate" "mutate_col" "withCallingHandlers" "mutate_cols" "mutate.data.frame" "mutate" ".External2" "%>%" 
"%in%" "standardGeneric" "%in%" "ifelse" ".Call" "eval" "mask$eval_all_mutate" "mutate_col" "withCallingHandlers" "mutate_cols" "mutate.data.frame" "mutate" ".External2" "%>%" 
"%in%" "standardGeneric" "%in%" "ifelse" ".Call" "eval" "mask$eval_all_mutate" "mutate_col" "withCallingHandlers" "mutate_cols" "mutate.data.frame" "mutate" ".External2" "%>%" 
"%in%" "standardGeneric" "%in%" "ifelse" ".Call" "eval" "mask$eval_all_mutate" "mutate_col" "withCallingHandlers" "mutate_cols" "mutate.data.frame" "mutate" ".External2" "%>%" 
"%in%" "standardGeneric" "%in%" "ifelse" ".Call" "eval" "mask$eval_all_mutate" "mutate_col" "withCallingHandlers" "mutate_cols" "mutate.data.frame" "mutate" ".External2" "%>%" 
"%in%" "standardGeneric" "%in%" "ifelse" ".Call" "eval" "mask$eval_all_mutate" "mutate_col" "withCallingHandlers" "mutate_cols" "mutate.data.frame" "mutate" ".External2" "%>%" 
"%in%" "standardGeneric" "%in%" "ifelse" ".Call" "eval" "mask$eval_all_mutate" "mutate_col" "withCallingHandlers" "mutate_cols" "mutate.data.frame" "mutate" ".External2" "%>%" 
"%in%" "standardGeneric" "%in%" "ifelse" ".Call" "eval" "mask$eval_all_mutate" "mutate_col" "withCallingHandlers" "mutate_cols" "mutate.data.frame" "mutate" ".External2" "%>%" 
"%in%" "standardGeneric" "%in%" "ifelse" ".Call" "eval" "mask$eval_all_mutate" "mutate_col" "withCallingHandlers" "mutate_cols" "mutate.data.frame" "mutate" ".External2" "%>%" 
"%in%" "standardGeneric" "%in%" "ifelse" ".Call" "eval" "mask$eval_all_mutate" "mutate_col" "withCallingHandlers" "mutate_cols" "mutate.data.frame" "mutate" ".External2" "%>%" 
"%in%" "standardGeneric" "%in%" "ifelse" ".Call" "eval" "mask$eval_all_mutate" "mutate_col" "withCallingHandlers" "mutate_cols" "mutate.data.frame" "mutate" ".External2" "%>%" 
"%in%" "standardGeneric" "%in%" "ifelse" ".Call" "eval" "mask$eval_all_mutate" "mutate_col" "withCallingHandlers" "mutate_cols" "mutate.data.frame" "mutate" ".External2" "%>%" 
"%in%" "standardGeneric" "%in%" "ifelse" ".Call" "eval" "mask$eval_all_mutate" "mutate_col" "withCallingHandlers" "mutate_cols" "mutate.data.frame" "mutate" ".External2" "%>%" 
"%in%" "standardGeneric" "%in%" "ifelse" ".Call" "eval" "mask$eval_all_mutate" "mutate_col" "withCallingHandlers" "mutate_cols" "mutate.data.frame" "mutate" ".External2" "%>%" 
"%in%" "standardGeneric" "%in%" "ifelse" ".Call" "eval" "mask$eval_all_mutate" "mutate_col" "withCallingHandlers" "mutate_cols" "mutate.data.frame" "mutate" ".External2" "%>%" 
"%in%" "standardGeneric" "%in%" "ifelse" ".Call" "eval" "mask$eval_all_mutate" "mutate_col" "withCallingHandlers" "mutate_cols" "mutate.data.frame" "mutate" ".External2" "%>%" 
"%in%" "standardGeneric" "%in%" "ifelse" ".Call" "eval" "mask$eval_all_mutate" "mutate_col" "withCallingHandlers" "mutate_cols" "mutate.data.frame" "mutate" ".External2" "%>%" 
"%in%" "standardGeneric" "%in%" "ifelse" ".Call" "eval" "mask$eval_all_mutate" "mutate_col" "withCallingHandlers" "mutate_cols" "mutate.data.frame" "mutate" ".External2" "%>%" 
"%in%" "standardGeneric" "%in%" "ifelse" ".Call" "eval" "mask$eval_all_mutate" "mutate_col" "withCallingHandlers" "mutate_cols" "mutate.data.frame" "mutate" ".External2" "%>%" 
"%in%" "standardGeneric" "%in%" "ifelse" ".Call" "eval" "mask$eval_all_mutate" "mutate_col" "withCallingHandlers" "mutate_cols" "mutate.data.frame" "mutate" ".External2" "%>%" 
"%in%" "standardGeneric" "%in%" "ifelse" ".Call" "eval" "mask$eval_all_mutate" "mutate_col" "withCallingHandlers" "mutate_cols" "mutate.data.frame" "mutate" ".External2" "%>%" 
"%in%" "standardGeneric" "%in%" "ifelse" ".Call" "eval" "mask$eval_all_mutate" "mutate_col" "withCallingHandlers" "mutate_cols" "mutate.data.frame" "mutate" ".External2" "%>%" 
"%in%" "standardGeneric" "%in%" "ifelse" ".Call" "eval" "mask$eval_all_mutate" "mutate_col" "withCallingHandlers" "mutate_cols" "mutate.data.frame" "mutate" ".External2" "%>%" 
"%in%" "standardGeneric" "%in%" "ifelse" ".Call" "eval" "mask$eval_all_mutate" "mutate_col" "withCallingHandlers" "mutate_cols" "mutate.data.frame" "mutate" ".External2" "%>%" 
"%in%" "standardGeneric" "%in%" "ifelse" ".Call" "eval" "mask$eval_all_mutate" "mutate_col" "withCallingHandlers" "mutate_cols" "mutate.data.frame" "mutate" ".External2" "%>%" 
"%in%" "standardGeneric" "%in%" "ifelse" ".Call" "eval" "mask$eval_all_mutate" "mutate_col" "withCallingHandlers" "mutate_cols" "mutate.data.frame" "mutate" ".External2" "%>%" 
"%in%" "standardGeneric" "%in%" "ifelse" ".Call" "eval" "mask$eval_all_mutate" "mutate_col" "withCallingHandlers" "mutate_cols" "mutate.data.frame" "mutate" ".External2" "%>%" 
"%in%" "standardGeneric" "%in%" "ifelse" ".Call" "eval" "mask$eval_all_mutate" "mutate_col" "withCallingHandlers" "mutate_cols" "mutate.data.frame" "mutate" ".External2" "%>%" 
"%in%" "standardGeneric" "%in%" "ifelse" ".Call" "eval" "mask$eval_all_mutate" "mutate_col" "withCallingHandlers" "mutate_cols" "mutate.data.frame" "mutate" ".External2" "%>%" 
"%in%" "standardGeneric" "%in%" "ifelse" ".Call" "eval" "mask$eval_all_mutate" "mutate_col" "withCallingHandlers" "mutate_cols" "mutate.data.frame" "mutate" ".External2" "%>%" 
"%in%" "standardGeneric" "%in%" "ifelse" ".Call" "eval" "mask$eval_all_mutate" "mutate_col" "withCallingHandlers" "mutate_cols" "mutate.data.frame" "mutate" ".External2" "%>%" 
"%in%" "standardGeneric" "%in%" "ifelse" ".Call" "eval" "mask$eval_all_mutate" "mutate_col" "withCallingHandlers" "mutate_cols" "mutate.data.frame" "mutate" ".External2" "%>%" 
"%in%" "standardGeneric" "%in%" "ifelse" ".Call" "eval" "mask$eval_all_mutate" "mutate_col" "withCallingHandlers" "mutate_cols" "mutate.data.frame" "mutate" ".External2" "%>%" 
"%in%" "standardGeneric" "%in%" "ifelse" ".Call" "eval" "mask$eval_all_mutate" "mutate_col" "withCallingHandlers" "mutate_cols" "mutate.data.frame" "mutate" ".External2" "%>%" 
"%in%" "standardGeneric" "%in%" "ifelse" ".Call" "eval" "mask$eval_all_mutate" "mutate_col" "withCallingHandlers" "mutate_cols" "mutate.data.frame" "mutate" ".External2" "%>%" 
"%in%" "standardGeneric" "%in%" "ifelse" ".Call" "eval" "mask$eval_all_mutate" "mutate_col" "withCallingHandlers" "mutate_cols" "mutate.data.frame" "mutate" ".External2" "%>%" 
"&" "ifelse" ".Call" "eval" "mask$eval_all_mutate" "mutate_col" "withCallingHandlers" "mutate_cols" "mutate.data.frame" "mutate" ".External2" "%>%" 
"&" "ifelse" ".Call" "eval" "mask$eval_all_mutate" "mutate_col" "withCallingHandlers" "mutate_cols" "mutate.data.frame" "mutate" ".External2" "%>%" 
"&" "ifelse" ".Call" "eval" "mask$eval_all_mutate" "mutate_col" "withCallingHandlers" "mutate_cols" "mutate.data.frame" "mutate" ".External2" "%>%" 
"&" "ifelse" ".Call" "eval" "mask$eval_all_mutate" "mutate_col" "withCallingHandlers" "mutate_cols" "mutate.data.frame" "mutate" ".External2" "%>%" 
"&" "ifelse" ".Call" "eval" "mask$eval_all_mutate" "mutate_col" "withCallingHandlers" "mutate_cols" "mutate.data.frame" "mutate" ".External2" "%>%" 
"&" "ifelse" ".Call" "eval" "mask$eval_all_mutate" "mutate_col" "withCallingHandlers" "mutate_cols" "mutate.data.frame" "mutate" ".External2" "%>%" 
"&" "ifelse" ".Call" "eval" "mask$eval_all_mutate" "mutate_col" "withCallingHandlers" "mutate_cols" "mutate.data.frame" "mutate" ".External2" "%>%" 
"&" "ifelse" ".Call" "eval" "mask$eval_all_mutate" "mutate_col" "withCallingHandlers" "mutate_cols" "mutate.data.frame" "mutate" ".External2" "%>%" 
"&" "ifelse" ".Call" "eval" "mask$eval_all_mutate" "mutate_col" "withCallingHandlers" "mutate_cols" "mutate.data.frame" "mutate" ".External2" "%>%" 
"&" "ifelse" ".Call" "eval" "mask$eval_all_mutate" "mutate_col" "withCallingHandlers" "mutate_cols" "mutate.data.frame" "mutate" ".External2" "%>%" 
"&" "ifelse" ".Call" "eval" "mask$eval_all_mutate" "mutate_col" "withCallingHandlers" "mutate_cols" "mutate.data.frame" "mutate" ".External2" "%>%" 
"&" "ifelse" ".Call" "eval" "mask$eval_all_mutate" "mutate_col" "withCallingHandlers" "mutate_cols" "mutate.data.frame" "mutate" ".External2" "%>%" 
"&" "ifelse" ".Call" "eval" "mask$eval_all_mutate" "mutate_col" "withCallingHandlers" "mutate_cols" "mutate.data.frame" "mutate" ".External2" "%>%" 
"&" "ifelse" ".Call" "eval" "mask$eval_all_mutate" "mutate_col" "withCallingHandlers" "mutate_cols" "mutate.data.frame" "mutate" ".External2" "%>%" 
"which" "ifelse" ".Call" "eval" "mask$eval_all_mutate" "mutate_col" "withCallingHandlers" "mutate_cols" "mutate.data.frame" "mutate" ".External2" "%>%" 
"which" "ifelse" ".Call" "eval" "mask$eval_all_mutate" "mutate_col" "withCallingHandlers" "mutate_cols" "mutate.data.frame" "mutate" ".External2" "%>%" 
"which" "ifelse" ".Call" "eval" "mask$eval_all_mutate" "mutate_col" "withCallingHandlers" "mutate_cols" "mutate.data.frame" "mutate" ".External2" "%>%" 
"which" "ifelse" ".Call" "eval" "mask$eval_all_mutate" "mutate_col" "withCallingHandlers" "mutate_cols" "mutate.data.frame" "mutate" ".External2" "%>%" 
"which" "ifelse" ".Call" "eval" "mask$eval_all_mutate" "mutate_col" "withCallingHandlers" "mutate_cols" "mutate.data.frame" "mutate" ".External2" "%>%" 
"which" "ifelse" ".Call" "eval" "mask$eval_all_mutate" "mutate_col" "withCallingHandlers" "mutate_cols" "mutate.data.frame" "mutate" ".External2" "%>%" 
"which" "ifelse" ".Call" "eval" "mask$eval_all_mutate" "mutate_col" "withCallingHandlers" "mutate_cols" "mutate.data.frame" "mutate" ".External2" "%>%" 
"which" "ifelse" ".Call" "eval" "mask$eval_all_mutate" "mutate_col" "withCallingHandlers" "mutate_cols" "mutate.data.frame" "mutate" ".External2" "%>%" 
"which" "ifelse" ".Call" "eval" "mask$eval_all_mutate" "mutate_col" "withCallingHandlers" "mutate_cols" "mutate.data.frame" "mutate" ".External2" "%>%" 
"which" "ifelse" ".Call" "eval" "mask$eval_all_mutate" "mutate_col" "withCallingHandlers" "mutate_cols" "mutate.data.frame" "mutate" ".External2" "%>%" 
"which" "ifelse" ".Call" "eval" "mask$eval_all_mutate" "mutate_col" "withCallingHandlers" "mutate_cols" "mutate.data.frame" "mutate" ".External2" "%>%" 
"which" "ifelse" ".Call" "eval" "mask$eval_all_mutate" "mutate_col" "withCallingHandlers" "mutate_cols" "mutate.data.frame" "mutate" ".External2" "%>%" 
"which" "ifelse" ".Call" "eval" "mask$eval_all_mutate" "mutate_col" "withCallingHandlers" "mutate_cols" "mutate.data.frame" "mutate" ".External2" "%>%" 
"which" "ifelse" ".Call" "eval" "mask$eval_all_mutate" "mutate_col" "withCallingHandlers" "mutate_cols" "mutate.data.frame" "mutate" ".External2" "%>%" 
"which" "ifelse" ".Call" "eval" "mask$eval_all_mutate" "mutate_col" "withCallingHandlers" "mutate_cols" "mutate.data.frame" "mutate" ".External2" "%>%" 
"which" "ifelse" ".Call" "eval" "mask$eval_all_mutate" "mutate_col" "withCallingHandlers" "mutate_cols" "mutate.data.frame" "mutate" ".External2" "%>%" 
"which" "ifelse" ".Call" "eval" "mask$eval_all_mutate" "mutate_col" "withCallingHandlers" "mutate_cols" "mutate.data.frame" "mutate" ".External2" "%>%" 
"which" "ifelse" ".Call" "eval" "mask$eval_all_mutate" "mutate_col" "withCallingHandlers" "mutate_cols" "mutate.data.frame" "mutate" ".External2" "%>%" 
"which" "ifelse" ".Call" "eval" "mask$eval_all_mutate" "mutate_col" "withCallingHandlers" "mutate_cols" "mutate.data.frame" "mutate" ".External2" "%>%" 
"which" "ifelse" ".Call" "eval" "mask$eval_all_mutate" "mutate_col" "withCallingHandlers" "mutate_cols" "mutate.data.frame" "mutate" ".External2" "%>%" 
"which" "ifelse" ".Call" "eval" "mask$eval_all_mutate" "mutate_col" "withCallingHandlers" "mutate_cols" "mutate.data.frame" "mutate" ".External2" "%>%" 
"which" "ifelse" ".Call" "eval" "mask$eval_all_mutate" "mutate_col" "withCallingHandlers" "mutate_cols" "mutate.data.frame" "mutate" ".External2" "%>%" 
"which" "ifelse" ".Call" "eval" "mask$eval_all_mutate" "mutate_col" "withCallingHandlers" "mutate_cols" "mutate.data.frame" "mutate" ".External2" "%>%" 
"which" "ifelse" ".Call" "eval" "mask$eval_all_mutate" "mutate_col" "withCallingHandlers" "mutate_cols" "mutate.data.frame" "mutate" ".External2" "%>%" 
"which" "ifelse" ".Call" "eval" "mask$eval_all_mutate" "mutate_col" "withCallingHandlers" "mutate_cols" "mutate.data.frame" "mutate" ".External2" "%>%" 
"which" "ifelse" ".Call" "eval" "mask$eval_all_mutate" "mutate_col" "withCallingHandlers" "mutate_cols" "mutate.data.frame" "mutate" ".External2" "%>%" 
"which" "ifelse" ".Call" "eval" "mask$eval_all_mutate" "mutate_col" "withCallingHandlers" "mutate_cols" "mutate.data.frame" "mutate" ".External2" "%>%" 
"which" "ifelse" ".Call" "eval" "mask$eval_all_mutate" "mutate_col" "withCallingHandlers" "mutate_cols" "mutate.data.frame" "mutate" ".External2" "%>%" 
"ifelse" ".Call" "eval" "mask$eval_all_mutate" "mutate_col" "withCallingHandlers" "mutate_cols" "mutate.data.frame" "mutate" ".External2" "%>%" 
"ifelse" ".Call" "eval" "mask$eval_all_mutate" "mutate_col" "withCallingHandlers" "mutate_cols" "mutate.data.frame" "mutate" ".External2" "%>%" 
"ifelse" ".Call" "eval" "mask$eval_all_mutate" "mutate_col" "withCallingHandlers" "mutate_cols" "mutate.data.frame" "mutate" ".External2" "%>%" 
"ifelse" ".Call" "eval" "mask$eval_all_mutate" "mutate_col" "withCallingHandlers" "mutate_cols" "mutate.data.frame" "mutate" ".External2" "%>%" 
"ifelse" ".Call" "eval" "mask$eval_all_mutate" "mutate_col" "withCallingHandlers" "mutate_cols" "mutate.data.frame" "mutate" ".External2" "%>%" 
"ifelse" ".Call" "eval" "mask$eval_all_mutate" "mutate_col" "withCallingHandlers" "mutate_cols" "mutate.data.frame" "mutate" ".External2" "%>%" 
"ifelse" ".Call" "eval" "mask$eval_all_mutate" "mutate_col" "withCallingHandlers" "mutate_cols" "mutate.data.frame" "mutate" ".External2" "%>%" 
"ifelse" ".Call" "eval" "mask$eval_all_mutate" "mutate_col" "withCallingHandlers" "mutate_cols" "mutate.data.frame" "mutate" ".External2" "%>%" 
"ifelse" ".Call" "eval" "mask$eval_all_mutate" "mutate_col" "withCallingHandlers" "mutate_cols" "mutate.data.frame" "mutate" ".External2" "%>%" 
"ifelse" ".Call" "eval" "mask$eval_all_mutate" "mutate_col" "withCallingHandlers" "mutate_cols" "mutate.data.frame" "mutate" ".External2" "%>%" 
"ifelse" ".Call" "eval" "mask$eval_all_mutate" "mutate_col" "withCallingHandlers" "mutate_cols" "mutate.data.frame" "mutate" ".External2" "%>%" 
"ifelse" ".Call" "eval" "mask$eval_all_mutate" "mutate_col" "withCallingHandlers" "mutate_cols" "mutate.data.frame" "mutate" ".External2" "%>%" 
"ifelse" ".Call" "eval" "mask$eval_all_mutate" "mutate_col" "withCallingHandlers" "mutate_cols" "mutate.data.frame" "mutate" ".External2" "%>%" 
"ifelse" ".Call" "eval" "mask$eval_all_mutate" "mutate_col" "withCallingHandlers" "mutate_cols" "mutate.data.frame" "mutate" ".External2" "%>%" 
"ifelse" ".Call" "eval" "mask$eval_all_mutate" "mutate_col" "withCallingHandlers" "mutate_cols" "mutate.data.frame" "mutate" ".External2" "%>%" 
"ifelse" ".Call" "eval" "mask$eval_all_mutate" "mutate_col" "withCallingHandlers" "mutate_cols" "mutate.data.frame" "mutate" ".External2" "%>%" 
"ifelse" ".Call" "eval" "mask$eval_all_mutate" "mutate_col" "withCallingHandlers" "mutate_cols" "mutate.data.frame" "mutate" ".External2" "%>%" 
"ifelse" ".Call" "eval" "mask$eval_all_mutate" "mutate_col" "withCallingHandlers" "mutate_cols" "mutate.data.frame" "mutate" ".External2" "%>%" 
"ifelse" ".Call" "eval" "mask$eval_all_mutate" "mutate_col" "withCallingHandlers" "mutate_cols" "mutate.data.frame" "mutate" ".External2" "%>%" 
"ifelse" ".Call" "eval" "mask$eval_all_mutate" "mutate_col" "withCallingHandlers" "mutate_cols" "mutate.data.frame" "mutate" ".External2" "%>%" 
"ifelse" ".Call" "eval" "mask$eval_all_mutate" "mutate_col" "withCallingHandlers" "mutate_cols" "mutate.data.frame" "mutate" ".External2" "%>%" 
"ifelse" ".Call" "eval" "mask$eval_all_mutate" "mutate_col" "withCallingHandlers" "mutate_cols" "mutate.data.frame" "mutate" ".External2" "%>%" 
"ifelse" ".Call" "eval" "mask$eval_all_mutate" "mutate_col" "withCallingHandlers" "mutate_cols" "mutate.data.frame" "mutate" ".External2" "%>%" 
"ifelse" ".Call" "eval" "mask$eval_all_mutate" "mutate_col" "withCallingHandlers" "mutate_cols" "mutate.data.frame" "mutate" ".External2" "%>%" 
"ifelse" ".Call" "eval" "mask$eval_all_mutate" "mutate_col" "withCallingHandlers" "mutate_cols" "mutate.data.frame" "mutate" ".External2" "%>%" 
"ifelse" ".Call" "eval" "mask$eval_all_mutate" "mutate_col" "withCallingHandlers" "mutate_cols" "mutate.data.frame" "mutate" ".External2" "%>%" 
"ifelse" ".Call" "eval" "mask$eval_all_mutate" "mutate_col" "withCallingHandlers" "mutate_cols" "mutate.data.frame" "mutate" ".External2" "%>%" 
"ifelse" ".Call" "eval" "mask$eval_all_mutate" "mutate_col" "withCallingHandlers" "mutate_cols" "mutate.data.frame" "mutate" ".External2" "%>%" 
"ifelse" ".Call" "eval" "mask$eval_all_mutate" "mutate_col" "withCallingHandlers" "mutate_cols" "mutate.data.frame" "mutate" ".External2" "%>%" 
"ifelse" ".Call" "eval" "mask$eval_all_mutate" "mutate_col" "withCallingHandlers" "mutate_cols" "mutate.data.frame" "mutate" ".External2" "%>%" 
"ifelse" ".Call" "eval" "mask$eval_all_mutate" "mutate_col" "withCallingHandlers" "mutate_cols" "mutate.data.frame" "mutate" ".External2" "%>%" 
"ifelse" ".Call" "eval" "mask$eval_all_mutate" "mutate_col" "withCallingHandlers" "mutate_cols" "mutate.data.frame" "mutate" ".External2" "%>%" 
"ifelse" ".Call" "eval" "mask$eval_all_mutate" "mutate_col" "withCallingHandlers" "mutate_cols" "mutate.data.frame" "mutate" ".External2" "%>%" 
"ifelse" ".Call" "eval" "mask$eval_all_mutate" "mutate_col" "withCallingHandlers" "mutate_cols" "mutate.data.frame" "mutate" ".External2" "%>%" 
"ifelse" ".Call" "eval" "mask$eval_all_mutate" "mutate_col" "withCallingHandlers" "mutate_cols" "mutate.data.frame" "mutate" ".External2" "%>%" 
"ifelse" ".Call" "eval" "mask$eval_all_mutate" "mutate_col" "withCallingHandlers" "mutate_cols" "mutate.data.frame" "mutate" ".External2" "%>%" 
"ifelse" ".Call" "eval" "mask$eval_all_mutate" "mutate_col" "withCallingHandlers" "mutate_cols" "mutate.data.frame" "mutate" ".External2" "%>%" 
"ifelse" ".Call" "eval" "mask$eval_all_mutate" "mutate_col" "withCallingHandlers" "mutate_cols" "mutate.data.frame" "mutate" ".External2" "%>%" 
"ifelse" ".Call" "eval" "mask$eval_all_mutate" "mutate_col" "withCallingHandlers" "mutate_cols" "mutate.data.frame" "mutate" ".External2" "%>%" 
"ifelse" ".Call" "eval" "mask$eval_all_mutate" "mutate_col" "withCallingHandlers" "mutate_cols" "mutate.data.frame" "mutate" ".External2" "%>%" 
"ifelse" ".Call" "eval" "mask$eval_all_mutate" "mutate_col" "withCallingHandlers" "mutate_cols" "mutate.data.frame" "mutate" ".External2" "%>%" 
"ifelse" ".Call" "eval" "mask$eval_all_mutate" "mutate_col" "withCallingHandlers" "mutate_cols" "mutate.data.frame" "mutate" ".External2" "%>%" 
"ifelse" ".Call" "eval" "mask$eval_all_mutate" "mutate_col" "withCallingHandlers" "mutate_cols" "mutate.data.frame" "mutate" ".External2" "%>%" 
"ifelse" ".Call" "eval" "mask$eval_all_mutate" "mutate_col" "withCallingHandlers" "mutate_cols" "mutate.data.frame" "mutate" ".External2" "%>%" 
"ifelse" ".Call" "eval" "mask$eval_all_mutate" "mutate_col" "withCallingHandlers" "mutate_cols" "mutate.data.frame" "mutate" ".External2" "%>%" 
"ifelse" ".Call" "eval" "mask$eval_all_mutate" "mutate_col" "withCallingHandlers" "mutate_cols" "mutate.data.frame" "mutate" ".External2" "%>%" 
"ifelse" ".Call" "eval" "mask$eval_all_mutate" "mutate_col" "withCallingHandlers" "mutate_cols" "mutate.data.frame" "mutate" ".External2" "%>%" 
"ifelse" ".Call" "eval" "mask$eval_all_mutate" "mutate_col" "withCallingHandlers" "mutate_cols" "mutate.data.frame" "mutate" ".External2" "%>%" 
"ifelse" ".Call" "eval" "mask$eval_all_mutate" "mutate_col" "withCallingHandlers" "mutate_cols" "mutate.data.frame" "mutate" ".External2" "%>%" 
"ifelse" ".Call" "eval" "mask$eval_all_mutate" "mutate_col" "withCallingHandlers" "mutate_cols" "mutate.data.frame" "mutate" ".External2" "%>%" 
"ifelse" ".Call" "eval" "mask$eval_all_mutate" "mutate_col" "withCallingHandlers" "mutate_cols" "mutate.data.frame" "mutate" ".External2" "%>%" 
"ifelse" ".Call" "eval" "mask$eval_all_mutate" "mutate_col" "withCallingHandlers" "mutate_cols" "mutate.data.frame" "mutate" ".External2" "%>%" 
"ifelse" ".Call" "eval" "mask$eval_all_mutate" "mutate_col" "withCallingHandlers" "mutate_cols" "mutate.data.frame" "mutate" ".External2" "%>%" 
"ifelse" ".Call" "eval" "mask$eval_all_mutate" "mutate_col" "withCallingHandlers" "mutate_cols" "mutate.data.frame" "mutate" ".External2" "%>%" 
"ifelse" ".Call" "eval" "mask$eval_all_mutate" "mutate_col" "withCallingHandlers" "mutate_cols" "mutate.data.frame" "mutate" ".External2" "%>%" 
"ifelse" ".Call" "eval" "mask$eval_all_mutate" "mutate_col" "withCallingHandlers" "mutate_cols" "mutate.data.frame" "mutate" ".External2" "%>%" 
"ifelse" ".Call" "eval" "mask$eval_all_mutate" "mutate_col" "withCallingHandlers" "mutate_cols" "mutate.data.frame" "mutate" ".External2" "%>%" 
"ifelse" ".Call" "eval" "mask$eval_all_mutate" "mutate_col" "withCallingHandlers" "mutate_cols" "mutate.data.frame" "mutate" ".External2" "%>%" 
"ifelse" ".Call" "eval" "mask$eval_all_mutate" "mutate_col" "withCallingHandlers" "mutate_cols" "mutate.data.frame" "mutate" ".External2" "%>%" 
"ifelse" ".Call" "eval" "mask$eval_all_mutate" "mutate_col" "withCallingHandlers" "mutate_cols" "mutate.data.frame" "mutate" ".External2" "%>%" 
"ifelse" ".Call" "eval" "mask$eval_all_mutate" "mutate_col" "withCallingHandlers" "mutate_cols" "mutate.data.frame" "mutate" ".External2" "%>%" 
"ifelse" ".Call" "eval" "mask$eval_all_mutate" "mutate_col" "withCallingHandlers" "mutate_cols" "mutate.data.frame" "mutate" ".External2" "%>%" 
"ifelse" ".Call" "eval" "mask$eval_all_mutate" "mutate_col" "withCallingHandlers" "mutate_cols" "mutate.data.frame" "mutate" ".External2" "%>%" 
"ifelse" ".Call" "eval" "mask$eval_all_mutate" "mutate_col" "withCallingHandlers" "mutate_cols" "mutate.data.frame" "mutate" ".External2" "%>%" 
"ifelse" ".Call" "eval" "mask$eval_all_mutate" "mutate_col" "withCallingHandlers" "mutate_cols" "mutate.data.frame" "mutate" ".External2" "%>%" 
"ifelse" ".Call" "eval" "mask$eval_all_mutate" "mutate_col" "withCallingHandlers" "mutate_cols" "mutate.data.frame" "mutate" ".External2" "%>%" 
"ifelse" ".Call" "eval" "mask$eval_all_mutate" "mutate_col" "withCallingHandlers" "mutate_cols" "mutate.data.frame" "mutate" ".External2" "%>%" 
"ifelse" ".Call" "eval" "mask$eval_all_mutate" "mutate_col" "withCallingHandlers" "mutate_cols" "mutate.data.frame" "mutate" ".External2" "%>%" 
"ifelse" ".Call" "eval" "mask$eval_all_mutate" "mutate_col" "withCallingHandlers" "mutate_cols" "mutate.data.frame" "mutate" ".External2" "%>%" 
"ifelse" ".Call" "eval" "mask$eval_all_mutate" "mutate_col" "withCallingHandlers" "mutate_cols" "mutate.data.frame" "mutate" ".External2" "%>%" 
"ifelse" ".Call" "eval" "mask$eval_all_mutate" "mutate_col" "withCallingHandlers" "mutate_cols" "mutate.data.frame" "mutate" ".External2" "%>%" 
"ifelse" ".Call" "eval" "mask$eval_all_mutate" "mutate_col" "withCallingHandlers" "mutate_cols" "mutate.data.frame" "mutate" ".External2" "%>%" 
"ifelse" ".Call" "eval" "mask$eval_all_mutate" "mutate_col" "withCallingHandlers" "mutate_cols" "mutate.data.frame" "mutate" ".External2" "%>%" 
"ifelse" ".Call" "eval" "mask$eval_all_mutate" "mutate_col" "withCallingHandlers" "mutate_cols" "mutate.data.frame" "mutate" ".External2" "%>%" 
"ifelse" ".Call" "eval" "mask$eval_all_mutate" "mutate_col" "withCallingHandlers" "mutate_cols" "mutate.data.frame" "mutate" ".External2" "%>%" 
"ifelse" ".Call" "eval" "mask$eval_all_mutate" "mutate_col" "withCallingHandlers" "mutate_cols" "mutate.data.frame" "mutate" ".External2" "%>%" 
"ifelse" ".Call" "eval" "mask$eval_all_mutate" "mutate_col" "withCallingHandlers" "mutate_cols" "mutate.data.frame" "mutate" ".External2" "%>%" 
"ifelse" ".Call" "eval" "mask$eval_all_mutate" "mutate_col" "withCallingHandlers" "mutate_cols" "mutate.data.frame" "mutate" ".External2" "%>%" 
"ifelse" ".Call" "eval" "mask$eval_all_mutate" "mutate_col" "withCallingHandlers" "mutate_cols" "mutate.data.frame" "mutate" ".External2" "%>%" 
"ifelse" ".Call" "eval" "mask$eval_all_mutate" "mutate_col" "withCallingHandlers" "mutate_cols" "mutate.data.frame" "mutate" ".External2" "%>%" 
"ifelse" ".Call" "eval" "mask$eval_all_mutate" "mutate_col" "withCallingHandlers" "mutate_cols" "mutate.data.frame" "mutate" ".External2" "%>%" 
"ifelse" ".Call" "eval" "mask$eval_all_mutate" "mutate_col" "withCallingHandlers" "mutate_cols" "mutate.data.frame" "mutate" ".External2" "%>%" 
"ifelse" ".Call" "eval" "mask$eval_all_mutate" "mutate_col" "withCallingHandlers" "mutate_cols" "mutate.data.frame" "mutate" ".External2" "%>%" 
"ifelse" ".Call" "eval" "mask$eval_all_mutate" "mutate_col" "withCallingHandlers" "mutate_cols" "mutate.data.frame" "mutate" ".External2" "%>%" 
"ifelse" ".Call" "eval" "mask$eval_all_mutate" "mutate_col" "withCallingHandlers" "mutate_cols" "mutate.data.frame" "mutate" ".External2" "%>%" 
"ifelse" ".Call" "eval" "mask$eval_all_mutate" "mutate_col" "withCallingHandlers" "mutate_cols" "mutate.data.frame" "mutate" ".External2" "%>%" 
"ifelse" ".Call" "eval" "mask$eval_all_mutate" "mutate_col" "withCallingHandlers" "mutate_cols" "mutate.data.frame" "mutate" ".External2" "%>%" 
"ifelse" ".Call" "eval" "mask$eval_all_mutate" "mutate_col" "withCallingHandlers" "mutate_cols" "mutate.data.frame" "mutate" ".External2" "%>%" 
"ifelse" ".Call" "eval" "mask$eval_all_mutate" "mutate_col" "withCallingHandlers" "mutate_cols" "mutate.data.frame" "mutate" ".External2" "%>%" 
"match" ".Call" "eval" "mask$eval_all_mutate" "mutate_col" "withCallingHandlers" "mutate_cols" "mutate.data.frame" "mutate" ".External2" "%>%" 
"match" ".Call" "eval" "mask$eval_all_mutate" "mutate_col" "withCallingHandlers" "mutate_cols" "mutate.data.frame" "mutate" ".External2" "%>%" 
"match" ".Call" "eval" "mask$eval_all_mutate" "mutate_col" "withCallingHandlers" "mutate_cols" "mutate.data.frame" "mutate" ".External2" "%>%" 
"match" ".Call" "eval" "mask$eval_all_mutate" "mutate_col" "withCallingHandlers" "mutate_cols" "mutate.data.frame" "mutate" ".External2" "%>%" 
"match" ".Call" "eval" "mask$eval_all_mutate" "mutate_col" "withCallingHandlers" "mutate_cols" "mutate.data.frame" "mutate" ".External2" "%>%" 
"match" ".Call" "eval" "mask$eval_all_mutate" "mutate_col" "withCallingHandlers" "mutate_cols" "mutate.data.frame" "mutate" ".External2" "%>%" 
"match" ".Call" "eval" "mask$eval_all_mutate" "mutate_col" "withCallingHandlers" "mutate_cols" "mutate.data.frame" "mutate" ".External2" "%>%" 
"match" ".Call" "eval" "mask$eval_all_mutate" "mutate_col" "withCallingHandlers" "mutate_cols" "mutate.data.frame" "mutate" ".External2" "%>%" 
"match" ".Call" "eval" "mask$eval_all_mutate" "mutate_col" "withCallingHandlers" "mutate_cols" "mutate.data.frame" "mutate" ".External2" "%>%" 
"match" ".Call" "eval" "mask$eval_all_mutate" "mutate_col" "withCallingHandlers" "mutate_cols" "mutate.data.frame" "mutate" ".External2" "%>%" 
"match" ".Call" "eval" "mask$eval_all_mutate" "mutate_col" "withCallingHandlers" "mutate_cols" "mutate.data.frame" "mutate" ".External2" "%>%" 
"match" ".Call" "eval" "mask$eval_all_mutate" "mutate_col" "withCallingHandlers" "mutate_cols" "mutate.data.frame" "mutate" ".External2" "%>%" 
"match" ".Call" "eval" "mask$eval_all_mutate" "mutate_col" "withCallingHandlers" "mutate_cols" "mutate.data.frame" "mutate" ".External2" "%>%" 
"match" ".Call" "eval" "mask$eval_all_mutate" "mutate_col" "withCallingHandlers" "mutate_cols" "mutate.data.frame" "mutate" ".External2" "%>%" 
"match" ".Call" "eval" "mask$eval_all_mutate" "mutate_col" "withCallingHandlers" "mutate_cols" "mutate.data.frame" "mutate" ".External2" "%>%" 
"match" ".Call" "eval" "mask$eval_all_mutate" "mutate_col" "withCallingHandlers" "mutate_cols" "mutate.data.frame" "mutate" ".External2" "%>%" 
"match" ".Call" "eval" "mask$eval_all_mutate" "mutate_col" "withCallingHandlers" "mutate_cols" "mutate.data.frame" "mutate" ".External2" "%>%" 
"match" ".Call" "eval" "mask$eval_all_mutate" "mutate_col" "withCallingHandlers" "mutate_cols" "mutate.data.frame" "mutate" ".External2" "%>%" 
"match" ".Call" "eval" "mask$eval_all_mutate" "mutate_col" "withCallingHandlers" "mutate_cols" "mutate.data.frame" "mutate" ".External2" "%>%" 
"match" ".Call" "eval" "mask$eval_all_mutate" "mutate_col" "withCallingHandlers" "mutate_cols" "mutate.data.frame" "mutate" ".External2" "%>%" 
"match" ".Call" "eval" "mask$eval_all_mutate" "mutate_col" "withCallingHandlers" "mutate_cols" "mutate.data.frame" "mutate" ".External2" "%>%" 
"match" ".Call" "eval" "mask$eval_all_mutate" "mutate_col" "withCallingHandlers" "mutate_cols" "mutate.data.frame" "mutate" ".External2" "%>%" 
"match" ".Call" "eval" "mask$eval_all_mutate" "mutate_col" "withCallingHandlers" "mutate_cols" "mutate.data.frame" "mutate" ".External2" "%>%" 
"match" ".Call" "eval" "mask$eval_all_mutate" "mutate_col" "withCallingHandlers" "mutate_cols" "mutate.data.frame" "mutate" ".External2" "%>%" 
"match" ".Call" "eval" "mask$eval_all_mutate" "mutate_col" "withCallingHandlers" "mutate_cols" "mutate.data.frame" "mutate" ".External2" "%>%" 
"match" ".Call" "eval" "mask$eval_all_mutate" "mutate_col" "withCallingHandlers" "mutate_cols" "mutate.data.frame" "mutate" ".External2" "%>%" 
"match" ".Call" "eval" "mask$eval_all_mutate" "mutate_col" "withCallingHandlers" "mutate_cols" "mutate.data.frame" "mutate" ".External2" "%>%" 
"match" ".Call" "eval" "mask$eval_all_mutate" "mutate_col" "withCallingHandlers" "mutate_cols" "mutate.data.frame" "mutate" ".External2" "%>%" 
"match" ".Call" "eval" "mask$eval_all_mutate" "mutate_col" "withCallingHandlers" "mutate_cols" "mutate.data.frame" "mutate" ".External2" "%>%" 
"match" ".Call" "eval" "mask$eval_all_mutate" "mutate_col" "withCallingHandlers" "mutate_cols" "mutate.data.frame" "mutate" ".External2" "%>%" 
"match" ".Call" "eval" "mask$eval_all_mutate" "mutate_col" "withCallingHandlers" "mutate_cols" "mutate.data.frame" "mutate" ".External2" "%>%" 
"match" ".Call" "eval" "mask$eval_all_mutate" "mutate_col" "withCallingHandlers" "mutate_cols" "mutate.data.frame" "mutate" ".External2" "%>%" 
"match" ".Call" "eval" "mask$eval_all_mutate" "mutate_col" "withCallingHandlers" "mutate_cols" "mutate.data.frame" "mutate" ".External2" "%>%" 
"match" ".Call" "eval" "mask$eval_all_mutate" "mutate_col" "withCallingHandlers" "mutate_cols" "mutate.data.frame" "mutate" ".External2" "%>%" 
"match" ".Call" "eval" "mask$eval_all_mutate" "mutate_col" "withCallingHandlers" "mutate_cols" "mutate.data.frame" "mutate" ".External2" "%>%" 
"match" ".Call" "eval" "mask$eval_all_mutate" "mutate_col" "withCallingHandlers" "mutate_cols" "mutate.data.frame" "mutate" ".External2" "%>%" 
"match" ".Call" "eval" "mask$eval_all_mutate" "mutate_col" "withCallingHandlers" "mutate_cols" "mutate.data.frame" "mutate" ".External2" "%>%" 
"match" ".Call" "eval" "mask$eval_all_mutate" "mutate_col" "withCallingHandlers" "mutate_cols" "mutate.data.frame" "mutate" ".External2" "%>%" 
"match" ".Call" "eval" "mask$eval_all_mutate" "mutate_col" "withCallingHandlers" "mutate_cols" "mutate.data.frame" "mutate" ".External2" "%>%" 
"match" ".Call" "eval" "mask$eval_all_mutate" "mutate_col" "withCallingHandlers" "mutate_cols" "mutate.data.frame" "mutate" ".External2" "%>%" 
"match" ".Call" "eval" "mask$eval_all_mutate" "mutate_col" "withCallingHandlers" "mutate_cols" "mutate.data.frame" "mutate" ".External2" "%>%" 
"match" ".Call" "eval" "mask$eval_all_mutate" "mutate_col" "withCallingHandlers" "mutate_cols" "mutate.data.frame" "mutate" ".External2" "%>%" 
"match" ".Call" "eval" "mask$eval_all_mutate" "mutate_col" "withCallingHandlers" "mutate_cols" "mutate.data.frame" "mutate" ".External2" "%>%" 
"match" ".Call" "eval" "mask$eval_all_mutate" "mutate_col" "withCallingHandlers" "mutate_cols" "mutate.data.frame" "mutate" ".External2" "%>%" 
"match" ".Call" "eval" "mask$eval_all_mutate" "mutate_col" "withCallingHandlers" "mutate_cols" "mutate.data.frame" "mutate" ".External2" "%>%" 
"match" ".Call" "eval" "mask$eval_all_mutate" "mutate_col" "withCallingHandlers" "mutate_cols" "mutate.data.frame" "mutate" ".External2" "%>%" 
".Call" "eval" "mask$eval_all_mutate" "mutate_col" "withCallingHandlers" "mutate_cols" "mutate.data.frame" "mutate" ".External2" "%>%" 
".Call" "eval" "mask$eval_all_mutate" "mutate_col" "withCallingHandlers" "mutate_cols" "mutate.data.frame" "mutate" ".External2" "%>%" 
".Call" "eval" "mask$eval_all_mutate" "mutate_col" "withCallingHandlers" "mutate_cols" "mutate.data.frame" "mutate" ".External2" "%>%" 
".Call" "eval" "mask$eval_all_mutate" "mutate_col" "withCallingHandlers" "mutate_cols" "mutate.data.frame" "mutate" ".External2" "%>%" 
".Call" "eval" "mask$eval_all_mutate" "mutate_col" "withCallingHandlers" "mutate_cols" "mutate.data.frame" "mutate" ".External2" "%>%" 
".Call" "eval" "mask$eval_all_mutate" "mutate_col" "withCallingHandlers" "mutate_cols" "mutate.data.frame" "mutate" ".External2" "%>%" 
".Call" "eval" "mask$eval_all_mutate" "mutate_col" "withCallingHandlers" "mutate_cols" "mutate.data.frame" "mutate" ".External2" "%>%" 
".Call" "eval" "mask$eval_all_mutate" "mutate_col" "withCallingHandlers" "mutate_cols" "mutate.data.frame" "mutate" ".External2" "%>%" 
".Call" "eval" "mask$eval_all_mutate" "mutate_col" "withCallingHandlers" "mutate_cols" "mutate.data.frame" "mutate" ".External2" "%>%" 
".Call" "eval" "mask$eval_all_mutate" "mutate_col" "withCallingHandlers" "mutate_cols" "mutate.data.frame" "mutate" ".External2" "%>%" 
".Call" "eval" "mask$eval_all_mutate" "mutate_col" "withCallingHandlers" "mutate_cols" "mutate.data.frame" "mutate" ".External2" "%>%" 
".Call" "eval" "mask$eval_all_mutate" "mutate_col" "withCallingHandlers" "mutate_cols" "mutate.data.frame" "mutate" ".External2" "%>%" 
".Call" "eval" "mask$eval_all_mutate" "mutate_col" "withCallingHandlers" "mutate_cols" "mutate.data.frame" "mutate" ".External2" "%>%" 
".Call" "eval" "mask$eval_all_mutate" "mutate_col" "withCallingHandlers" "mutate_cols" "mutate.data.frame" "mutate" ".External2" "%>%" 
".Call" "eval" "mask$eval_all_mutate" "mutate_col" "withCallingHandlers" "mutate_cols" "mutate.data.frame" "mutate" ".External2" "%>%" 
".Call" "eval" "mask$eval_all_mutate" "mutate_col" "withCallingHandlers" "mutate_cols" "mutate.data.frame" "mutate" ".External2" "%>%" 
".Call" "eval" "mask$eval_all_mutate" "mutate_col" "withCallingHandlers" "mutate_cols" "mutate.data.frame" "mutate" ".External2" "%>%" 
".Call" "eval" "mask$eval_all_mutate" "mutate_col" "withCallingHandlers" "mutate_cols" "mutate.data.frame" "mutate" ".External2" "%>%" 
".Call" "eval" "mask$eval_all_mutate" "mutate_col" "withCallingHandlers" "mutate_cols" "mutate.data.frame" "mutate" ".External2" "%>%" 
".Call" "eval" "mask$eval_all_mutate" "mutate_col" "withCallingHandlers" "mutate_cols" "mutate.data.frame" "mutate" ".External2" "%>%" 
"match" ".Call" "eval" "mask$eval_all_mutate" "mutate_col" "withCallingHandlers" "mutate_cols" "mutate.data.frame" "mutate" ".External2" "%>%" 
"match" ".Call" "eval" "mask$eval_all_mutate" "mutate_col" "withCallingHandlers" "mutate_cols" "mutate.data.frame" "mutate" ".External2" "%>%" 
"match" ".Call" "eval" "mask$eval_all_mutate" "mutate_col" "withCallingHandlers" "mutate_cols" "mutate.data.frame" "mutate" ".External2" "%>%" 
"match" ".Call" "eval" "mask$eval_all_mutate" "mutate_col" "withCallingHandlers" "mutate_cols" "mutate.data.frame" "mutate" ".External2" "%>%" 
"match" ".Call" "eval" "mask$eval_all_mutate" "mutate_col" "withCallingHandlers" "mutate_cols" "mutate.data.frame" "mutate" ".External2" "%>%" 
"match" ".Call" "eval" "mask$eval_all_mutate" "mutate_col" "withCallingHandlers" "mutate_cols" "mutate.data.frame" "mutate" ".External2" "%>%" 
"match" ".Call" "eval" "mask$eval_all_mutate" "mutate_col" "withCallingHandlers" "mutate_cols" "mutate.data.frame" "mutate" ".External2" "%>%" 
"match" ".Call" "eval" "mask$eval_all_mutate" "mutate_col" "withCallingHandlers" "mutate_cols" "mutate.data.frame" "mutate" ".External2" "%>%" 
"match" ".Call" "eval" "mask$eval_all_mutate" "mutate_col" "withCallingHandlers" "mutate_cols" "mutate.data.frame" "mutate" ".External2" "%>%" 
"match" ".Call" "eval" "mask$eval_all_mutate" "mutate_col" "withCallingHandlers" "mutate_cols" "mutate.data.frame" "mutate" ".External2" "%>%" 
"match" ".Call" "eval" "mask$eval_all_mutate" "mutate_col" "withCallingHandlers" "mutate_cols" "mutate.data.frame" "mutate" ".External2" "%>%" 
"match" ".Call" "eval" "mask$eval_all_mutate" "mutate_col" "withCallingHandlers" "mutate_cols" "mutate.data.frame" "mutate" ".External2" "%>%" 
"match" ".Call" "eval" "mask$eval_all_mutate" "mutate_col" "withCallingHandlers" "mutate_cols" "mutate.data.frame" "mutate" ".External2" "%>%" 
"match" ".Call" "eval" "mask$eval_all_mutate" "mutate_col" "withCallingHandlers" "mutate_cols" "mutate.data.frame" "mutate" ".External2" "%>%" 
"match" ".Call" "eval" "mask$eval_all_mutate" "mutate_col" "withCallingHandlers" "mutate_cols" "mutate.data.frame" "mutate" ".External2" "%>%" 
"match" ".Call" "eval" "mask$eval_all_mutate" "mutate_col" "withCallingHandlers" "mutate_cols" "mutate.data.frame" "mutate" ".External2" "%>%" 
"match" ".Call" "eval" "mask$eval_all_mutate" "mutate_col" "withCallingHandlers" "mutate_cols" "mutate.data.frame" "mutate" ".External2" "%>%" 
"match" ".Call" "eval" "mask$eval_all_mutate" "mutate_col" "withCallingHandlers" "mutate_cols" "mutate.data.frame" "mutate" ".External2" "%>%" 
"match" ".Call" "eval" "mask$eval_all_mutate" "mutate_col" "withCallingHandlers" "mutate_cols" "mutate.data.frame" "mutate" ".External2" "%>%" 
"match" ".Call" "eval" "mask$eval_all_mutate" "mutate_col" "withCallingHandlers" "mutate_cols" "mutate.data.frame" "mutate" ".External2" "%>%" 
"match" ".Call" "eval" "mask$eval_all_mutate" "mutate_col" "withCallingHandlers" "mutate_cols" "mutate.data.frame" "mutate" ".External2" "%>%" 
"match" ".Call" "eval" "mask$eval_all_mutate" "mutate_col" "withCallingHandlers" "mutate_cols" "mutate.data.frame" "mutate" ".External2" "%>%" 
"match" ".Call" "eval" "mask$eval_all_mutate" "mutate_col" "withCallingHandlers" "mutate_cols" "mutate.data.frame" "mutate" ".External2" "%>%" 
"match" ".Call" "eval" "mask$eval_all_mutate" "mutate_col" "withCallingHandlers" "mutate_cols" "mutate.data.frame" "mutate" ".External2" "%>%" 
"match" ".Call" "eval" "mask$eval_all_mutate" "mutate_col" "withCallingHandlers" "mutate_cols" "mutate.data.frame" "mutate" ".External2" "%>%" 
"match" ".Call" "eval" "mask$eval_all_mutate" "mutate_col" "withCallingHandlers" "mutate_cols" "mutate.data.frame" "mutate" ".External2" "%>%" 
"match" ".Call" "eval" "mask$eval_all_mutate" "mutate_col" "withCallingHandlers" "mutate_cols" "mutate.data.frame" "mutate" ".External2" "%>%" 
"match" ".Call" "eval" "mask$eval_all_mutate" "mutate_col" "withCallingHandlers" "mutate_cols" "mutate.data.frame" "mutate" ".External2" "%>%" 
"match" ".Call" "eval" "mask$eval_all_mutate" "mutate_col" "withCallingHandlers" "mutate_cols" "mutate.data.frame" "mutate" ".External2" "%>%" 
"match" ".Call" "eval" "mask$eval_all_mutate" "mutate_col" "withCallingHandlers" "mutate_cols" "mutate.data.frame" "mutate" ".External2" "%>%" 
"match" ".Call" "eval" "mask$eval_all_mutate" "mutate_col" "withCallingHandlers" "mutate_cols" "mutate.data.frame" "mutate" ".External2" "%>%" 
"match" ".Call" "eval" "mask$eval_all_mutate" "mutate_col" "withCallingHandlers" "mutate_cols" "mutate.data.frame" "mutate" ".External2" "%>%" 
"match" ".Call" "eval" "mask$eval_all_mutate" "mutate_col" "withCallingHandlers" "mutate_cols" "mutate.data.frame" "mutate" ".External2" "%>%" 
"match" ".Call" "eval" "mask$eval_all_mutate" "mutate_col" "withCallingHandlers" "mutate_cols" "mutate.data.frame" "mutate" ".External2" "%>%" 
"match" ".Call" "eval" "mask$eval_all_mutate" "mutate_col" "withCallingHandlers" "mutate_cols" "mutate.data.frame" "mutate" ".External2" "%>%" 
"match" ".Call" "eval" "mask$eval_all_mutate" "mutate_col" "withCallingHandlers" "mutate_cols" "mutate.data.frame" "mutate" ".External2" "%>%" 
"match" ".Call" "eval" "mask$eval_all_mutate" "mutate_col" "withCallingHandlers" "mutate_cols" "mutate.data.frame" "mutate" ".External2" "%>%" 
"match" ".Call" "eval" "mask$eval_all_mutate" "mutate_col" "withCallingHandlers" "mutate_cols" "mutate.data.frame" "mutate" ".External2" "%>%" 
"match" ".Call" "eval" "mask$eval_all_mutate" "mutate_col" "withCallingHandlers" "mutate_cols" "mutate.data.frame" "mutate" ".External2" "%>%" 
"match" ".Call" "eval" "mask$eval_all_mutate" "mutate_col" "withCallingHandlers" "mutate_cols" "mutate.data.frame" "mutate" ".External2" "%>%" 
"match" ".Call" "eval" "mask$eval_all_mutate" "mutate_col" "withCallingHandlers" "mutate_cols" "mutate.data.frame" "mutate" ".External2" "%>%" 
"match" ".Call" "eval" "mask$eval_all_mutate" "mutate_col" "withCallingHandlers" "mutate_cols" "mutate.data.frame" "mutate" ".External2" "%>%" 
"match" ".Call" "eval" "mask$eval_all_mutate" "mutate_col" "withCallingHandlers" "mutate_cols" "mutate.data.frame" "mutate" ".External2" "%>%" 
"match" ".Call" "eval" "mask$eval_all_mutate" "mutate_col" "withCallingHandlers" "mutate_cols" "mutate.data.frame" "mutate" ".External2" "%>%" 
"match" ".Call" "eval" "mask$eval_all_mutate" "mutate_col" "withCallingHandlers" "mutate_cols" "mutate.data.frame" "mutate" ".External2" "%>%" 
"match" ".Call" "eval" "mask$eval_all_mutate" "mutate_col" "withCallingHandlers" "mutate_cols" "mutate.data.frame" "mutate" ".External2" "%>%" 
".Call" "eval" "mask$eval_all_mutate" "mutate_col" "withCallingHandlers" "mutate_cols" "mutate.data.frame" "mutate" ".External2" "%>%" 
".Call" "eval" "mask$eval_all_mutate" "mutate_col" "withCallingHandlers" "mutate_cols" "mutate.data.frame" "mutate" ".External2" "%>%" 
".Call" "eval" "mask$eval_all_mutate" "mutate_col" "withCallingHandlers" "mutate_cols" "mutate.data.frame" "mutate" ".External2" "%>%" 
".Call" "eval" "mask$eval_all_mutate" "mutate_col" "withCallingHandlers" "mutate_cols" "mutate.data.frame" "mutate" ".External2" "%>%" 
".Call" "eval" "mask$eval_all_mutate" "mutate_col" "withCallingHandlers" "mutate_cols" "mutate.data.frame" "mutate" ".External2" "%>%" 
".Call" "eval" "mask$eval_all_mutate" "mutate_col" "withCallingHandlers" "mutate_cols" "mutate.data.frame" "mutate" ".External2" "%>%" 
".Call" "eval" "mask$eval_all_mutate" "mutate_col" "withCallingHandlers" "mutate_cols" "mutate.data.frame" "mutate" ".External2" "%>%" 
".Call" "eval" "mask$eval_all_mutate" "mutate_col" "withCallingHandlers" "mutate_cols" "mutate.data.frame" "mutate" ".External2" "%>%" 
".Call" "eval" "mask$eval_all_mutate" "mutate_col" "withCallingHandlers" "mutate_cols" "mutate.data.frame" "mutate" ".External2" "%>%" 
".Call" "eval" "mask$eval_all_mutate" "mutate_col" "withCallingHandlers" "mutate_cols" "mutate.data.frame" "mutate" ".External2" "%>%" 
".Call" "eval" "mask$eval_all_mutate" "mutate_col" "withCallingHandlers" "mutate_cols" "mutate.data.frame" "mutate" ".External2" "%>%" 
".Call" "eval" "mask$eval_all_mutate" "mutate_col" "withCallingHandlers" "mutate_cols" "mutate.data.frame" "mutate" ".External2" "%>%" 
".Call" "eval" "mask$eval_all_mutate" "mutate_col" "withCallingHandlers" "mutate_cols" "mutate.data.frame" "mutate" ".External2" "%>%" 
".Call" "eval" "mask$eval_all_mutate" "mutate_col" "withCallingHandlers" "mutate_cols" "mutate.data.frame" "mutate" ".External2" "%>%" 
".Call" "eval" "mask$eval_all_mutate" "mutate_col" "withCallingHandlers" "mutate_cols" "mutate.data.frame" "mutate" ".External2" "%>%" 
".Call" "eval" "mask$eval_all_mutate" "mutate_col" "withCallingHandlers" "mutate_cols" "mutate.data.frame" "mutate" ".External2" "%>%" 
".Call" "eval" "mask$eval_all_mutate" "mutate_col" "withCallingHandlers" "mutate_cols" "mutate.data.frame" "mutate" ".External2" "%>%" 
".Call" "eval" "mask$eval_all_mutate" "mutate_col" "withCallingHandlers" "mutate_cols" "mutate.data.frame" "mutate" ".External2" "%>%" 
".Call" "eval" "mask$eval_all_mutate" "mutate_col" "withCallingHandlers" "mutate_cols" "mutate.data.frame" "mutate" ".External2" "%>%" 
".Call" "eval" "mask$eval_all_mutate" "mutate_col" "withCallingHandlers" "mutate_cols" "mutate.data.frame" "mutate" ".External2" "%>%" 
".Call" "eval" "mask$eval_all_mutate" "mutate_col" "withCallingHandlers" "mutate_cols" "mutate.data.frame" "mutate" ".External2" "%>%" 
"-" ".Call" "eval" "mask$eval_all_mutate" "mutate_col" "withCallingHandlers" "mutate_cols" "mutate.data.frame" "mutate" ".External2" "%>%" 
"-" ".Call" "eval" "mask$eval_all_mutate" "mutate_col" "withCallingHandlers" "mutate_cols" "mutate.data.frame" "mutate" ".External2" "%>%" 
"-" ".Call" "eval" "mask$eval_all_mutate" "mutate_col" "withCallingHandlers" "mutate_cols" "mutate.data.frame" "mutate" ".External2" "%>%" 
"-" ".Call" "eval" "mask$eval_all_mutate" "mutate_col" "withCallingHandlers" "mutate_cols" "mutate.data.frame" "mutate" ".External2" "%>%" 
"-" ".Call" "eval" "mask$eval_all_mutate" "mutate_col" "withCallingHandlers" "mutate_cols" "mutate.data.frame" "mutate" ".External2" "%>%" 
"-" ".Call" "eval" "mask$eval_all_mutate" "mutate_col" "withCallingHandlers" "mutate_cols" "mutate.data.frame" "mutate" ".External2" "%>%" 
"-" ".Call" "eval" "mask$eval_all_mutate" "mutate_col" "withCallingHandlers" "mutate_cols" "mutate.data.frame" "mutate" ".External2" "%>%" 
"-" ".Call" "eval" "mask$eval_all_mutate" "mutate_col" "withCallingHandlers" "mutate_cols" "mutate.data.frame" "mutate" ".External2" "%>%" 
"-" ".Call" "eval" "mask$eval_all_mutate" "mutate_col" "withCallingHandlers" "mutate_cols" "mutate.data.frame" "mutate" ".External2" "%>%" 
"-" ".Call" "eval" "mask$eval_all_mutate" "mutate_col" "withCallingHandlers" "mutate_cols" "mutate.data.frame" "mutate" ".External2" "%>%" 
"-" ".Call" "eval" "mask$eval_all_mutate" "mutate_col" "withCallingHandlers" "mutate_cols" "mutate.data.frame" "mutate" ".External2" "%>%" 
"-" ".Call" "eval" "mask$eval_all_mutate" "mutate_col" "withCallingHandlers" "mutate_cols" "mutate.data.frame" "mutate" ".External2" "%>%" 
"-" ".Call" "eval" "mask$eval_all_mutate" "mutate_col" "withCallingHandlers" "mutate_cols" "mutate.data.frame" "mutate" ".External2" "%>%" 
"/" ".Call" "eval" "mask$eval_all_mutate" "mutate_col" "withCallingHandlers" "mutate_cols" "mutate.data.frame" "mutate" ".External2" "%>%" 
"/" ".Call" "eval" "mask$eval_all_mutate" "mutate_col" "withCallingHandlers" "mutate_cols" "mutate.data.frame" "mutate" ".External2" "%>%" 
"/" ".Call" "eval" "mask$eval_all_mutate" "mutate_col" "withCallingHandlers" "mutate_cols" "mutate.data.frame" "mutate" ".External2" "%>%" 
"/" ".Call" "eval" "mask$eval_all_mutate" "mutate_col" "withCallingHandlers" "mutate_cols" "mutate.data.frame" "mutate" ".External2" "%>%" 
"/" ".Call" "eval" "mask$eval_all_mutate" "mutate_col" "withCallingHandlers" "mutate_cols" "mutate.data.frame" "mutate" ".External2" "%>%" 
"/" ".Call" "eval" "mask$eval_all_mutate" "mutate_col" "withCallingHandlers" "mutate_cols" "mutate.data.frame" "mutate" ".External2" "%>%" 
"/" ".Call" "eval" "mask$eval_all_mutate" "mutate_col" "withCallingHandlers" "mutate_cols" "mutate.data.frame" "mutate" ".External2" "%>%" 
"utils::str" "...elt" "withVisible" "utils::capture.output" "paste0" "capture_str" "doTryCatch" "tryCatchOne" "tryCatchList" "tryCatch" "try_capture_str" "FUN" "lapply" "inspect_env" "doTryCatch" "tryCatchOne" "tryCatchList" "tryCatch" "cb" 
"str.default" "utils::str" "...elt" "withVisible" "utils::capture.output" "paste0" "capture_str" "doTryCatch" "tryCatchOne" "tryCatchList" "tryCatch" "try_capture_str" "FUN" "lapply" "inspect_env" "doTryCatch" "tryCatchOne" "tryCatchList" "tryCatch" "cb" 
"getClassDef" "is" "num_to_char" ".local" "asJSON" "asJSON" ".local" "FUN" "FUN" "vapply" ".local" "FUN" "FUN" "vapply" ".local" "FUN" "FUN" "vapply" ".local" "asJSON" "asJSON" "jsonlite::toJSON" "jsonlite::write_json" "doTryCatch" "tryCatchOne" "tryCatchList" "tryCatch" "cb" 
".local" "FUN" "FUN" "vapply" ".local" "FUN" "FUN" "vapply" ".local" "FUN" "FUN" "vapply" ".local" "asJSON" "asJSON" "jsonlite::toJSON" "jsonlite::write_json" "doTryCatch" "tryCatchOne" "tryCatchList" "tryCatch" "cb" 
